ARM GAS  C:\Users\jisu8\AppData\Local\Temp\ccmtnd2f.s 			page 1


   1              		.cpu cortex-m0
   2              		.arch armv6s-m
   3              		.fpu softvfp
   4              		.eabi_attribute 20, 1
   5              		.eabi_attribute 21, 1
   6              		.eabi_attribute 23, 3
   7              		.eabi_attribute 24, 1
   8              		.eabi_attribute 25, 1
   9              		.eabi_attribute 26, 1
  10              		.eabi_attribute 30, 1
  11              		.eabi_attribute 34, 0
  12              		.eabi_attribute 18, 4
  13              		.file	"keypad.c"
  14              		.text
  15              	.Ltext0:
  16              		.cfi_sections	.debug_frame
  17              		.section	.text.Key_Scan,"ax",%progbits
  18              		.align	1
  19              		.global	Key_Scan
  20              		.syntax unified
  21              		.code	16
  22              		.thumb_func
  24              	Key_Scan:
  25              	.LFB40:
  26              		.file 1 "Core/Src/keypad.c"
   1:Core/Src/keypad.c **** #include "keypad.h"
   2:Core/Src/keypad.c **** 
   3:Core/Src/keypad.c **** uint8 keypadnum = KEYPAD_NUM_DEFAULT;
   4:Core/Src/keypad.c **** uint8 row , column;
   5:Core/Src/keypad.c **** uint32 debounce_counter;
   6:Core/Src/keypad.c **** uint32 debounce_counter1;
   7:Core/Src/keypad.c **** uint8 testread1,testread2,testread3,testread4;
   8:Core/Src/keypad.c **** void Key_Scan(void)
   9:Core/Src/keypad.c **** {
  27              		.loc 1 9 1 view -0
  28              		.cfi_startproc
  29              		@ args = 0, pretend = 0, frame = 0
  30              		@ frame_needed = 0, uses_anonymous_args = 0
  31 0000 70B5     		push	{r4, r5, r6, lr}
  32              	.LCFI0:
  33              		.cfi_def_cfa_offset 16
  34              		.cfi_offset 4, -16
  35              		.cfi_offset 5, -12
  36              		.cfi_offset 6, -8
  37              		.cfi_offset 14, -4
  10:Core/Src/keypad.c **** 	//row = 0 ;
  11:Core/Src/keypad.c **** 	switch(column)
  38              		.loc 1 11 2 view .LVU1
  39 0002 754B     		ldr	r3, .L44
  40 0004 1B78     		ldrb	r3, [r3]
  41 0006 022B     		cmp	r3, #2
  42 0008 5ED0     		beq	.L2
  43 000a 0FD8     		bhi	.L3
  44 000c 002B     		cmp	r3, #0
  45 000e 1BD0     		beq	.L4
  46 0010 012B     		cmp	r3, #1
  47 0012 24D1     		bne	.L6
ARM GAS  C:\Users\jisu8\AppData\Local\Temp\ccmtnd2f.s 			page 2


  12:Core/Src/keypad.c **** 	{
  13:Core/Src/keypad.c **** 
  14:Core/Src/keypad.c **** 		case(0) :
  15:Core/Src/keypad.c **** 		    HAL_GPIO_WritePin(GPIOC,GPIO_PIN_4,GPIO_PIN_RESET);
  16:Core/Src/keypad.c **** 			HAL_GPIO_WritePin(GPIOC,GPIO_PIN_5|GPIO_PIN_6|GPIO_PIN_7,GPIO_PIN_SET);
  17:Core/Src/keypad.c **** 		break;
  18:Core/Src/keypad.c **** 		case(1) :
  19:Core/Src/keypad.c **** 			HAL_GPIO_WritePin(GPIOC,GPIO_PIN_5,GPIO_PIN_RESET);
  48              		.loc 1 19 4 view .LVU2
  49 0014 714C     		ldr	r4, .L44+4
  50 0016 0022     		movs	r2, #0
  51 0018 2021     		movs	r1, #32
  52 001a 2000     		movs	r0, r4
  53 001c FFF7FEFF 		bl	HAL_GPIO_WritePin
  54              	.LVL0:
  20:Core/Src/keypad.c **** 			HAL_GPIO_WritePin(GPIOC,GPIO_PIN_4|GPIO_PIN_6|GPIO_PIN_7,GPIO_PIN_SET);
  55              		.loc 1 20 4 view .LVU3
  56 0020 0122     		movs	r2, #1
  57 0022 D021     		movs	r1, #208
  58 0024 2000     		movs	r0, r4
  59 0026 FFF7FEFF 		bl	HAL_GPIO_WritePin
  60              	.LVL1:
  21:Core/Src/keypad.c **** 		break;
  61              		.loc 1 21 3 view .LVU4
  62 002a 18E0     		b	.L6
  63              	.L3:
  11:Core/Src/keypad.c **** 	{
  64              		.loc 1 11 2 is_stmt 0 view .LVU5
  65 002c 032B     		cmp	r3, #3
  66 002e 16D1     		bne	.L6
  22:Core/Src/keypad.c **** 		case(2) :
  23:Core/Src/keypad.c **** 			HAL_GPIO_WritePin(GPIOC,GPIO_PIN_6,GPIO_PIN_RESET);
  24:Core/Src/keypad.c **** 			HAL_GPIO_WritePin(GPIOC,GPIO_PIN_4|GPIO_PIN_5|GPIO_PIN_7,GPIO_PIN_SET);
  25:Core/Src/keypad.c **** 		break;
  26:Core/Src/keypad.c **** 		case(3) :
  27:Core/Src/keypad.c **** 			HAL_GPIO_WritePin(GPIOC,GPIO_PIN_7,GPIO_PIN_RESET);
  67              		.loc 1 27 4 is_stmt 1 view .LVU6
  68 0030 6A4C     		ldr	r4, .L44+4
  69 0032 0022     		movs	r2, #0
  70 0034 8021     		movs	r1, #128
  71 0036 2000     		movs	r0, r4
  72 0038 FFF7FEFF 		bl	HAL_GPIO_WritePin
  73              	.LVL2:
  28:Core/Src/keypad.c **** 			HAL_GPIO_WritePin(GPIOC,GPIO_PIN_4|GPIO_PIN_5|GPIO_PIN_6,GPIO_PIN_SET);
  74              		.loc 1 28 4 view .LVU7
  75 003c 0122     		movs	r2, #1
  76 003e 7021     		movs	r1, #112
  77 0040 2000     		movs	r0, r4
  78 0042 FFF7FEFF 		bl	HAL_GPIO_WritePin
  79              	.LVL3:
  29:Core/Src/keypad.c **** 		break;
  80              		.loc 1 29 3 view .LVU8
  81 0046 0AE0     		b	.L6
  82              	.L4:
  15:Core/Src/keypad.c **** 			HAL_GPIO_WritePin(GPIOC,GPIO_PIN_5|GPIO_PIN_6|GPIO_PIN_7,GPIO_PIN_SET);
  83              		.loc 1 15 7 view .LVU9
  84 0048 644C     		ldr	r4, .L44+4
ARM GAS  C:\Users\jisu8\AppData\Local\Temp\ccmtnd2f.s 			page 3


  85 004a 0022     		movs	r2, #0
  86 004c 1021     		movs	r1, #16
  87 004e 2000     		movs	r0, r4
  88 0050 FFF7FEFF 		bl	HAL_GPIO_WritePin
  89              	.LVL4:
  16:Core/Src/keypad.c **** 		break;
  90              		.loc 1 16 4 view .LVU10
  91 0054 0122     		movs	r2, #1
  92 0056 E021     		movs	r1, #224
  93 0058 2000     		movs	r0, r4
  94 005a FFF7FEFF 		bl	HAL_GPIO_WritePin
  95              	.LVL5:
  17:Core/Src/keypad.c **** 		case(1) :
  96              		.loc 1 17 3 view .LVU11
  97              	.L6:
  30:Core/Src/keypad.c **** 		default :
  31:Core/Src/keypad.c **** 		break;
  32:Core/Src/keypad.c **** 	}
  33:Core/Src/keypad.c **** 
  34:Core/Src/keypad.c **** 	row =	HAL_GPIO_ReadPin(GPIOC,GPIO_PIN_0)		|
  98              		.loc 1 34 2 view .LVU12
  99              		.loc 1 34 8 is_stmt 0 view .LVU13
 100 005e 5F4D     		ldr	r5, .L44+4
 101 0060 0121     		movs	r1, #1
 102 0062 2800     		movs	r0, r5
 103 0064 FFF7FEFF 		bl	HAL_GPIO_ReadPin
 104              	.LVL6:
 105 0068 44B2     		sxtb	r4, r0
  35:Core/Src/keypad.c **** 		   (HAL_GPIO_ReadPin(GPIOC,GPIO_PIN_1)<<1)	|
 106              		.loc 1 35 7 view .LVU14
 107 006a 0221     		movs	r1, #2
 108 006c 2800     		movs	r0, r5
 109 006e FFF7FEFF 		bl	HAL_GPIO_ReadPin
 110              	.LVL7:
 111              		.loc 1 35 41 view .LVU15
 112 0072 4000     		lsls	r0, r0, #1
  34:Core/Src/keypad.c **** 		   (HAL_GPIO_ReadPin(GPIOC,GPIO_PIN_1)<<1)	|
 113              		.loc 1 34 44 view .LVU16
 114 0074 0443     		orrs	r4, r0
 115 0076 64B2     		sxtb	r4, r4
  36:Core/Src/keypad.c **** 		   (HAL_GPIO_ReadPin(GPIOC,GPIO_PIN_2)<<2)	|
 116              		.loc 1 36 7 view .LVU17
 117 0078 0421     		movs	r1, #4
 118 007a 2800     		movs	r0, r5
 119 007c FFF7FEFF 		bl	HAL_GPIO_ReadPin
 120              	.LVL8:
 121              		.loc 1 36 41 view .LVU18
 122 0080 8000     		lsls	r0, r0, #2
  35:Core/Src/keypad.c **** 		   (HAL_GPIO_ReadPin(GPIOC,GPIO_PIN_1)<<1)	|
 123              		.loc 1 35 46 view .LVU19
 124 0082 0443     		orrs	r4, r0
 125 0084 64B2     		sxtb	r4, r4
  37:Core/Src/keypad.c **** 		   (HAL_GPIO_ReadPin(GPIOC,GPIO_PIN_3)<<3);
 126              		.loc 1 37 7 view .LVU20
 127 0086 0821     		movs	r1, #8
 128 0088 2800     		movs	r0, r5
 129 008a FFF7FEFF 		bl	HAL_GPIO_ReadPin
ARM GAS  C:\Users\jisu8\AppData\Local\Temp\ccmtnd2f.s 			page 4


 130              	.LVL9:
 131              		.loc 1 37 41 view .LVU21
 132 008e C000     		lsls	r0, r0, #3
  36:Core/Src/keypad.c **** 		   (HAL_GPIO_ReadPin(GPIOC,GPIO_PIN_2)<<2)	|
 133              		.loc 1 36 46 view .LVU22
 134 0090 0443     		orrs	r4, r0
 135 0092 E4B2     		uxtb	r4, r4
  34:Core/Src/keypad.c **** 		   (HAL_GPIO_ReadPin(GPIOC,GPIO_PIN_1)<<1)	|
 136              		.loc 1 34 6 view .LVU23
 137 0094 524B     		ldr	r3, .L44+8
 138 0096 1C70     		strb	r4, [r3]
  38:Core/Src/keypad.c **** 
  39:Core/Src/keypad.c **** 	if(row != 0)
 139              		.loc 1 39 2 is_stmt 1 view .LVU24
 140              		.loc 1 39 4 is_stmt 0 view .LVU25
 141 0098 002C     		cmp	r4, #0
 142 009a 03D0     		beq	.L8
  40:Core/Src/keypad.c **** 	{
  41:Core/Src/keypad.c **** 		debounce_counter1++;
 143              		.loc 1 41 3 is_stmt 1 view .LVU26
 144              		.loc 1 41 20 is_stmt 0 view .LVU27
 145 009c 514A     		ldr	r2, .L44+12
 146 009e 1368     		ldr	r3, [r2]
 147 00a0 0133     		adds	r3, r3, #1
 148 00a2 1360     		str	r3, [r2]
 149              	.L8:
  42:Core/Src/keypad.c **** 	}
  43:Core/Src/keypad.c **** 
  44:Core/Src/keypad.c **** 	if((column == 0) && (row != 0))
 150              		.loc 1 44 2 is_stmt 1 view .LVU28
 151              		.loc 1 44 13 is_stmt 0 view .LVU29
 152 00a4 4C4B     		ldr	r3, .L44
 153 00a6 1B78     		ldrb	r3, [r3]
 154              		.loc 1 44 4 view .LVU30
 155 00a8 002B     		cmp	r3, #0
 156 00aa 25D1     		bne	.L9
 157              		.loc 1 44 19 discriminator 1 view .LVU31
 158 00ac 002C     		cmp	r4, #0
 159 00ae 23D0     		beq	.L9
  45:Core/Src/keypad.c **** 	{
  46:Core/Src/keypad.c **** 		if(row == 7)
 160              		.loc 1 46 3 is_stmt 1 view .LVU32
 161              		.loc 1 46 5 is_stmt 0 view .LVU33
 162 00b0 072C     		cmp	r4, #7
 163 00b2 15D0     		beq	.L28
  47:Core/Src/keypad.c **** 		{
  48:Core/Src/keypad.c **** 			keypadnum = KEYPAD_NUM_1;
  49:Core/Src/keypad.c **** 		}
  50:Core/Src/keypad.c **** 		else if(row == 11)
 164              		.loc 1 50 8 is_stmt 1 view .LVU34
 165              		.loc 1 50 10 is_stmt 0 view .LVU35
 166 00b4 0B2C     		cmp	r4, #11
 167 00b6 17D0     		beq	.L29
  51:Core/Src/keypad.c **** 		{
  52:Core/Src/keypad.c **** 			keypadnum = KEYPAD_NUM_2;
  53:Core/Src/keypad.c **** 		}
  54:Core/Src/keypad.c **** 		else if(row == 13)
ARM GAS  C:\Users\jisu8\AppData\Local\Temp\ccmtnd2f.s 			page 5


 168              		.loc 1 54 8 is_stmt 1 view .LVU36
 169              		.loc 1 54 10 is_stmt 0 view .LVU37
 170 00b8 0D2C     		cmp	r4, #13
 171 00ba 19D0     		beq	.L30
  55:Core/Src/keypad.c **** 		{
  56:Core/Src/keypad.c **** 			keypadnum = KEYPAD_NUM_3;
  57:Core/Src/keypad.c **** 		}
  58:Core/Src/keypad.c **** 		else if(row == 14)
 172              		.loc 1 58 8 is_stmt 1 view .LVU38
 173              		.loc 1 58 10 is_stmt 0 view .LVU39
 174 00bc 0E2C     		cmp	r4, #14
 175 00be 21D1     		bne	.L11
  59:Core/Src/keypad.c **** 		{
  60:Core/Src/keypad.c **** 			keypadnum = KEYPAD_NUM_4;
 176              		.loc 1 60 4 is_stmt 1 view .LVU40
 177              		.loc 1 60 14 is_stmt 0 view .LVU41
 178 00c0 494A     		ldr	r2, .L44+16
 179 00c2 2321     		movs	r1, #35
 180 00c4 1170     		strb	r1, [r2]
 181 00c6 1DE0     		b	.L11
 182              	.L2:
  23:Core/Src/keypad.c **** 			HAL_GPIO_WritePin(GPIOC,GPIO_PIN_4|GPIO_PIN_5|GPIO_PIN_7,GPIO_PIN_SET);
 183              		.loc 1 23 4 is_stmt 1 view .LVU42
 184 00c8 444C     		ldr	r4, .L44+4
 185 00ca 0022     		movs	r2, #0
 186 00cc 4021     		movs	r1, #64
 187 00ce 2000     		movs	r0, r4
 188 00d0 FFF7FEFF 		bl	HAL_GPIO_WritePin
 189              	.LVL10:
  24:Core/Src/keypad.c **** 		break;
 190              		.loc 1 24 4 view .LVU43
 191 00d4 0122     		movs	r2, #1
 192 00d6 B021     		movs	r1, #176
 193 00d8 2000     		movs	r0, r4
 194 00da FFF7FEFF 		bl	HAL_GPIO_WritePin
 195              	.LVL11:
  25:Core/Src/keypad.c **** 		case(3) :
 196              		.loc 1 25 3 view .LVU44
 197 00de BEE7     		b	.L6
 198              	.L28:
  48:Core/Src/keypad.c **** 		}
 199              		.loc 1 48 4 view .LVU45
  48:Core/Src/keypad.c **** 		}
 200              		.loc 1 48 14 is_stmt 0 view .LVU46
 201 00e0 414A     		ldr	r2, .L44+16
 202 00e2 2A21     		movs	r1, #42
 203 00e4 1170     		strb	r1, [r2]
 204 00e6 0DE0     		b	.L11
 205              	.L29:
  52:Core/Src/keypad.c **** 		}
 206              		.loc 1 52 4 is_stmt 1 view .LVU47
  52:Core/Src/keypad.c **** 		}
 207              		.loc 1 52 14 is_stmt 0 view .LVU48
 208 00e8 3F4A     		ldr	r2, .L44+16
 209 00ea 3021     		movs	r1, #48
 210 00ec 1170     		strb	r1, [r2]
 211 00ee 09E0     		b	.L11
ARM GAS  C:\Users\jisu8\AppData\Local\Temp\ccmtnd2f.s 			page 6


 212              	.L30:
  56:Core/Src/keypad.c **** 		}
 213              		.loc 1 56 4 is_stmt 1 view .LVU49
  56:Core/Src/keypad.c **** 		}
 214              		.loc 1 56 14 is_stmt 0 view .LVU50
 215 00f0 3D4A     		ldr	r2, .L44+16
 216 00f2 4421     		movs	r1, #68
 217 00f4 1170     		strb	r1, [r2]
 218 00f6 05E0     		b	.L11
 219              	.L9:
  61:Core/Src/keypad.c **** 		}
  62:Core/Src/keypad.c **** 	}
  63:Core/Src/keypad.c **** 	else if((column == 1) && (row != 0))
 220              		.loc 1 63 7 is_stmt 1 view .LVU51
 221              		.loc 1 63 9 is_stmt 0 view .LVU52
 222 00f8 012B     		cmp	r3, #1
 223 00fa 12D0     		beq	.L31
 224              	.L14:
  64:Core/Src/keypad.c **** 	{
  65:Core/Src/keypad.c **** 		if(row == 7)
  66:Core/Src/keypad.c **** 		{
  67:Core/Src/keypad.c **** 			keypadnum = KEYPAD_NUM_5;
  68:Core/Src/keypad.c **** 		}
  69:Core/Src/keypad.c **** 		else if(row == 11)
  70:Core/Src/keypad.c **** 		{
  71:Core/Src/keypad.c **** 			keypadnum = KEYPAD_NUM_6;
  72:Core/Src/keypad.c **** 		}
  73:Core/Src/keypad.c **** 		else if(row == 13)
  74:Core/Src/keypad.c **** 		{
  75:Core/Src/keypad.c **** 			keypadnum = KEYPAD_NUM_7;
  76:Core/Src/keypad.c **** 		}
  77:Core/Src/keypad.c **** 		else if(row == 14)
  78:Core/Src/keypad.c **** 		{
  79:Core/Src/keypad.c **** 			keypadnum = KEYPAD_NUM_8;
  80:Core/Src/keypad.c **** 		}
  81:Core/Src/keypad.c **** 	}
  82:Core/Src/keypad.c **** 	else if((column == 2) && (row != 0))
 225              		.loc 1 82 7 is_stmt 1 view .LVU53
 226              		.loc 1 82 9 is_stmt 0 view .LVU54
 227 00fc 022B     		cmp	r3, #2
 228 00fe 2AD0     		beq	.L32
 229              	.L18:
  83:Core/Src/keypad.c **** 	{
  84:Core/Src/keypad.c **** 		if(row == 7)
  85:Core/Src/keypad.c **** 		{
  86:Core/Src/keypad.c **** 			keypadnum = KEYPAD_NUM_9;
  87:Core/Src/keypad.c **** 		}
  88:Core/Src/keypad.c **** 		else if(row == 11)
  89:Core/Src/keypad.c **** 		{
  90:Core/Src/keypad.c **** 			keypadnum = KEYPAD_NUM_10;
  91:Core/Src/keypad.c **** 		}
  92:Core/Src/keypad.c **** 		else if(row == 13)
  93:Core/Src/keypad.c **** 		{
  94:Core/Src/keypad.c **** 			keypadnum = KEYPAD_NUM_11;
  95:Core/Src/keypad.c **** 		}
  96:Core/Src/keypad.c **** 		else if(row == 14)
  97:Core/Src/keypad.c **** 		{
ARM GAS  C:\Users\jisu8\AppData\Local\Temp\ccmtnd2f.s 			page 7


  98:Core/Src/keypad.c **** 			keypadnum = KEYPAD_NUM_12;
  99:Core/Src/keypad.c **** 		}
 100:Core/Src/keypad.c **** 	}
 101:Core/Src/keypad.c **** 	else if((column == 3) && (row != 0))
 230              		.loc 1 101 7 is_stmt 1 view .LVU55
 231              		.loc 1 101 9 is_stmt 0 view .LVU56
 232 0100 032B     		cmp	r3, #3
 233 0102 42D0     		beq	.L33
 234              	.L11:
 102:Core/Src/keypad.c **** 	{
 103:Core/Src/keypad.c **** 		if(row == 7)
 104:Core/Src/keypad.c **** 		{
 105:Core/Src/keypad.c **** 			keypadnum = KEYPAD_NUM_13;
 106:Core/Src/keypad.c **** 		}
 107:Core/Src/keypad.c **** 		else if(row == 11)
 108:Core/Src/keypad.c **** 		{
 109:Core/Src/keypad.c **** 			keypadnum = KEYPAD_NUM_14;
 110:Core/Src/keypad.c **** 		}
 111:Core/Src/keypad.c **** 		else if(row == 13)
 112:Core/Src/keypad.c **** 		{
 113:Core/Src/keypad.c **** 			keypadnum = KEYPAD_NUM_15;
 114:Core/Src/keypad.c **** 		}
 115:Core/Src/keypad.c **** 		else if(row == 14)
 116:Core/Src/keypad.c **** 		{
 117:Core/Src/keypad.c **** 			keypadnum = KEYPAD_NUM_16;
 118:Core/Src/keypad.c **** 		}
 119:Core/Src/keypad.c **** 	}
 120:Core/Src/keypad.c **** 
 121:Core/Src/keypad.c **** 	column++;
 235              		.loc 1 121 2 is_stmt 1 view .LVU57
 236              		.loc 1 121 8 is_stmt 0 view .LVU58
 237 0104 0133     		adds	r3, r3, #1
 238 0106 DBB2     		uxtb	r3, r3
 239 0108 334A     		ldr	r2, .L44
 240 010a 1370     		strb	r3, [r2]
 122:Core/Src/keypad.c **** 
 123:Core/Src/keypad.c **** 	if(column>3)
 241              		.loc 1 123 2 is_stmt 1 view .LVU59
 242              		.loc 1 123 4 is_stmt 0 view .LVU60
 243 010c 032B     		cmp	r3, #3
 244 010e 02D9     		bls	.L25
 124:Core/Src/keypad.c **** 	{
 125:Core/Src/keypad.c **** 		column=0;
 245              		.loc 1 125 3 is_stmt 1 view .LVU61
 246              		.loc 1 125 9 is_stmt 0 view .LVU62
 247 0110 1300     		movs	r3, r2
 248 0112 0022     		movs	r2, #0
 249 0114 1A70     		strb	r2, [r3]
 250              	.L25:
 126:Core/Src/keypad.c **** 	}
 127:Core/Src/keypad.c **** 	if((row == 15))
 251              		.loc 1 127 2 is_stmt 1 view .LVU63
 252              		.loc 1 127 4 is_stmt 0 view .LVU64
 253 0116 0F2C     		cmp	r4, #15
 254 0118 51D0     		beq	.L34
 128:Core/Src/keypad.c **** 	{
 129:Core/Src/keypad.c **** 		debounce_counter++;
ARM GAS  C:\Users\jisu8\AppData\Local\Temp\ccmtnd2f.s 			page 8


 130:Core/Src/keypad.c **** 		if(debounce_counter >KEYPAD_DEBOUNCE)
 131:Core/Src/keypad.c **** 		{
 132:Core/Src/keypad.c **** 			keypadnum = KEYPAD_NUM_DEFAULT;
 133:Core/Src/keypad.c **** 			debounce_counter = 0;
 134:Core/Src/keypad.c **** 		}
 135:Core/Src/keypad.c **** 	}
 136:Core/Src/keypad.c **** 	else
 137:Core/Src/keypad.c **** 	{
 138:Core/Src/keypad.c **** 		debounce_counter = 0;
 255              		.loc 1 138 3 is_stmt 1 view .LVU65
 256              		.loc 1 138 20 is_stmt 0 view .LVU66
 257 011a 344B     		ldr	r3, .L44+20
 258 011c 0022     		movs	r2, #0
 259 011e 1A60     		str	r2, [r3]
 139:Core/Src/keypad.c **** 	}
 140:Core/Src/keypad.c **** 
 141:Core/Src/keypad.c **** 
 142:Core/Src/keypad.c **** 	return;
 260              		.loc 1 142 2 is_stmt 1 view .LVU67
 261              	.L1:
 143:Core/Src/keypad.c **** }
 262              		.loc 1 143 1 is_stmt 0 view .LVU68
 263              		@ sp needed
 264 0120 70BD     		pop	{r4, r5, r6, pc}
 265              	.L31:
  63:Core/Src/keypad.c **** 	{
 266              		.loc 1 63 24 discriminator 1 view .LVU69
 267 0122 002C     		cmp	r4, #0
 268 0124 EAD0     		beq	.L14
  65:Core/Src/keypad.c **** 		{
 269              		.loc 1 65 3 is_stmt 1 view .LVU70
  65:Core/Src/keypad.c **** 		{
 270              		.loc 1 65 5 is_stmt 0 view .LVU71
 271 0126 072C     		cmp	r4, #7
 272 0128 09D0     		beq	.L35
  69:Core/Src/keypad.c **** 		{
 273              		.loc 1 69 8 is_stmt 1 view .LVU72
  69:Core/Src/keypad.c **** 		{
 274              		.loc 1 69 10 is_stmt 0 view .LVU73
 275 012a 0B2C     		cmp	r4, #11
 276 012c 0BD0     		beq	.L36
  73:Core/Src/keypad.c **** 		{
 277              		.loc 1 73 8 is_stmt 1 view .LVU74
  73:Core/Src/keypad.c **** 		{
 278              		.loc 1 73 10 is_stmt 0 view .LVU75
 279 012e 0D2C     		cmp	r4, #13
 280 0130 0DD0     		beq	.L37
  77:Core/Src/keypad.c **** 		{
 281              		.loc 1 77 8 is_stmt 1 view .LVU76
  77:Core/Src/keypad.c **** 		{
 282              		.loc 1 77 10 is_stmt 0 view .LVU77
 283 0132 0E2C     		cmp	r4, #14
 284 0134 E6D1     		bne	.L11
  79:Core/Src/keypad.c **** 		}
 285              		.loc 1 79 4 is_stmt 1 view .LVU78
  79:Core/Src/keypad.c **** 		}
 286              		.loc 1 79 14 is_stmt 0 view .LVU79
ARM GAS  C:\Users\jisu8\AppData\Local\Temp\ccmtnd2f.s 			page 9


 287 0136 2C4A     		ldr	r2, .L44+16
 288 0138 4221     		movs	r1, #66
 289 013a 1170     		strb	r1, [r2]
 290 013c E2E7     		b	.L11
 291              	.L35:
  67:Core/Src/keypad.c **** 		}
 292              		.loc 1 67 4 is_stmt 1 view .LVU80
  67:Core/Src/keypad.c **** 		}
 293              		.loc 1 67 14 is_stmt 0 view .LVU81
 294 013e 2A4A     		ldr	r2, .L44+16
 295 0140 3421     		movs	r1, #52
 296 0142 1170     		strb	r1, [r2]
 297 0144 DEE7     		b	.L11
 298              	.L36:
  71:Core/Src/keypad.c **** 		}
 299              		.loc 1 71 4 is_stmt 1 view .LVU82
  71:Core/Src/keypad.c **** 		}
 300              		.loc 1 71 14 is_stmt 0 view .LVU83
 301 0146 284A     		ldr	r2, .L44+16
 302 0148 3521     		movs	r1, #53
 303 014a 1170     		strb	r1, [r2]
 304 014c DAE7     		b	.L11
 305              	.L37:
  75:Core/Src/keypad.c **** 		}
 306              		.loc 1 75 4 is_stmt 1 view .LVU84
  75:Core/Src/keypad.c **** 		}
 307              		.loc 1 75 14 is_stmt 0 view .LVU85
 308 014e 264A     		ldr	r2, .L44+16
 309 0150 3621     		movs	r1, #54
 310 0152 1170     		strb	r1, [r2]
 311 0154 D6E7     		b	.L11
 312              	.L32:
  82:Core/Src/keypad.c **** 	{
 313              		.loc 1 82 24 discriminator 1 view .LVU86
 314 0156 002C     		cmp	r4, #0
 315 0158 D2D0     		beq	.L18
  84:Core/Src/keypad.c **** 		{
 316              		.loc 1 84 3 is_stmt 1 view .LVU87
  84:Core/Src/keypad.c **** 		{
 317              		.loc 1 84 5 is_stmt 0 view .LVU88
 318 015a 072C     		cmp	r4, #7
 319 015c 09D0     		beq	.L38
  88:Core/Src/keypad.c **** 		{
 320              		.loc 1 88 8 is_stmt 1 view .LVU89
  88:Core/Src/keypad.c **** 		{
 321              		.loc 1 88 10 is_stmt 0 view .LVU90
 322 015e 0B2C     		cmp	r4, #11
 323 0160 0BD0     		beq	.L39
  92:Core/Src/keypad.c **** 		{
 324              		.loc 1 92 8 is_stmt 1 view .LVU91
  92:Core/Src/keypad.c **** 		{
 325              		.loc 1 92 10 is_stmt 0 view .LVU92
 326 0162 0D2C     		cmp	r4, #13
 327 0164 0DD0     		beq	.L40
  96:Core/Src/keypad.c **** 		{
 328              		.loc 1 96 8 is_stmt 1 view .LVU93
  96:Core/Src/keypad.c **** 		{
ARM GAS  C:\Users\jisu8\AppData\Local\Temp\ccmtnd2f.s 			page 10


 329              		.loc 1 96 10 is_stmt 0 view .LVU94
 330 0166 0E2C     		cmp	r4, #14
 331 0168 CCD1     		bne	.L11
  98:Core/Src/keypad.c **** 		}
 332              		.loc 1 98 4 is_stmt 1 view .LVU95
  98:Core/Src/keypad.c **** 		}
 333              		.loc 1 98 14 is_stmt 0 view .LVU96
 334 016a 1F4A     		ldr	r2, .L44+16
 335 016c 4321     		movs	r1, #67
 336 016e 1170     		strb	r1, [r2]
 337 0170 C8E7     		b	.L11
 338              	.L38:
  86:Core/Src/keypad.c **** 		}
 339              		.loc 1 86 4 is_stmt 1 view .LVU97
  86:Core/Src/keypad.c **** 		}
 340              		.loc 1 86 14 is_stmt 0 view .LVU98
 341 0172 1D4A     		ldr	r2, .L44+16
 342 0174 3721     		movs	r1, #55
 343 0176 1170     		strb	r1, [r2]
 344 0178 C4E7     		b	.L11
 345              	.L39:
  90:Core/Src/keypad.c **** 		}
 346              		.loc 1 90 4 is_stmt 1 view .LVU99
  90:Core/Src/keypad.c **** 		}
 347              		.loc 1 90 14 is_stmt 0 view .LVU100
 348 017a 1B4A     		ldr	r2, .L44+16
 349 017c 3821     		movs	r1, #56
 350 017e 1170     		strb	r1, [r2]
 351 0180 C0E7     		b	.L11
 352              	.L40:
  94:Core/Src/keypad.c **** 		}
 353              		.loc 1 94 4 is_stmt 1 view .LVU101
  94:Core/Src/keypad.c **** 		}
 354              		.loc 1 94 14 is_stmt 0 view .LVU102
 355 0182 194A     		ldr	r2, .L44+16
 356 0184 3921     		movs	r1, #57
 357 0186 1170     		strb	r1, [r2]
 358 0188 BCE7     		b	.L11
 359              	.L33:
 101:Core/Src/keypad.c **** 	{
 360              		.loc 1 101 24 discriminator 1 view .LVU103
 361 018a 002C     		cmp	r4, #0
 362 018c BAD0     		beq	.L11
 103:Core/Src/keypad.c **** 		{
 363              		.loc 1 103 3 is_stmt 1 view .LVU104
 103:Core/Src/keypad.c **** 		{
 364              		.loc 1 103 5 is_stmt 0 view .LVU105
 365 018e 072C     		cmp	r4, #7
 366 0190 09D0     		beq	.L41
 107:Core/Src/keypad.c **** 		{
 367              		.loc 1 107 8 is_stmt 1 view .LVU106
 107:Core/Src/keypad.c **** 		{
 368              		.loc 1 107 10 is_stmt 0 view .LVU107
 369 0192 0B2C     		cmp	r4, #11
 370 0194 0BD0     		beq	.L42
 111:Core/Src/keypad.c **** 		{
 371              		.loc 1 111 8 is_stmt 1 view .LVU108
ARM GAS  C:\Users\jisu8\AppData\Local\Temp\ccmtnd2f.s 			page 11


 111:Core/Src/keypad.c **** 		{
 372              		.loc 1 111 10 is_stmt 0 view .LVU109
 373 0196 0D2C     		cmp	r4, #13
 374 0198 0DD0     		beq	.L43
 115:Core/Src/keypad.c **** 		{
 375              		.loc 1 115 8 is_stmt 1 view .LVU110
 115:Core/Src/keypad.c **** 		{
 376              		.loc 1 115 10 is_stmt 0 view .LVU111
 377 019a 0E2C     		cmp	r4, #14
 378 019c B2D1     		bne	.L11
 117:Core/Src/keypad.c **** 		}
 379              		.loc 1 117 4 is_stmt 1 view .LVU112
 117:Core/Src/keypad.c **** 		}
 380              		.loc 1 117 14 is_stmt 0 view .LVU113
 381 019e 124A     		ldr	r2, .L44+16
 382 01a0 3321     		movs	r1, #51
 383 01a2 1170     		strb	r1, [r2]
 384 01a4 AEE7     		b	.L11
 385              	.L41:
 105:Core/Src/keypad.c **** 		}
 386              		.loc 1 105 4 is_stmt 1 view .LVU114
 105:Core/Src/keypad.c **** 		}
 387              		.loc 1 105 14 is_stmt 0 view .LVU115
 388 01a6 104A     		ldr	r2, .L44+16
 389 01a8 3121     		movs	r1, #49
 390 01aa 1170     		strb	r1, [r2]
 391 01ac AAE7     		b	.L11
 392              	.L42:
 109:Core/Src/keypad.c **** 		}
 393              		.loc 1 109 4 is_stmt 1 view .LVU116
 109:Core/Src/keypad.c **** 		}
 394              		.loc 1 109 14 is_stmt 0 view .LVU117
 395 01ae 0E4A     		ldr	r2, .L44+16
 396 01b0 3221     		movs	r1, #50
 397 01b2 1170     		strb	r1, [r2]
 398 01b4 A6E7     		b	.L11
 399              	.L43:
 113:Core/Src/keypad.c **** 		}
 400              		.loc 1 113 4 is_stmt 1 view .LVU118
 113:Core/Src/keypad.c **** 		}
 401              		.loc 1 113 14 is_stmt 0 view .LVU119
 402 01b6 0C4A     		ldr	r2, .L44+16
 403 01b8 4121     		movs	r1, #65
 404 01ba 1170     		strb	r1, [r2]
 405 01bc A2E7     		b	.L11
 406              	.L34:
 129:Core/Src/keypad.c **** 		if(debounce_counter >KEYPAD_DEBOUNCE)
 407              		.loc 1 129 3 is_stmt 1 view .LVU120
 129:Core/Src/keypad.c **** 		if(debounce_counter >KEYPAD_DEBOUNCE)
 408              		.loc 1 129 19 is_stmt 0 view .LVU121
 409 01be 0B4A     		ldr	r2, .L44+20
 410 01c0 1368     		ldr	r3, [r2]
 411 01c2 0133     		adds	r3, r3, #1
 412 01c4 1360     		str	r3, [r2]
 130:Core/Src/keypad.c **** 		{
 413              		.loc 1 130 3 is_stmt 1 view .LVU122
 130:Core/Src/keypad.c **** 		{
ARM GAS  C:\Users\jisu8\AppData\Local\Temp\ccmtnd2f.s 			page 12


 414              		.loc 1 130 5 is_stmt 0 view .LVU123
 415 01c6 322B     		cmp	r3, #50
 416 01c8 AAD9     		bls	.L1
 132:Core/Src/keypad.c **** 			debounce_counter = 0;
 417              		.loc 1 132 4 is_stmt 1 view .LVU124
 132:Core/Src/keypad.c **** 			debounce_counter = 0;
 418              		.loc 1 132 14 is_stmt 0 view .LVU125
 419 01ca 074B     		ldr	r3, .L44+16
 420 01cc 2022     		movs	r2, #32
 421 01ce 1A70     		strb	r2, [r3]
 133:Core/Src/keypad.c **** 		}
 422              		.loc 1 133 4 is_stmt 1 view .LVU126
 133:Core/Src/keypad.c **** 		}
 423              		.loc 1 133 21 is_stmt 0 view .LVU127
 424 01d0 064B     		ldr	r3, .L44+20
 425 01d2 0022     		movs	r2, #0
 426 01d4 1A60     		str	r2, [r3]
 427 01d6 A3E7     		b	.L1
 428              	.L45:
 429              		.align	2
 430              	.L44:
 431 01d8 00000000 		.word	.LANCHOR0
 432 01dc 00080048 		.word	1207961600
 433 01e0 00000000 		.word	.LANCHOR1
 434 01e4 00000000 		.word	.LANCHOR2
 435 01e8 00000000 		.word	.LANCHOR3
 436 01ec 00000000 		.word	.LANCHOR4
 437              		.cfi_endproc
 438              	.LFE40:
 440              		.global	testread4
 441              		.global	testread3
 442              		.global	testread2
 443              		.global	testread1
 444              		.global	debounce_counter1
 445              		.global	debounce_counter
 446              		.global	column
 447              		.global	row
 448              		.global	keypadnum
 449              		.section	.bss.column,"aw",%nobits
 450              		.set	.LANCHOR0,. + 0
 453              	column:
 454 0000 00       		.space	1
 455              		.section	.bss.debounce_counter,"aw",%nobits
 456              		.align	2
 457              		.set	.LANCHOR4,. + 0
 460              	debounce_counter:
 461 0000 00000000 		.space	4
 462              		.section	.bss.debounce_counter1,"aw",%nobits
 463              		.align	2
 464              		.set	.LANCHOR2,. + 0
 467              	debounce_counter1:
 468 0000 00000000 		.space	4
 469              		.section	.bss.row,"aw",%nobits
 470              		.set	.LANCHOR1,. + 0
 473              	row:
 474 0000 00       		.space	1
 475              		.section	.bss.testread1,"aw",%nobits
ARM GAS  C:\Users\jisu8\AppData\Local\Temp\ccmtnd2f.s 			page 13


 478              	testread1:
 479 0000 00       		.space	1
 480              		.section	.bss.testread2,"aw",%nobits
 483              	testread2:
 484 0000 00       		.space	1
 485              		.section	.bss.testread3,"aw",%nobits
 488              	testread3:
 489 0000 00       		.space	1
 490              		.section	.bss.testread4,"aw",%nobits
 493              	testread4:
 494 0000 00       		.space	1
 495              		.section	.data.keypadnum,"aw"
 496              		.set	.LANCHOR3,. + 0
 499              	keypadnum:
 500 0000 20       		.byte	32
 501              		.text
 502              	.Letext0:
 503              		.file 2 "d:\\3.tools\\arm_gcc_toolchain\\arm-none-eabi\\include\\machine\\_default_types.h"
 504              		.file 3 "d:\\3.tools\\arm_gcc_toolchain\\arm-none-eabi\\include\\sys\\_stdint.h"
 505              		.file 4 "Drivers/CMSIS/Device/ST/STM32F0xx/Include/stm32f030x8.h"
 506              		.file 5 "Core/Inc/vardef.h"
 507              		.file 6 "Core/Inc/keypad.h"
 508              		.file 7 "Drivers/STM32F0xx_HAL_Driver/Inc/stm32f0xx_hal_gpio.h"
ARM GAS  C:\Users\jisu8\AppData\Local\Temp\ccmtnd2f.s 			page 14


DEFINED SYMBOLS
                            *ABS*:00000000 keypad.c
C:\Users\jisu8\AppData\Local\Temp\ccmtnd2f.s:18     .text.Key_Scan:00000000 $t
C:\Users\jisu8\AppData\Local\Temp\ccmtnd2f.s:24     .text.Key_Scan:00000000 Key_Scan
C:\Users\jisu8\AppData\Local\Temp\ccmtnd2f.s:431    .text.Key_Scan:000001d8 $d
C:\Users\jisu8\AppData\Local\Temp\ccmtnd2f.s:493    .bss.testread4:00000000 testread4
C:\Users\jisu8\AppData\Local\Temp\ccmtnd2f.s:488    .bss.testread3:00000000 testread3
C:\Users\jisu8\AppData\Local\Temp\ccmtnd2f.s:483    .bss.testread2:00000000 testread2
C:\Users\jisu8\AppData\Local\Temp\ccmtnd2f.s:478    .bss.testread1:00000000 testread1
C:\Users\jisu8\AppData\Local\Temp\ccmtnd2f.s:467    .bss.debounce_counter1:00000000 debounce_counter1
C:\Users\jisu8\AppData\Local\Temp\ccmtnd2f.s:460    .bss.debounce_counter:00000000 debounce_counter
C:\Users\jisu8\AppData\Local\Temp\ccmtnd2f.s:453    .bss.column:00000000 column
C:\Users\jisu8\AppData\Local\Temp\ccmtnd2f.s:473    .bss.row:00000000 row
C:\Users\jisu8\AppData\Local\Temp\ccmtnd2f.s:499    .data.keypadnum:00000000 keypadnum
C:\Users\jisu8\AppData\Local\Temp\ccmtnd2f.s:454    .bss.column:00000000 $d
C:\Users\jisu8\AppData\Local\Temp\ccmtnd2f.s:456    .bss.debounce_counter:00000000 $d
C:\Users\jisu8\AppData\Local\Temp\ccmtnd2f.s:463    .bss.debounce_counter1:00000000 $d
C:\Users\jisu8\AppData\Local\Temp\ccmtnd2f.s:474    .bss.row:00000000 $d
C:\Users\jisu8\AppData\Local\Temp\ccmtnd2f.s:479    .bss.testread1:00000000 $d
C:\Users\jisu8\AppData\Local\Temp\ccmtnd2f.s:484    .bss.testread2:00000000 $d
C:\Users\jisu8\AppData\Local\Temp\ccmtnd2f.s:489    .bss.testread3:00000000 $d
C:\Users\jisu8\AppData\Local\Temp\ccmtnd2f.s:494    .bss.testread4:00000000 $d

UNDEFINED SYMBOLS
HAL_GPIO_WritePin
HAL_GPIO_ReadPin
