ARM GAS  C:\Users\jisu8\AppData\Local\Temp\ccM6X58V.s 			page 1


   1              		.cpu cortex-m0
   2              		.arch armv6s-m
   3              		.fpu softvfp
   4              		.eabi_attribute 20, 1
   5              		.eabi_attribute 21, 1
   6              		.eabi_attribute 23, 3
   7              		.eabi_attribute 24, 1
   8              		.eabi_attribute 25, 1
   9              		.eabi_attribute 26, 1
  10              		.eabi_attribute 30, 1
  11              		.eabi_attribute 34, 0
  12              		.eabi_attribute 18, 4
  13              		.file	"os.c"
  14              		.text
  15              	.Ltext0:
  16              		.cfi_sections	.debug_frame
  17              		.section	.text.Os_1ms_Task,"ax",%progbits
  18              		.align	1
  19              		.syntax unified
  20              		.code	16
  21              		.thumb_func
  23              	Os_1ms_Task:
  24              	.LFB41:
  25              		.file 1 "Core/Src/os.c"
   1:Core/Src/os.c **** #include "os.h"
   2:Core/Src/os.c **** #include "lcd.h"
   3:Core/Src/os.c **** 
   4:Core/Src/os.c **** Os_Var_t Os_Var;
   5:Core/Src/os.c **** 
   6:Core/Src/os.c **** static void Os_Calc_Period(uint8 idx);
   7:Core/Src/os.c **** static void Os_Calc_Runtime_Start(uint8 idx);
   8:Core/Src/os.c **** static void Os_Calc_Runtime_Stop(uint8 idx);
   9:Core/Src/os.c **** static void Os_1ms_Task(void);
  10:Core/Src/os.c **** static void Os_10ms_Task(void);
  11:Core/Src/os.c **** static void Os_100ms_Task(void);
  12:Core/Src/os.c **** static void Os_Background_Task(void);
  13:Core/Src/os.c **** 
  14:Core/Src/os.c **** void Os_Init_Task(void)
  15:Core/Src/os.c **** {
  16:Core/Src/os.c **** 
  17:Core/Src/os.c **** }
  18:Core/Src/os.c **** static void Os_1ms_Task(void)
  19:Core/Src/os.c **** {
  26              		.loc 1 19 1 view -0
  27              		.cfi_startproc
  28              		@ args = 0, pretend = 0, frame = 0
  29              		@ frame_needed = 0, uses_anonymous_args = 0
  30              		@ link register save eliminated.
  20:Core/Src/os.c **** 
  21:Core/Src/os.c **** }
  31              		.loc 1 21 1 view .LVU1
  32              		@ sp needed
  33 0000 7047     		bx	lr
  34              		.cfi_endproc
  35              	.LFE41:
  37              		.section	.text.Os_100ms_Task,"ax",%progbits
  38              		.align	1
ARM GAS  C:\Users\jisu8\AppData\Local\Temp\ccM6X58V.s 			page 2


  39              		.syntax unified
  40              		.code	16
  41              		.thumb_func
  43              	Os_100ms_Task:
  44              	.LFB43:
  22:Core/Src/os.c **** 
  23:Core/Src/os.c **** static void Os_10ms_Task(void)
  24:Core/Src/os.c **** {
  25:Core/Src/os.c **** 	Key_Scan();
  26:Core/Src/os.c **** 	LCD_Control();
  27:Core/Src/os.c **** }
  28:Core/Src/os.c **** 
  29:Core/Src/os.c **** static void Os_100ms_Task(void)
  30:Core/Src/os.c **** {
  45              		.loc 1 30 1 view -0
  46              		.cfi_startproc
  47              		@ args = 0, pretend = 0, frame = 0
  48              		@ frame_needed = 0, uses_anonymous_args = 0
  49              		@ link register save eliminated.
  31:Core/Src/os.c **** 
  32:Core/Src/os.c **** }
  50              		.loc 1 32 1 view .LVU3
  51              		@ sp needed
  52 0000 7047     		bx	lr
  53              		.cfi_endproc
  54              	.LFE43:
  56              		.section	.text.Os_10ms_Task,"ax",%progbits
  57              		.align	1
  58              		.syntax unified
  59              		.code	16
  60              		.thumb_func
  62              	Os_10ms_Task:
  63              	.LFB42:
  24:Core/Src/os.c **** 	Key_Scan();
  64              		.loc 1 24 1 view -0
  65              		.cfi_startproc
  66              		@ args = 0, pretend = 0, frame = 0
  67              		@ frame_needed = 0, uses_anonymous_args = 0
  68 0000 10B5     		push	{r4, lr}
  69              	.LCFI0:
  70              		.cfi_def_cfa_offset 8
  71              		.cfi_offset 4, -8
  72              		.cfi_offset 14, -4
  25:Core/Src/os.c **** 	LCD_Control();
  73              		.loc 1 25 2 view .LVU5
  74 0002 FFF7FEFF 		bl	Key_Scan
  75              	.LVL0:
  26:Core/Src/os.c **** }
  76              		.loc 1 26 2 view .LVU6
  77 0006 FFF7FEFF 		bl	LCD_Control
  78              	.LVL1:
  27:Core/Src/os.c **** 
  79              		.loc 1 27 1 is_stmt 0 view .LVU7
  80              		@ sp needed
  81 000a 10BD     		pop	{r4, pc}
  82              		.cfi_endproc
  83              	.LFE42:
ARM GAS  C:\Users\jisu8\AppData\Local\Temp\ccM6X58V.s 			page 3


  85              		.section	.text.Os_Init_Task,"ax",%progbits
  86              		.align	1
  87              		.global	Os_Init_Task
  88              		.syntax unified
  89              		.code	16
  90              		.thumb_func
  92              	Os_Init_Task:
  93              	.LFB40:
  15:Core/Src/os.c **** 
  94              		.loc 1 15 1 is_stmt 1 view -0
  95              		.cfi_startproc
  96              		@ args = 0, pretend = 0, frame = 0
  97              		@ frame_needed = 0, uses_anonymous_args = 0
  98              		@ link register save eliminated.
  17:Core/Src/os.c **** static void Os_1ms_Task(void)
  99              		.loc 1 17 1 view .LVU9
 100              		@ sp needed
 101 0000 7047     		bx	lr
 102              		.cfi_endproc
 103              	.LFE40:
 105              		.section	.text.Os_Time_Handler,"ax",%progbits
 106              		.align	1
 107              		.global	Os_Time_Handler
 108              		.syntax unified
 109              		.code	16
 110              		.thumb_func
 112              	Os_Time_Handler:
 113              	.LFB45:
  33:Core/Src/os.c **** 
  34:Core/Src/os.c **** static void Os_Background_Task(void)
  35:Core/Src/os.c **** {
  36:Core/Src/os.c **** 
  37:Core/Src/os.c **** }
  38:Core/Src/os.c **** 
  39:Core/Src/os.c **** void Os_Time_Handler(void)
  40:Core/Src/os.c **** {
 114              		.loc 1 40 1 view -0
 115              		.cfi_startproc
 116              		@ args = 0, pretend = 0, frame = 0
 117              		@ frame_needed = 0, uses_anonymous_args = 0
 118              		@ link register save eliminated.
  41:Core/Src/os.c **** 	Os_Var.Os_Counter.Os_100us_Counter++;
 119              		.loc 1 41 2 view .LVU11
 120              		.loc 1 41 19 is_stmt 0 view .LVU12
 121 0000 024A     		ldr	r2, .L6
 122              		.loc 1 41 36 view .LVU13
 123 0002 1368     		ldr	r3, [r2]
 124 0004 0133     		adds	r3, r3, #1
 125 0006 1360     		str	r3, [r2]
  42:Core/Src/os.c **** }
 126              		.loc 1 42 1 view .LVU14
 127              		@ sp needed
 128 0008 7047     		bx	lr
 129              	.L7:
 130 000a C046     		.align	2
 131              	.L6:
 132 000c 00000000 		.word	.LANCHOR0
ARM GAS  C:\Users\jisu8\AppData\Local\Temp\ccM6X58V.s 			page 4


 133              		.cfi_endproc
 134              	.LFE45:
 136              		.section	.text.Os_Get_Tick_100us,"ax",%progbits
 137              		.align	1
 138              		.global	Os_Get_Tick_100us
 139              		.syntax unified
 140              		.code	16
 141              		.thumb_func
 143              	Os_Get_Tick_100us:
 144              	.LFB49:
  43:Core/Src/os.c **** 
  44:Core/Src/os.c **** void Os_Handler(void)
  45:Core/Src/os.c **** {
  46:Core/Src/os.c **** 	void(*fp)(void);
  47:Core/Src/os.c ****     if(Os_Var.Os_Task_Flag.Os_100ms_Flag == 1)
  48:Core/Src/os.c **** 	{
  49:Core/Src/os.c **** 		fp = Os_100ms_Task;
  50:Core/Src/os.c **** 		Os_Var.Os_Task_Add.Os_100ms_Address = fp;
  51:Core/Src/os.c **** 		Os_Var.Os_Task_Flag.Os_100ms_Flag = 0;
  52:Core/Src/os.c **** 		Os_Calc_Runtime_Start(OS_TASK_INDEX_100MS);
  53:Core/Src/os.c **** 		(void)Os_100ms_Task();
  54:Core/Src/os.c **** 		Os_Calc_Runtime_Stop(OS_TASK_INDEX_100MS);
  55:Core/Src/os.c **** 		Os_Calc_Period(OS_TASK_INDEX_100MS);
  56:Core/Src/os.c **** 	}
  57:Core/Src/os.c **** 	else
  58:Core/Src/os.c **** 	{
  59:Core/Src/os.c **** 		Os_Calc_Runtime_Start(OS_TASK_INDEX_BG);
  60:Core/Src/os.c **** 		(void)Os_Background_Task();
  61:Core/Src/os.c **** 		Os_Calc_Runtime_Stop(OS_TASK_INDEX_BG);
  62:Core/Src/os.c **** 		Os_Calc_Period(OS_TASK_INDEX_BG);
  63:Core/Src/os.c **** 	}
  64:Core/Src/os.c **** 
  65:Core/Src/os.c ****     return;
  66:Core/Src/os.c **** }
  67:Core/Src/os.c **** 
  68:Core/Src/os.c **** void Os_Handler_1ms(void)
  69:Core/Src/os.c **** {
  70:Core/Src/os.c **** 	if(Os_Var.Os_Counter.Os_1ms_Counter % 1 == 0)
  71:Core/Src/os.c **** 	{
  72:Core/Src/os.c **** 		Os_Var.Os_Counter.Os_1ms_Counter++;
  73:Core/Src/os.c **** 		Os_Var.Os_Task_Flag.Os_1ms_Flag = 1;
  74:Core/Src/os.c **** 	}
  75:Core/Src/os.c **** 
  76:Core/Src/os.c **** 	if(Os_Var.Os_Counter.Os_1ms_Counter % 100 == 0)
  77:Core/Src/os.c **** 	{
  78:Core/Src/os.c **** 		Os_Var.Os_Counter.Os_100ms_Counter++;
  79:Core/Src/os.c **** 		Os_Var.Os_Task_Flag.Os_100ms_Flag = 1;
  80:Core/Src/os.c **** 	}
  81:Core/Src/os.c **** 	void(*fp)(void);
  82:Core/Src/os.c **** 	if(Os_Var.Os_Task_Flag.Os_1ms_Flag == 1)
  83:Core/Src/os.c **** 	{
  84:Core/Src/os.c **** 		fp = Os_1ms_Task;
  85:Core/Src/os.c **** 		Os_Var.Os_Task_Add.Os_1ms_Address = fp;
  86:Core/Src/os.c **** 		Os_Var.Os_Task_Flag.Os_1ms_Flag = 0;
  87:Core/Src/os.c **** 		Os_Calc_Runtime_Start(OS_TASK_INDEX_1MS);
  88:Core/Src/os.c **** 		(void)Os_1ms_Task();
  89:Core/Src/os.c **** 		Os_Calc_Runtime_Stop(OS_TASK_INDEX_1MS);
ARM GAS  C:\Users\jisu8\AppData\Local\Temp\ccM6X58V.s 			page 5


  90:Core/Src/os.c **** 		Os_Calc_Period(OS_TASK_INDEX_1MS);
  91:Core/Src/os.c **** 	}
  92:Core/Src/os.c **** }
  93:Core/Src/os.c **** 
  94:Core/Src/os.c **** void Os_Handler_10ms(void)
  95:Core/Src/os.c **** {
  96:Core/Src/os.c **** 	Os_Var.Os_Counter.Os_10ms_Counter++;
  97:Core/Src/os.c **** 	Os_Var.Os_Task_Flag.Os_10ms_Flag = 1;
  98:Core/Src/os.c **** 	void(*fp)(void);
  99:Core/Src/os.c **** 	if(Os_Var.Os_Task_Flag.Os_10ms_Flag == 1)
 100:Core/Src/os.c **** 	{
 101:Core/Src/os.c **** 		fp = Os_10ms_Task;
 102:Core/Src/os.c **** 		Os_Var.Os_Task_Add.Os_10ms_Address = fp;
 103:Core/Src/os.c **** 		Os_Var.Os_Task_Flag.Os_10ms_Flag = 0;
 104:Core/Src/os.c **** 		Os_Calc_Runtime_Start(OS_TASK_INDEX_10MS);
 105:Core/Src/os.c **** 		(void)Os_10ms_Task();
 106:Core/Src/os.c **** 		Os_Calc_Runtime_Stop(OS_TASK_INDEX_10MS);
 107:Core/Src/os.c **** 		Os_Calc_Period(OS_TASK_INDEX_10MS);
 108:Core/Src/os.c **** 	}
 109:Core/Src/os.c **** }
 110:Core/Src/os.c **** 
 111:Core/Src/os.c **** uint32 Os_Get_Tick_100us(void)
 112:Core/Src/os.c **** {
 145              		.loc 1 112 1 is_stmt 1 view -0
 146              		.cfi_startproc
 147              		@ args = 0, pretend = 0, frame = 0
 148              		@ frame_needed = 0, uses_anonymous_args = 0
 149              		@ link register save eliminated.
 113:Core/Src/os.c **** 	return Os_Var.Os_Counter.Os_100us_Counter;
 150              		.loc 1 113 2 view .LVU16
 151              		.loc 1 113 26 is_stmt 0 view .LVU17
 152 0000 014B     		ldr	r3, .L9
 153 0002 1868     		ldr	r0, [r3]
 114:Core/Src/os.c **** }
 154              		.loc 1 114 1 view .LVU18
 155              		@ sp needed
 156 0004 7047     		bx	lr
 157              	.L10:
 158 0006 C046     		.align	2
 159              	.L9:
 160 0008 00000000 		.word	.LANCHOR0
 161              		.cfi_endproc
 162              	.LFE49:
 164              		.section	.text.Os_Calc_Runtime_Start,"ax",%progbits
 165              		.align	1
 166              		.syntax unified
 167              		.code	16
 168              		.thumb_func
 170              	Os_Calc_Runtime_Start:
 171              	.LVL2:
 172              	.LFB51:
 115:Core/Src/os.c **** 
 116:Core/Src/os.c **** static void Os_Calc_Period(uint8 idx)
 117:Core/Src/os.c **** {
 118:Core/Src/os.c **** 	uint32 OS_TimeLoc=0;
 119:Core/Src/os.c **** 	uint32 OS_TimeOldLoc=0;
 120:Core/Src/os.c **** 	uint32 Os_TimeDiffLoc=0;
ARM GAS  C:\Users\jisu8\AppData\Local\Temp\ccM6X58V.s 			page 6


 121:Core/Src/os.c **** 
 122:Core/Src/os.c **** 	OS_TimeLoc = Os_Get_Tick_100us();
 123:Core/Src/os.c **** 
 124:Core/Src/os.c **** 	switch(idx)
 125:Core/Src/os.c **** 	{
 126:Core/Src/os.c **** 		case OS_TASK_INDEX_1MS : 
 127:Core/Src/os.c **** 			OS_TimeOldLoc = Os_Var.Os_Tick_Period.Os_1ms_Tick_Period;
 128:Core/Src/os.c **** 		break;
 129:Core/Src/os.c **** 		case OS_TASK_INDEX_10MS : 
 130:Core/Src/os.c **** 			OS_TimeOldLoc = Os_Var.Os_Tick_Period.Os_10ms_Tick_Period;
 131:Core/Src/os.c **** 		break;
 132:Core/Src/os.c **** 		case OS_TASK_INDEX_100MS : 
 133:Core/Src/os.c **** 			OS_TimeOldLoc = Os_Var.Os_Tick_Period.Os_100ms_Tick_Period;
 134:Core/Src/os.c **** 		break;
 135:Core/Src/os.c **** 	}
 136:Core/Src/os.c **** 
 137:Core/Src/os.c **** 	Os_TimeDiffLoc = OS_TimeLoc - OS_TimeOldLoc;
 138:Core/Src/os.c **** 	OS_TimeOldLoc = OS_TimeLoc;
 139:Core/Src/os.c **** 	
 140:Core/Src/os.c **** 	switch(idx)
 141:Core/Src/os.c **** 	{
 142:Core/Src/os.c **** 		case OS_TASK_INDEX_1MS : 
 143:Core/Src/os.c **** 			Os_Var.Os_Period.Os_1ms_Period = Os_TimeDiffLoc;
 144:Core/Src/os.c **** 			Os_Var.Os_Tick_Period.Os_1ms_Tick_Period = OS_TimeOldLoc;
 145:Core/Src/os.c **** 		break;
 146:Core/Src/os.c **** 		case OS_TASK_INDEX_10MS : 
 147:Core/Src/os.c **** 			Os_Var.Os_Period.Os_10ms_Period = Os_TimeDiffLoc;
 148:Core/Src/os.c **** 			Os_Var.Os_Tick_Period.Os_10ms_Tick_Period = OS_TimeOldLoc;
 149:Core/Src/os.c **** 		break;
 150:Core/Src/os.c **** 		case OS_TASK_INDEX_100MS : 
 151:Core/Src/os.c **** 			Os_Var.Os_Period.Os_100ms_Period = Os_TimeDiffLoc;
 152:Core/Src/os.c **** 			Os_Var.Os_Tick_Period.Os_100ms_Tick_Period = OS_TimeOldLoc;
 153:Core/Src/os.c **** 		break;
 154:Core/Src/os.c **** 	}
 155:Core/Src/os.c **** 	
 156:Core/Src/os.c **** 	return;
 157:Core/Src/os.c **** }
 158:Core/Src/os.c **** 
 159:Core/Src/os.c **** static void Os_Calc_Runtime_Start(uint8 idx)
 160:Core/Src/os.c **** {
 173              		.loc 1 160 1 is_stmt 1 view -0
 174              		.cfi_startproc
 175              		@ args = 0, pretend = 0, frame = 0
 176              		@ frame_needed = 0, uses_anonymous_args = 0
 177              		.loc 1 160 1 is_stmt 0 view .LVU20
 178 0000 10B5     		push	{r4, lr}
 179              	.LCFI1:
 180              		.cfi_def_cfa_offset 8
 181              		.cfi_offset 4, -8
 182              		.cfi_offset 14, -4
 183 0002 0400     		movs	r4, r0
 161:Core/Src/os.c **** 	uint32 OS_TimeLoc=0;
 184              		.loc 1 161 2 is_stmt 1 view .LVU21
 185              	.LVL3:
 162:Core/Src/os.c **** 
 163:Core/Src/os.c **** 	OS_TimeLoc = Os_Get_Tick_100us();
 186              		.loc 1 163 2 view .LVU22
ARM GAS  C:\Users\jisu8\AppData\Local\Temp\ccM6X58V.s 			page 7


 187              		.loc 1 163 15 is_stmt 0 view .LVU23
 188 0004 FFF7FEFF 		bl	Os_Get_Tick_100us
 189              	.LVL4:
 164:Core/Src/os.c **** 
 165:Core/Src/os.c **** 	switch(idx)
 190              		.loc 1 165 2 is_stmt 1 view .LVU24
 191 0008 022C     		cmp	r4, #2
 192 000a 07D0     		beq	.L12
 193 000c 032C     		cmp	r4, #3
 194 000e 08D0     		beq	.L13
 195 0010 012C     		cmp	r4, #1
 196 0012 00D0     		beq	.L15
 197              	.L11:
 166:Core/Src/os.c **** 	{
 167:Core/Src/os.c **** 		case OS_TASK_INDEX_1MS : 
 168:Core/Src/os.c **** 			Os_Var.Os_Tick_Runtime.Os_1ms_Tick_Runtime_Start = OS_TimeLoc;
 169:Core/Src/os.c **** 		break;
 170:Core/Src/os.c **** 		case OS_TASK_INDEX_10MS : 
 171:Core/Src/os.c **** 			Os_Var.Os_Tick_Runtime.Os_10ms_Tick_Runtime_Start = OS_TimeLoc;
 172:Core/Src/os.c **** 		break;
 173:Core/Src/os.c **** 		case OS_TASK_INDEX_100MS : 
 174:Core/Src/os.c **** 			Os_Var.Os_Tick_Runtime.Os_100ms_Tick_Runtime_Start = OS_TimeLoc;
 175:Core/Src/os.c **** 		break;
 176:Core/Src/os.c **** 	}
 177:Core/Src/os.c **** 
 178:Core/Src/os.c **** 	return;
 179:Core/Src/os.c **** }
 198              		.loc 1 179 1 is_stmt 0 view .LVU25
 199              		@ sp needed
 200 0014 10BD     		pop	{r4, pc}
 201              	.L15:
 168:Core/Src/os.c **** 		break;
 202              		.loc 1 168 4 is_stmt 1 view .LVU26
 168:Core/Src/os.c **** 		break;
 203              		.loc 1 168 53 is_stmt 0 view .LVU27
 204 0016 044B     		ldr	r3, .L16
 205 0018 1861     		str	r0, [r3, #16]
 169:Core/Src/os.c **** 		case OS_TASK_INDEX_10MS : 
 206              		.loc 1 169 3 is_stmt 1 view .LVU28
 207 001a FBE7     		b	.L11
 208              	.L12:
 171:Core/Src/os.c **** 		break;
 209              		.loc 1 171 4 view .LVU29
 171:Core/Src/os.c **** 		break;
 210              		.loc 1 171 54 is_stmt 0 view .LVU30
 211 001c 024B     		ldr	r3, .L16
 212 001e 9861     		str	r0, [r3, #24]
 172:Core/Src/os.c **** 		case OS_TASK_INDEX_100MS : 
 213              		.loc 1 172 3 is_stmt 1 view .LVU31
 214 0020 F8E7     		b	.L11
 215              	.L13:
 174:Core/Src/os.c **** 		break;
 216              		.loc 1 174 4 view .LVU32
 174:Core/Src/os.c **** 		break;
 217              		.loc 1 174 55 is_stmt 0 view .LVU33
 218 0022 014B     		ldr	r3, .L16
 219 0024 1862     		str	r0, [r3, #32]
ARM GAS  C:\Users\jisu8\AppData\Local\Temp\ccM6X58V.s 			page 8


 175:Core/Src/os.c **** 	}
 220              		.loc 1 175 3 is_stmt 1 view .LVU34
 178:Core/Src/os.c **** }
 221              		.loc 1 178 2 view .LVU35
 222 0026 F5E7     		b	.L11
 223              	.L17:
 224              		.align	2
 225              	.L16:
 226 0028 00000000 		.word	.LANCHOR0
 227              		.cfi_endproc
 228              	.LFE51:
 230              		.section	.text.Os_Calc_Runtime_Stop,"ax",%progbits
 231              		.align	1
 232              		.syntax unified
 233              		.code	16
 234              		.thumb_func
 236              	Os_Calc_Runtime_Stop:
 237              	.LVL5:
 238              	.LFB52:
 180:Core/Src/os.c **** 
 181:Core/Src/os.c **** static void Os_Calc_Runtime_Stop(uint8 idx)
 182:Core/Src/os.c **** {
 239              		.loc 1 182 1 view -0
 240              		.cfi_startproc
 241              		@ args = 0, pretend = 0, frame = 0
 242              		@ frame_needed = 0, uses_anonymous_args = 0
 243              		.loc 1 182 1 is_stmt 0 view .LVU37
 244 0000 10B5     		push	{r4, lr}
 245              	.LCFI2:
 246              		.cfi_def_cfa_offset 8
 247              		.cfi_offset 4, -8
 248              		.cfi_offset 14, -4
 249 0002 0400     		movs	r4, r0
 183:Core/Src/os.c **** 	uint32 OS_TimeLoc=0;
 250              		.loc 1 183 2 is_stmt 1 view .LVU38
 251              	.LVL6:
 184:Core/Src/os.c **** 	uint32 OS_TimeOldLoc=0;
 252              		.loc 1 184 2 view .LVU39
 185:Core/Src/os.c **** 	uint32 Os_TimeDiffLoc=0;
 253              		.loc 1 185 2 view .LVU40
 186:Core/Src/os.c **** 
 187:Core/Src/os.c **** 	OS_TimeLoc = Os_Get_Tick_100us();
 254              		.loc 1 187 2 view .LVU41
 255              		.loc 1 187 15 is_stmt 0 view .LVU42
 256 0004 FFF7FEFF 		bl	Os_Get_Tick_100us
 257              	.LVL7:
 188:Core/Src/os.c **** 
 189:Core/Src/os.c **** 	switch(idx)
 258              		.loc 1 189 2 is_stmt 1 view .LVU43
 259 0008 022C     		cmp	r4, #2
 260 000a 0FD0     		beq	.L19
 261 000c 032C     		cmp	r4, #3
 262 000e 10D0     		beq	.L20
 263 0010 012C     		cmp	r4, #1
 264 0012 08D0     		beq	.L26
 265 0014 0023     		movs	r3, #0
 266              	.LVL8:
ARM GAS  C:\Users\jisu8\AppData\Local\Temp\ccM6X58V.s 			page 9


 267              	.L21:
 190:Core/Src/os.c **** 	{
 191:Core/Src/os.c **** 		case OS_TASK_INDEX_1MS : 
 192:Core/Src/os.c **** 			OS_TimeOldLoc = Os_Var.Os_Tick_Runtime.Os_1ms_Tick_Runtime_Start;
 193:Core/Src/os.c **** 		break;
 194:Core/Src/os.c **** 		case OS_TASK_INDEX_10MS : 
 195:Core/Src/os.c **** 			OS_TimeOldLoc = Os_Var.Os_Tick_Runtime.Os_10ms_Tick_Runtime_Start;
 196:Core/Src/os.c **** 		break;
 197:Core/Src/os.c **** 		case OS_TASK_INDEX_100MS : 
 198:Core/Src/os.c **** 			OS_TimeOldLoc = Os_Var.Os_Tick_Runtime.Os_100ms_Tick_Runtime_Start;
 199:Core/Src/os.c **** 		break;
 200:Core/Src/os.c **** 	}
 201:Core/Src/os.c **** 
 202:Core/Src/os.c **** 	Os_TimeDiffLoc = OS_TimeLoc - OS_TimeOldLoc;
 268              		.loc 1 202 2 view .LVU44
 269              		.loc 1 202 17 is_stmt 0 view .LVU45
 270 0016 C31A     		subs	r3, r0, r3
 271              	.LVL9:
 203:Core/Src/os.c **** 
 204:Core/Src/os.c **** 	switch(idx)
 272              		.loc 1 204 2 is_stmt 1 view .LVU46
 273 0018 022C     		cmp	r4, #2
 274 001a 11D0     		beq	.L22
 275 001c 032C     		cmp	r4, #3
 276 001e 13D0     		beq	.L23
 277 0020 012C     		cmp	r4, #1
 278 0022 09D0     		beq	.L27
 279              	.L18:
 205:Core/Src/os.c **** 	{
 206:Core/Src/os.c **** 		case OS_TASK_INDEX_1MS : 
 207:Core/Src/os.c **** 			Os_Var.Os_Runtime.Os_1ms_Runtime = Os_TimeDiffLoc;
 208:Core/Src/os.c **** 			Os_Var.Os_Tick_Runtime.Os_1ms_Tick_Runtime_Stop = OS_TimeLoc;
 209:Core/Src/os.c **** 		break;
 210:Core/Src/os.c **** 		case OS_TASK_INDEX_10MS : 
 211:Core/Src/os.c **** 			Os_Var.Os_Runtime.Os_10ms_Runtime = Os_TimeDiffLoc;
 212:Core/Src/os.c **** 			Os_Var.Os_Tick_Runtime.Os_10ms_Tick_Runtime_Stop = OS_TimeLoc;
 213:Core/Src/os.c **** 		break;
 214:Core/Src/os.c **** 		case OS_TASK_INDEX_100MS : 
 215:Core/Src/os.c **** 			Os_Var.Os_Runtime.Os_100ms_Runtime = Os_TimeDiffLoc;
 216:Core/Src/os.c **** 			Os_Var.Os_Tick_Runtime.Os_100ms_Tick_Runtime_Stop = OS_TimeLoc;
 217:Core/Src/os.c **** 		break;
 218:Core/Src/os.c **** 	}
 219:Core/Src/os.c **** 
 220:Core/Src/os.c **** 	return;
 221:Core/Src/os.c **** }...
 280              		.loc 1 221 1 is_stmt 0 view .LVU47
 281              		@ sp needed
 282 0024 10BD     		pop	{r4, pc}
 283              	.LVL10:
 284              	.L26:
 192:Core/Src/os.c **** 			OS_TimeOldLoc = Os_Var.Os_Tick_Runtime.Os_1ms_Tick_Runtime_Start;
 285              		.loc 1 192 4 is_stmt 1 view .LVU48
 192:Core/Src/os.c **** 			OS_TimeOldLoc = Os_Var.Os_Tick_Runtime.Os_1ms_Tick_Runtime_Start;
 286              		.loc 1 192 18 is_stmt 0 view .LVU49
 287 0026 0A4B     		ldr	r3, .L28
 288 0028 1B69     		ldr	r3, [r3, #16]
 289              	.LVL11:
ARM GAS  C:\Users\jisu8\AppData\Local\Temp\ccM6X58V.s 			page 10


 193:Core/Src/os.c **** 		break;
 290              		.loc 1 193 3 is_stmt 1 view .LVU50
 291 002a F4E7     		b	.L21
 292              	.LVL12:
 293              	.L19:
 195:Core/Src/os.c **** 			OS_TimeOldLoc = Os_Var.Os_Tick_Runtime.Os_10ms_Tick_Runtime_Start;
 294              		.loc 1 195 4 view .LVU51
 195:Core/Src/os.c **** 			OS_TimeOldLoc = Os_Var.Os_Tick_Runtime.Os_10ms_Tick_Runtime_Start;
 295              		.loc 1 195 18 is_stmt 0 view .LVU52
 296 002c 084B     		ldr	r3, .L28
 297 002e 9B69     		ldr	r3, [r3, #24]
 298              	.LVL13:
 196:Core/Src/os.c **** 		break;
 299              		.loc 1 196 3 is_stmt 1 view .LVU53
 300 0030 F1E7     		b	.L21
 301              	.LVL14:
 302              	.L20:
 198:Core/Src/os.c **** 			OS_TimeOldLoc = Os_Var.Os_Tick_Runtime.Os_100ms_Tick_Runtime_Start;
 303              		.loc 1 198 4 view .LVU54
 198:Core/Src/os.c **** 			OS_TimeOldLoc = Os_Var.Os_Tick_Runtime.Os_100ms_Tick_Runtime_Start;
 304              		.loc 1 198 18 is_stmt 0 view .LVU55
 305 0032 074B     		ldr	r3, .L28
 306 0034 1B6A     		ldr	r3, [r3, #32]
 307              	.LVL15:
 199:Core/Src/os.c **** 		break;
 308              		.loc 1 199 3 is_stmt 1 view .LVU56
 309 0036 EEE7     		b	.L21
 310              	.LVL16:
 311              	.L27:
 207:Core/Src/os.c **** 			Os_Var.Os_Runtime.Os_1ms_Runtime = Os_TimeDiffLoc;
 312              		.loc 1 207 4 view .LVU57
 207:Core/Src/os.c **** 			Os_Var.Os_Runtime.Os_1ms_Runtime = Os_TimeDiffLoc;
 313              		.loc 1 207 37 is_stmt 0 view .LVU58
 314 0038 054A     		ldr	r2, .L28
 315 003a 5363     		str	r3, [r2, #52]
 208:Core/Src/os.c **** 			Os_Var.Os_Tick_Runtime.Os_1ms_Tick_Runtime_Stop = OS_TimeLoc;
 316              		.loc 1 208 4 is_stmt 1 view .LVU59
 208:Core/Src/os.c **** 			Os_Var.Os_Tick_Runtime.Os_1ms_Tick_Runtime_Stop = OS_TimeLoc;
 317              		.loc 1 208 52 is_stmt 0 view .LVU60
 318 003c 5061     		str	r0, [r2, #20]
 209:Core/Src/os.c **** 		break;
 319              		.loc 1 209 3 is_stmt 1 view .LVU61
 320 003e F1E7     		b	.L18
 321              	.L22:
 211:Core/Src/os.c **** 			Os_Var.Os_Runtime.Os_10ms_Runtime = Os_TimeDiffLoc;
 322              		.loc 1 211 4 view .LVU62
 211:Core/Src/os.c **** 			Os_Var.Os_Runtime.Os_10ms_Runtime = Os_TimeDiffLoc;
 323              		.loc 1 211 38 is_stmt 0 view .LVU63
 324 0040 034A     		ldr	r2, .L28
 325 0042 9363     		str	r3, [r2, #56]
 212:Core/Src/os.c **** 			Os_Var.Os_Tick_Runtime.Os_10ms_Tick_Runtime_Stop = OS_TimeLoc;
 326              		.loc 1 212 4 is_stmt 1 view .LVU64
 212:Core/Src/os.c **** 			Os_Var.Os_Tick_Runtime.Os_10ms_Tick_Runtime_Stop = OS_TimeLoc;
 327              		.loc 1 212 53 is_stmt 0 view .LVU65
 328 0044 D061     		str	r0, [r2, #28]
 213:Core/Src/os.c **** 		break;
 329              		.loc 1 213 3 is_stmt 1 view .LVU66
ARM GAS  C:\Users\jisu8\AppData\Local\Temp\ccM6X58V.s 			page 11


 330 0046 EDE7     		b	.L18
 331              	.L23:
 215:Core/Src/os.c **** 			Os_Var.Os_Runtime.Os_100ms_Runtime = Os_TimeDiffLoc;
 332              		.loc 1 215 4 view .LVU67
 215:Core/Src/os.c **** 			Os_Var.Os_Runtime.Os_100ms_Runtime = Os_TimeDiffLoc;
 333              		.loc 1 215 39 is_stmt 0 view .LVU68
 334 0048 014A     		ldr	r2, .L28
 335 004a D363     		str	r3, [r2, #60]
 216:Core/Src/os.c **** 			Os_Var.Os_Tick_Runtime.Os_100ms_Tick_Runtime_Stop = OS_TimeLoc;
 336              		.loc 1 216 4 is_stmt 1 view .LVU69
 216:Core/Src/os.c **** 			Os_Var.Os_Tick_Runtime.Os_100ms_Tick_Runtime_Stop = OS_TimeLoc;
 337              		.loc 1 216 54 is_stmt 0 view .LVU70
 338 004c 5062     		str	r0, [r2, #36]
 217:Core/Src/os.c **** 		break;
 339              		.loc 1 217 3 is_stmt 1 view .LVU71
 220:Core/Src/os.c **** 	return;
 340              		.loc 1 220 2 view .LVU72
 341 004e E9E7     		b	.L18
 342              	.L29:
 343              		.align	2
 344              	.L28:
 345 0050 00000000 		.word	.LANCHOR0
 346              		.cfi_endproc
 347              	.LFE52:
 349              		.section	.text.Os_Calc_Period,"ax",%progbits
 350              		.align	1
 351              		.syntax unified
 352              		.code	16
 353              		.thumb_func
 355              	Os_Calc_Period:
 356              	.LVL17:
 357              	.LFB50:
 117:Core/Src/os.c **** {
 358              		.loc 1 117 1 view -0
 359              		.cfi_startproc
 360              		@ args = 0, pretend = 0, frame = 0
 361              		@ frame_needed = 0, uses_anonymous_args = 0
 117:Core/Src/os.c **** {
 362              		.loc 1 117 1 is_stmt 0 view .LVU74
 363 0000 10B5     		push	{r4, lr}
 364              	.LCFI3:
 365              		.cfi_def_cfa_offset 8
 366              		.cfi_offset 4, -8
 367              		.cfi_offset 14, -4
 368 0002 0400     		movs	r4, r0
 118:Core/Src/os.c **** 	uint32 OS_TimeLoc=0;
 369              		.loc 1 118 2 is_stmt 1 view .LVU75
 370              	.LVL18:
 119:Core/Src/os.c **** 	uint32 OS_TimeOldLoc=0;
 371              		.loc 1 119 2 view .LVU76
 120:Core/Src/os.c **** 	uint32 Os_TimeDiffLoc=0;
 372              		.loc 1 120 2 view .LVU77
 122:Core/Src/os.c **** 	OS_TimeLoc = Os_Get_Tick_100us();
 373              		.loc 1 122 2 view .LVU78
 122:Core/Src/os.c **** 	OS_TimeLoc = Os_Get_Tick_100us();
 374              		.loc 1 122 15 is_stmt 0 view .LVU79
 375 0004 FFF7FEFF 		bl	Os_Get_Tick_100us
ARM GAS  C:\Users\jisu8\AppData\Local\Temp\ccM6X58V.s 			page 12


 376              	.LVL19:
 124:Core/Src/os.c **** 	switch(idx)
 377              		.loc 1 124 2 is_stmt 1 view .LVU80
 378 0008 022C     		cmp	r4, #2
 379 000a 0FD0     		beq	.L31
 380 000c 032C     		cmp	r4, #3
 381 000e 10D0     		beq	.L32
 382 0010 012C     		cmp	r4, #1
 383 0012 08D0     		beq	.L38
 384 0014 0023     		movs	r3, #0
 385              	.LVL20:
 386              	.L33:
 137:Core/Src/os.c **** 	Os_TimeDiffLoc = OS_TimeLoc - OS_TimeOldLoc;
 387              		.loc 1 137 2 view .LVU81
 137:Core/Src/os.c **** 	Os_TimeDiffLoc = OS_TimeLoc - OS_TimeOldLoc;
 388              		.loc 1 137 17 is_stmt 0 view .LVU82
 389 0016 C31A     		subs	r3, r0, r3
 390              	.LVL21:
 138:Core/Src/os.c **** 	OS_TimeOldLoc = OS_TimeLoc;
 391              		.loc 1 138 2 is_stmt 1 view .LVU83
 140:Core/Src/os.c **** 	switch(idx)
 392              		.loc 1 140 2 view .LVU84
 393 0018 022C     		cmp	r4, #2
 394 001a 11D0     		beq	.L34
 395 001c 032C     		cmp	r4, #3
 396 001e 13D0     		beq	.L35
 397 0020 012C     		cmp	r4, #1
 398 0022 09D0     		beq	.L39
 399              	.L30:
 157:Core/Src/os.c **** }
 400              		.loc 1 157 1 is_stmt 0 view .LVU85
 401              		@ sp needed
 402 0024 10BD     		pop	{r4, pc}
 403              	.LVL22:
 404              	.L38:
 127:Core/Src/os.c **** 			OS_TimeOldLoc = Os_Var.Os_Tick_Period.Os_1ms_Tick_Period;
 405              		.loc 1 127 4 is_stmt 1 view .LVU86
 127:Core/Src/os.c **** 			OS_TimeOldLoc = Os_Var.Os_Tick_Period.Os_1ms_Tick_Period;
 406              		.loc 1 127 18 is_stmt 0 view .LVU87
 407 0026 0A4B     		ldr	r3, .L40
 408 0028 9B6A     		ldr	r3, [r3, #40]
 409              	.LVL23:
 128:Core/Src/os.c **** 		break;
 410              		.loc 1 128 3 is_stmt 1 view .LVU88
 411 002a F4E7     		b	.L33
 412              	.LVL24:
 413              	.L31:
 130:Core/Src/os.c **** 			OS_TimeOldLoc = Os_Var.Os_Tick_Period.Os_10ms_Tick_Period;
 414              		.loc 1 130 4 view .LVU89
 130:Core/Src/os.c **** 			OS_TimeOldLoc = Os_Var.Os_Tick_Period.Os_10ms_Tick_Period;
 415              		.loc 1 130 18 is_stmt 0 view .LVU90
 416 002c 084B     		ldr	r3, .L40
 417 002e DB6A     		ldr	r3, [r3, #44]
 418              	.LVL25:
 131:Core/Src/os.c **** 		break;
 419              		.loc 1 131 3 is_stmt 1 view .LVU91
 420 0030 F1E7     		b	.L33
ARM GAS  C:\Users\jisu8\AppData\Local\Temp\ccM6X58V.s 			page 13


 421              	.LVL26:
 422              	.L32:
 133:Core/Src/os.c **** 			OS_TimeOldLoc = Os_Var.Os_Tick_Period.Os_100ms_Tick_Period;
 423              		.loc 1 133 4 view .LVU92
 133:Core/Src/os.c **** 			OS_TimeOldLoc = Os_Var.Os_Tick_Period.Os_100ms_Tick_Period;
 424              		.loc 1 133 18 is_stmt 0 view .LVU93
 425 0032 074B     		ldr	r3, .L40
 426 0034 1B6B     		ldr	r3, [r3, #48]
 427              	.LVL27:
 134:Core/Src/os.c **** 		break;
 428              		.loc 1 134 3 is_stmt 1 view .LVU94
 429 0036 EEE7     		b	.L33
 430              	.LVL28:
 431              	.L39:
 143:Core/Src/os.c **** 			Os_Var.Os_Period.Os_1ms_Period = Os_TimeDiffLoc;
 432              		.loc 1 143 4 view .LVU95
 143:Core/Src/os.c **** 			Os_Var.Os_Period.Os_1ms_Period = Os_TimeDiffLoc;
 433              		.loc 1 143 35 is_stmt 0 view .LVU96
 434 0038 054A     		ldr	r2, .L40
 435 003a 1364     		str	r3, [r2, #64]
 144:Core/Src/os.c **** 			Os_Var.Os_Tick_Period.Os_1ms_Tick_Period = OS_TimeOldLoc;
 436              		.loc 1 144 4 is_stmt 1 view .LVU97
 144:Core/Src/os.c **** 			Os_Var.Os_Tick_Period.Os_1ms_Tick_Period = OS_TimeOldLoc;
 437              		.loc 1 144 45 is_stmt 0 view .LVU98
 438 003c 9062     		str	r0, [r2, #40]
 145:Core/Src/os.c **** 		break;
 439              		.loc 1 145 3 is_stmt 1 view .LVU99
 440 003e F1E7     		b	.L30
 441              	.L34:
 147:Core/Src/os.c **** 			Os_Var.Os_Period.Os_10ms_Period = Os_TimeDiffLoc;
 442              		.loc 1 147 4 view .LVU100
 147:Core/Src/os.c **** 			Os_Var.Os_Period.Os_10ms_Period = Os_TimeDiffLoc;
 443              		.loc 1 147 36 is_stmt 0 view .LVU101
 444 0040 034A     		ldr	r2, .L40
 445 0042 5364     		str	r3, [r2, #68]
 148:Core/Src/os.c **** 			Os_Var.Os_Tick_Period.Os_10ms_Tick_Period = OS_TimeOldLoc;
 446              		.loc 1 148 4 is_stmt 1 view .LVU102
 148:Core/Src/os.c **** 			Os_Var.Os_Tick_Period.Os_10ms_Tick_Period = OS_TimeOldLoc;
 447              		.loc 1 148 46 is_stmt 0 view .LVU103
 448 0044 D062     		str	r0, [r2, #44]
 149:Core/Src/os.c **** 		break;
 449              		.loc 1 149 3 is_stmt 1 view .LVU104
 450 0046 EDE7     		b	.L30
 451              	.L35:
 151:Core/Src/os.c **** 			Os_Var.Os_Period.Os_100ms_Period = Os_TimeDiffLoc;
 452              		.loc 1 151 4 view .LVU105
 151:Core/Src/os.c **** 			Os_Var.Os_Period.Os_100ms_Period = Os_TimeDiffLoc;
 453              		.loc 1 151 37 is_stmt 0 view .LVU106
 454 0048 014A     		ldr	r2, .L40
 455 004a 9364     		str	r3, [r2, #72]
 152:Core/Src/os.c **** 			Os_Var.Os_Tick_Period.Os_100ms_Tick_Period = OS_TimeOldLoc;
 456              		.loc 1 152 4 is_stmt 1 view .LVU107
 152:Core/Src/os.c **** 			Os_Var.Os_Tick_Period.Os_100ms_Tick_Period = OS_TimeOldLoc;
 457              		.loc 1 152 47 is_stmt 0 view .LVU108
 458 004c 1063     		str	r0, [r2, #48]
 153:Core/Src/os.c **** 		break;
 459              		.loc 1 153 3 is_stmt 1 view .LVU109
ARM GAS  C:\Users\jisu8\AppData\Local\Temp\ccM6X58V.s 			page 14


 156:Core/Src/os.c **** 	return;
 460              		.loc 1 156 2 view .LVU110
 461 004e E9E7     		b	.L30
 462              	.L41:
 463              		.align	2
 464              	.L40:
 465 0050 00000000 		.word	.LANCHOR0
 466              		.cfi_endproc
 467              	.LFE50:
 469              		.section	.text.Os_Handler,"ax",%progbits
 470              		.align	1
 471              		.global	Os_Handler
 472              		.syntax unified
 473              		.code	16
 474              		.thumb_func
 476              	Os_Handler:
 477              	.LFB46:
  45:Core/Src/os.c **** {
 478              		.loc 1 45 1 view -0
 479              		.cfi_startproc
 480              		@ args = 0, pretend = 0, frame = 0
 481              		@ frame_needed = 0, uses_anonymous_args = 0
 482 0000 10B5     		push	{r4, lr}
 483              	.LCFI4:
 484              		.cfi_def_cfa_offset 8
 485              		.cfi_offset 4, -8
 486              		.cfi_offset 14, -4
  46:Core/Src/os.c **** 	void(*fp)(void);
 487              		.loc 1 46 2 view .LVU112
  47:Core/Src/os.c ****     if(Os_Var.Os_Task_Flag.Os_100ms_Flag == 1)
 488              		.loc 1 47 5 view .LVU113
  47:Core/Src/os.c ****     if(Os_Var.Os_Task_Flag.Os_100ms_Flag == 1)
 489              		.loc 1 47 27 is_stmt 0 view .LVU114
 490 0002 0F4A     		ldr	r2, .L46
 491 0004 5623     		movs	r3, #86
 492 0006 D35C     		ldrb	r3, [r2, r3]
  47:Core/Src/os.c ****     if(Os_Var.Os_Task_Flag.Os_100ms_Flag == 1)
 493              		.loc 1 47 7 view .LVU115
 494 0008 012B     		cmp	r3, #1
 495 000a 09D0     		beq	.L45
  59:Core/Src/os.c **** 		Os_Calc_Runtime_Start(OS_TASK_INDEX_BG);
 496              		.loc 1 59 3 is_stmt 1 view .LVU116
 497 000c 0420     		movs	r0, #4
 498 000e FFF7FEFF 		bl	Os_Calc_Runtime_Start
 499              	.LVL29:
  60:Core/Src/os.c **** 		(void)Os_Background_Task();
 500              		.loc 1 60 3 view .LVU117
  61:Core/Src/os.c **** 		Os_Calc_Runtime_Stop(OS_TASK_INDEX_BG);
 501              		.loc 1 61 3 view .LVU118
 502 0012 0420     		movs	r0, #4
 503 0014 FFF7FEFF 		bl	Os_Calc_Runtime_Stop
 504              	.LVL30:
  62:Core/Src/os.c **** 		Os_Calc_Period(OS_TASK_INDEX_BG);
 505              		.loc 1 62 3 view .LVU119
 506 0018 0420     		movs	r0, #4
 507 001a FFF7FEFF 		bl	Os_Calc_Period
 508              	.LVL31:
ARM GAS  C:\Users\jisu8\AppData\Local\Temp\ccM6X58V.s 			page 15


  65:Core/Src/os.c ****     return;
 509              		.loc 1 65 5 view .LVU120
 510              	.L42:
  66:Core/Src/os.c **** }
 511              		.loc 1 66 1 is_stmt 0 view .LVU121
 512              		@ sp needed
 513 001e 10BD     		pop	{r4, pc}
 514              	.L45:
  49:Core/Src/os.c **** 		fp = Os_100ms_Task;
 515              		.loc 1 49 3 is_stmt 1 view .LVU122
  50:Core/Src/os.c **** 		Os_Var.Os_Task_Add.Os_100ms_Address = fp;
 516              		.loc 1 50 3 view .LVU123
  50:Core/Src/os.c **** 		Os_Var.Os_Task_Add.Os_100ms_Address = fp;
 517              		.loc 1 50 39 is_stmt 0 view .LVU124
 518 0020 1300     		movs	r3, r2
 519 0022 084A     		ldr	r2, .L46+4
 520 0024 1A66     		str	r2, [r3, #96]
  51:Core/Src/os.c **** 		Os_Var.Os_Task_Flag.Os_100ms_Flag = 0;
 521              		.loc 1 51 3 is_stmt 1 view .LVU125
  51:Core/Src/os.c **** 		Os_Var.Os_Task_Flag.Os_100ms_Flag = 0;
 522              		.loc 1 51 37 is_stmt 0 view .LVU126
 523 0026 5622     		movs	r2, #86
 524 0028 0021     		movs	r1, #0
 525 002a 9954     		strb	r1, [r3, r2]
  52:Core/Src/os.c **** 		Os_Calc_Runtime_Start(OS_TASK_INDEX_100MS);
 526              		.loc 1 52 3 is_stmt 1 view .LVU127
 527 002c 0320     		movs	r0, #3
 528 002e FFF7FEFF 		bl	Os_Calc_Runtime_Start
 529              	.LVL32:
  53:Core/Src/os.c **** 		(void)Os_100ms_Task();
 530              		.loc 1 53 3 view .LVU128
  54:Core/Src/os.c **** 		Os_Calc_Runtime_Stop(OS_TASK_INDEX_100MS);
 531              		.loc 1 54 3 view .LVU129
 532 0032 0320     		movs	r0, #3
 533 0034 FFF7FEFF 		bl	Os_Calc_Runtime_Stop
 534              	.LVL33:
  55:Core/Src/os.c **** 		Os_Calc_Period(OS_TASK_INDEX_100MS);
 535              		.loc 1 55 3 view .LVU130
 536 0038 0320     		movs	r0, #3
 537 003a FFF7FEFF 		bl	Os_Calc_Period
 538              	.LVL34:
 539 003e EEE7     		b	.L42
 540              	.L47:
 541              		.align	2
 542              	.L46:
 543 0040 00000000 		.word	.LANCHOR0
 544 0044 00000000 		.word	Os_100ms_Task
 545              		.cfi_endproc
 546              	.LFE46:
 548              		.global	__aeabi_uidivmod
 549              		.section	.text.Os_Handler_1ms,"ax",%progbits
 550              		.align	1
 551              		.global	Os_Handler_1ms
 552              		.syntax unified
 553              		.code	16
 554              		.thumb_func
 556              	Os_Handler_1ms:
ARM GAS  C:\Users\jisu8\AppData\Local\Temp\ccM6X58V.s 			page 16


 557              	.LFB47:
  69:Core/Src/os.c **** {
 558              		.loc 1 69 1 view -0
 559              		.cfi_startproc
 560              		@ args = 0, pretend = 0, frame = 0
 561              		@ frame_needed = 0, uses_anonymous_args = 0
 562 0000 10B5     		push	{r4, lr}
 563              	.LCFI5:
 564              		.cfi_def_cfa_offset 8
 565              		.cfi_offset 4, -8
 566              		.cfi_offset 14, -4
  70:Core/Src/os.c **** 	if(Os_Var.Os_Counter.Os_1ms_Counter % 1 == 0)
 567              		.loc 1 70 2 view .LVU132
  72:Core/Src/os.c **** 		Os_Var.Os_Counter.Os_1ms_Counter++;
 568              		.loc 1 72 3 view .LVU133
  72:Core/Src/os.c **** 		Os_Var.Os_Counter.Os_1ms_Counter++;
 569              		.loc 1 72 20 is_stmt 0 view .LVU134
 570 0002 114B     		ldr	r3, .L50
  72:Core/Src/os.c **** 		Os_Var.Os_Counter.Os_1ms_Counter++;
 571              		.loc 1 72 35 view .LVU135
 572 0004 5A68     		ldr	r2, [r3, #4]
 573 0006 501C     		adds	r0, r2, #1
 574 0008 5860     		str	r0, [r3, #4]
  73:Core/Src/os.c **** 		Os_Var.Os_Task_Flag.Os_1ms_Flag = 1;
 575              		.loc 1 73 3 is_stmt 1 view .LVU136
  73:Core/Src/os.c **** 		Os_Var.Os_Task_Flag.Os_1ms_Flag = 1;
 576              		.loc 1 73 35 is_stmt 0 view .LVU137
 577 000a 5422     		movs	r2, #84
 578 000c 0121     		movs	r1, #1
 579 000e 9954     		strb	r1, [r3, r2]
  76:Core/Src/os.c **** 	if(Os_Var.Os_Counter.Os_1ms_Counter % 100 == 0)
 580              		.loc 1 76 2 is_stmt 1 view .LVU138
  76:Core/Src/os.c **** 	if(Os_Var.Os_Counter.Os_1ms_Counter % 100 == 0)
 581              		.loc 1 76 38 is_stmt 0 view .LVU139
 582 0010 6331     		adds	r1, r1, #99
 583 0012 FFF7FEFF 		bl	__aeabi_uidivmod
 584              	.LVL35:
  76:Core/Src/os.c **** 	if(Os_Var.Os_Counter.Os_1ms_Counter % 100 == 0)
 585              		.loc 1 76 4 view .LVU140
 586 0016 0029     		cmp	r1, #0
 587 0018 06D1     		bne	.L49
  78:Core/Src/os.c **** 		Os_Var.Os_Counter.Os_100ms_Counter++;
 588              		.loc 1 78 3 is_stmt 1 view .LVU141
  78:Core/Src/os.c **** 		Os_Var.Os_Counter.Os_100ms_Counter++;
 589              		.loc 1 78 20 is_stmt 0 view .LVU142
 590 001a 0B4B     		ldr	r3, .L50
  78:Core/Src/os.c **** 		Os_Var.Os_Counter.Os_100ms_Counter++;
 591              		.loc 1 78 37 view .LVU143
 592 001c DA68     		ldr	r2, [r3, #12]
 593 001e 0132     		adds	r2, r2, #1
 594 0020 DA60     		str	r2, [r3, #12]
  79:Core/Src/os.c **** 		Os_Var.Os_Task_Flag.Os_100ms_Flag = 1;
 595              		.loc 1 79 3 is_stmt 1 view .LVU144
  79:Core/Src/os.c **** 		Os_Var.Os_Task_Flag.Os_100ms_Flag = 1;
 596              		.loc 1 79 37 is_stmt 0 view .LVU145
 597 0022 5622     		movs	r2, #86
 598 0024 0131     		adds	r1, r1, #1
ARM GAS  C:\Users\jisu8\AppData\Local\Temp\ccM6X58V.s 			page 17


 599 0026 9954     		strb	r1, [r3, r2]
 600              	.L49:
  81:Core/Src/os.c **** 	void(*fp)(void);
 601              		.loc 1 81 2 is_stmt 1 view .LVU146
  82:Core/Src/os.c **** 	if(Os_Var.Os_Task_Flag.Os_1ms_Flag == 1)
 602              		.loc 1 82 2 view .LVU147
  84:Core/Src/os.c **** 		fp = Os_1ms_Task;
 603              		.loc 1 84 3 view .LVU148
  85:Core/Src/os.c **** 		Os_Var.Os_Task_Add.Os_1ms_Address = fp;
 604              		.loc 1 85 3 view .LVU149
  85:Core/Src/os.c **** 		Os_Var.Os_Task_Add.Os_1ms_Address = fp;
 605              		.loc 1 85 37 is_stmt 0 view .LVU150
 606 0028 074B     		ldr	r3, .L50
 607 002a 084A     		ldr	r2, .L50+4
 608 002c 9A65     		str	r2, [r3, #88]
  86:Core/Src/os.c **** 		Os_Var.Os_Task_Flag.Os_1ms_Flag = 0;
 609              		.loc 1 86 3 is_stmt 1 view .LVU151
  86:Core/Src/os.c **** 		Os_Var.Os_Task_Flag.Os_1ms_Flag = 0;
 610              		.loc 1 86 35 is_stmt 0 view .LVU152
 611 002e 5422     		movs	r2, #84
 612 0030 0021     		movs	r1, #0
 613 0032 9954     		strb	r1, [r3, r2]
  87:Core/Src/os.c **** 		Os_Calc_Runtime_Start(OS_TASK_INDEX_1MS);
 614              		.loc 1 87 3 is_stmt 1 view .LVU153
 615 0034 0120     		movs	r0, #1
 616 0036 FFF7FEFF 		bl	Os_Calc_Runtime_Start
 617              	.LVL36:
  88:Core/Src/os.c **** 		(void)Os_1ms_Task();
 618              		.loc 1 88 3 view .LVU154
  89:Core/Src/os.c **** 		Os_Calc_Runtime_Stop(OS_TASK_INDEX_1MS);
 619              		.loc 1 89 3 view .LVU155
 620 003a 0120     		movs	r0, #1
 621 003c FFF7FEFF 		bl	Os_Calc_Runtime_Stop
 622              	.LVL37:
  90:Core/Src/os.c **** 		Os_Calc_Period(OS_TASK_INDEX_1MS);
 623              		.loc 1 90 3 view .LVU156
 624 0040 0120     		movs	r0, #1
 625 0042 FFF7FEFF 		bl	Os_Calc_Period
 626              	.LVL38:
  92:Core/Src/os.c **** }
 627              		.loc 1 92 1 is_stmt 0 view .LVU157
 628              		@ sp needed
 629 0046 10BD     		pop	{r4, pc}
 630              	.L51:
 631              		.align	2
 632              	.L50:
 633 0048 00000000 		.word	.LANCHOR0
 634 004c 00000000 		.word	Os_1ms_Task
 635              		.cfi_endproc
 636              	.LFE47:
 638              		.section	.text.Os_Handler_10ms,"ax",%progbits
 639              		.align	1
 640              		.global	Os_Handler_10ms
 641              		.syntax unified
 642              		.code	16
 643              		.thumb_func
 645              	Os_Handler_10ms:
ARM GAS  C:\Users\jisu8\AppData\Local\Temp\ccM6X58V.s 			page 18


 646              	.LFB48:
  95:Core/Src/os.c **** {
 647              		.loc 1 95 1 is_stmt 1 view -0
 648              		.cfi_startproc
 649              		@ args = 0, pretend = 0, frame = 0
 650              		@ frame_needed = 0, uses_anonymous_args = 0
 651 0000 10B5     		push	{r4, lr}
 652              	.LCFI6:
 653              		.cfi_def_cfa_offset 8
 654              		.cfi_offset 4, -8
 655              		.cfi_offset 14, -4
  96:Core/Src/os.c **** 	Os_Var.Os_Counter.Os_10ms_Counter++;
 656              		.loc 1 96 2 view .LVU159
  96:Core/Src/os.c **** 	Os_Var.Os_Counter.Os_10ms_Counter++;
 657              		.loc 1 96 19 is_stmt 0 view .LVU160
 658 0002 0B4B     		ldr	r3, .L53
  96:Core/Src/os.c **** 	Os_Var.Os_Counter.Os_10ms_Counter++;
 659              		.loc 1 96 35 view .LVU161
 660 0004 9A68     		ldr	r2, [r3, #8]
 661 0006 0132     		adds	r2, r2, #1
 662 0008 9A60     		str	r2, [r3, #8]
  97:Core/Src/os.c **** 	Os_Var.Os_Task_Flag.Os_10ms_Flag = 1;
 663              		.loc 1 97 2 is_stmt 1 view .LVU162
  97:Core/Src/os.c **** 	Os_Var.Os_Task_Flag.Os_10ms_Flag = 1;
 664              		.loc 1 97 35 is_stmt 0 view .LVU163
 665 000a 5522     		movs	r2, #85
 666 000c 0121     		movs	r1, #1
 667 000e 9954     		strb	r1, [r3, r2]
  98:Core/Src/os.c **** 	void(*fp)(void);
 668              		.loc 1 98 2 is_stmt 1 view .LVU164
  99:Core/Src/os.c **** 	if(Os_Var.Os_Task_Flag.Os_10ms_Flag == 1)
 669              		.loc 1 99 2 view .LVU165
 101:Core/Src/os.c **** 		fp = Os_10ms_Task;
 670              		.loc 1 101 3 view .LVU166
 102:Core/Src/os.c **** 		Os_Var.Os_Task_Add.Os_10ms_Address = fp;
 671              		.loc 1 102 3 view .LVU167
 102:Core/Src/os.c **** 		Os_Var.Os_Task_Add.Os_10ms_Address = fp;
 672              		.loc 1 102 38 is_stmt 0 view .LVU168
 673 0010 0849     		ldr	r1, .L53+4
 674 0012 D965     		str	r1, [r3, #92]
 103:Core/Src/os.c **** 		Os_Var.Os_Task_Flag.Os_10ms_Flag = 0;
 675              		.loc 1 103 3 is_stmt 1 view .LVU169
 103:Core/Src/os.c **** 		Os_Var.Os_Task_Flag.Os_10ms_Flag = 0;
 676              		.loc 1 103 36 is_stmt 0 view .LVU170
 677 0014 0021     		movs	r1, #0
 678 0016 9954     		strb	r1, [r3, r2]
 104:Core/Src/os.c **** 		Os_Calc_Runtime_Start(OS_TASK_INDEX_10MS);
 679              		.loc 1 104 3 is_stmt 1 view .LVU171
 680 0018 0220     		movs	r0, #2
 681 001a FFF7FEFF 		bl	Os_Calc_Runtime_Start
 682              	.LVL39:
 105:Core/Src/os.c **** 		(void)Os_10ms_Task();
 683              		.loc 1 105 3 view .LVU172
 684 001e FFF7FEFF 		bl	Os_10ms_Task
 685              	.LVL40:
 106:Core/Src/os.c **** 		Os_Calc_Runtime_Stop(OS_TASK_INDEX_10MS);
 686              		.loc 1 106 3 view .LVU173
ARM GAS  C:\Users\jisu8\AppData\Local\Temp\ccM6X58V.s 			page 19


 687 0022 0220     		movs	r0, #2
 688 0024 FFF7FEFF 		bl	Os_Calc_Runtime_Stop
 689              	.LVL41:
 107:Core/Src/os.c **** 		Os_Calc_Period(OS_TASK_INDEX_10MS);
 690              		.loc 1 107 3 view .LVU174
 691 0028 0220     		movs	r0, #2
 692 002a FFF7FEFF 		bl	Os_Calc_Period
 693              	.LVL42:
 109:Core/Src/os.c **** }
 694              		.loc 1 109 1 is_stmt 0 view .LVU175
 695              		@ sp needed
 696 002e 10BD     		pop	{r4, pc}
 697              	.L54:
 698              		.align	2
 699              	.L53:
 700 0030 00000000 		.word	.LANCHOR0
 701 0034 00000000 		.word	Os_10ms_Task
 702              		.cfi_endproc
 703              	.LFE48:
 705              		.global	Os_Var
 706              		.section	.bss.Os_Var,"aw",%nobits
 707              		.align	2
 708              		.set	.LANCHOR0,. + 0
 711              	Os_Var:
 712 0000 00000000 		.space	100
 712      00000000 
 712      00000000 
 712      00000000 
 712      00000000 
 713              		.text
 714              	.Letext0:
 715              		.file 2 "Core/Inc/vardef.h"
 716              		.file 3 "Core/Inc/os.h"
 717              		.file 4 "Core/Inc/lcd.h"
ARM GAS  C:\Users\jisu8\AppData\Local\Temp\ccM6X58V.s 			page 20


DEFINED SYMBOLS
                            *ABS*:00000000 os.c
C:\Users\jisu8\AppData\Local\Temp\ccM6X58V.s:18     .text.Os_1ms_Task:00000000 $t
C:\Users\jisu8\AppData\Local\Temp\ccM6X58V.s:23     .text.Os_1ms_Task:00000000 Os_1ms_Task
C:\Users\jisu8\AppData\Local\Temp\ccM6X58V.s:38     .text.Os_100ms_Task:00000000 $t
C:\Users\jisu8\AppData\Local\Temp\ccM6X58V.s:43     .text.Os_100ms_Task:00000000 Os_100ms_Task
C:\Users\jisu8\AppData\Local\Temp\ccM6X58V.s:57     .text.Os_10ms_Task:00000000 $t
C:\Users\jisu8\AppData\Local\Temp\ccM6X58V.s:62     .text.Os_10ms_Task:00000000 Os_10ms_Task
C:\Users\jisu8\AppData\Local\Temp\ccM6X58V.s:86     .text.Os_Init_Task:00000000 $t
C:\Users\jisu8\AppData\Local\Temp\ccM6X58V.s:92     .text.Os_Init_Task:00000000 Os_Init_Task
C:\Users\jisu8\AppData\Local\Temp\ccM6X58V.s:106    .text.Os_Time_Handler:00000000 $t
C:\Users\jisu8\AppData\Local\Temp\ccM6X58V.s:112    .text.Os_Time_Handler:00000000 Os_Time_Handler
C:\Users\jisu8\AppData\Local\Temp\ccM6X58V.s:132    .text.Os_Time_Handler:0000000c $d
C:\Users\jisu8\AppData\Local\Temp\ccM6X58V.s:137    .text.Os_Get_Tick_100us:00000000 $t
C:\Users\jisu8\AppData\Local\Temp\ccM6X58V.s:143    .text.Os_Get_Tick_100us:00000000 Os_Get_Tick_100us
C:\Users\jisu8\AppData\Local\Temp\ccM6X58V.s:160    .text.Os_Get_Tick_100us:00000008 $d
C:\Users\jisu8\AppData\Local\Temp\ccM6X58V.s:165    .text.Os_Calc_Runtime_Start:00000000 $t
C:\Users\jisu8\AppData\Local\Temp\ccM6X58V.s:170    .text.Os_Calc_Runtime_Start:00000000 Os_Calc_Runtime_Start
C:\Users\jisu8\AppData\Local\Temp\ccM6X58V.s:226    .text.Os_Calc_Runtime_Start:00000028 $d
C:\Users\jisu8\AppData\Local\Temp\ccM6X58V.s:231    .text.Os_Calc_Runtime_Stop:00000000 $t
C:\Users\jisu8\AppData\Local\Temp\ccM6X58V.s:236    .text.Os_Calc_Runtime_Stop:00000000 Os_Calc_Runtime_Stop
C:\Users\jisu8\AppData\Local\Temp\ccM6X58V.s:345    .text.Os_Calc_Runtime_Stop:00000050 $d
C:\Users\jisu8\AppData\Local\Temp\ccM6X58V.s:350    .text.Os_Calc_Period:00000000 $t
C:\Users\jisu8\AppData\Local\Temp\ccM6X58V.s:355    .text.Os_Calc_Period:00000000 Os_Calc_Period
C:\Users\jisu8\AppData\Local\Temp\ccM6X58V.s:465    .text.Os_Calc_Period:00000050 $d
C:\Users\jisu8\AppData\Local\Temp\ccM6X58V.s:470    .text.Os_Handler:00000000 $t
C:\Users\jisu8\AppData\Local\Temp\ccM6X58V.s:476    .text.Os_Handler:00000000 Os_Handler
C:\Users\jisu8\AppData\Local\Temp\ccM6X58V.s:543    .text.Os_Handler:00000040 $d
C:\Users\jisu8\AppData\Local\Temp\ccM6X58V.s:550    .text.Os_Handler_1ms:00000000 $t
C:\Users\jisu8\AppData\Local\Temp\ccM6X58V.s:556    .text.Os_Handler_1ms:00000000 Os_Handler_1ms
C:\Users\jisu8\AppData\Local\Temp\ccM6X58V.s:633    .text.Os_Handler_1ms:00000048 $d
C:\Users\jisu8\AppData\Local\Temp\ccM6X58V.s:639    .text.Os_Handler_10ms:00000000 $t
C:\Users\jisu8\AppData\Local\Temp\ccM6X58V.s:645    .text.Os_Handler_10ms:00000000 Os_Handler_10ms
C:\Users\jisu8\AppData\Local\Temp\ccM6X58V.s:700    .text.Os_Handler_10ms:00000030 $d
C:\Users\jisu8\AppData\Local\Temp\ccM6X58V.s:711    .bss.Os_Var:00000000 Os_Var
C:\Users\jisu8\AppData\Local\Temp\ccM6X58V.s:707    .bss.Os_Var:00000000 $d

UNDEFINED SYMBOLS
Key_Scan
LCD_Control
__aeabi_uidivmod
