ARM GAS  /var/folders/d0/cymppscj10lcmm48h781wrc80000gn/T//ccLkM3HY.s 			page 1


   1              		.cpu cortex-m0
   2              		.arch armv6s-m
   3              		.fpu softvfp
   4              		.eabi_attribute 20, 1
   5              		.eabi_attribute 21, 1
   6              		.eabi_attribute 23, 3
   7              		.eabi_attribute 24, 1
   8              		.eabi_attribute 25, 1
   9              		.eabi_attribute 26, 1
  10              		.eabi_attribute 30, 6
  11              		.eabi_attribute 34, 0
  12              		.eabi_attribute 18, 4
  13              		.file	"startup_stm32f030x8.c"
  14              		.text
  15              	.Ltext0:
  16              		.cfi_sections	.debug_frame
  17              		.section	.text.Reset_Handler,"ax",%progbits
  18              		.align	1
  19              		.global	Reset_Handler
  20              		.syntax unified
  21              		.code	16
  22              		.thumb_func
  24              	Reset_Handler:
  25              	.LFB40:
  26              		.file 1 "startup_stm32f030x8.c"
   1:startup_stm32f030x8.c **** #include "stdint.h"
   2:startup_stm32f030x8.c **** #include "system_stm32f0xx.h"
   3:startup_stm32f030x8.c **** #include "stm32f0xx.h"
   4:startup_stm32f030x8.c **** #include "stm32f0xx_hal_def.h"
   5:startup_stm32f030x8.c **** #include "main.h"
   6:startup_stm32f030x8.c **** #include "os.h"
   7:startup_stm32f030x8.c **** 
   8:startup_stm32f030x8.c **** extern uint32_t _sidata;
   9:startup_stm32f030x8.c **** extern uint32_t _sdata;
  10:startup_stm32f030x8.c **** extern uint32_t _edata;
  11:startup_stm32f030x8.c **** extern uint32_t _sbss;
  12:startup_stm32f030x8.c **** extern uint32_t _ebss;
  13:startup_stm32f030x8.c **** extern uint32_t _estack;
  14:startup_stm32f030x8.c **** 
  15:startup_stm32f030x8.c **** extern void __libc_init_array();
  16:startup_stm32f030x8.c **** 
  17:startup_stm32f030x8.c **** void Reset_Handler()
  18:startup_stm32f030x8.c **** {
  27              		.loc 1 18 1
  28              		.cfi_startproc
  29              		@ args = 0, pretend = 0, frame = 16
  30              		@ frame_needed = 1, uses_anonymous_args = 0
  31 0000 80B5     		push	{r7, lr}
  32              	.LCFI0:
  33              		.cfi_def_cfa_offset 8
  34              		.cfi_offset 7, -8
  35              		.cfi_offset 14, -4
  36 0002 84B0     		sub	sp, sp, #16
  37              	.LCFI1:
  38              		.cfi_def_cfa_offset 24
  39 0004 00AF     		add	r7, sp, #0
  40              	.LCFI2:
ARM GAS  /var/folders/d0/cymppscj10lcmm48h781wrc80000gn/T//ccLkM3HY.s 			page 2


  41              		.cfi_def_cfa_register 7
  19:startup_stm32f030x8.c ****     uint32_t *dataInit = &_sidata;
  42              		.loc 1 19 15
  43 0006 124B     		ldr	r3, .L7
  44 0008 FB60     		str	r3, [r7, #12]
  20:startup_stm32f030x8.c ****     uint32_t *data = &_sdata;
  45              		.loc 1 20 15
  46 000a 124B     		ldr	r3, .L7+4
  47 000c BB60     		str	r3, [r7, #8]
  21:startup_stm32f030x8.c ****     while(data < &_edata)
  48              		.loc 1 21 10
  49 000e 07E0     		b	.L2
  50              	.L3:
  22:startup_stm32f030x8.c ****     {
  23:startup_stm32f030x8.c ****         *data++ = *dataInit++;
  51              		.loc 1 23 28
  52 0010 FA68     		ldr	r2, [r7, #12]
  53 0012 131D     		adds	r3, r2, #4
  54 0014 FB60     		str	r3, [r7, #12]
  55              		.loc 1 23 14
  56 0016 BB68     		ldr	r3, [r7, #8]
  57 0018 191D     		adds	r1, r3, #4
  58 001a B960     		str	r1, [r7, #8]
  59              		.loc 1 23 19
  60 001c 1268     		ldr	r2, [r2]
  61              		.loc 1 23 17
  62 001e 1A60     		str	r2, [r3]
  63              	.L2:
  21:startup_stm32f030x8.c ****     while(data < &_edata)
  64              		.loc 1 21 10
  65 0020 BA68     		ldr	r2, [r7, #8]
  66 0022 0D4B     		ldr	r3, .L7+8
  67 0024 9A42     		cmp	r2, r3
  68 0026 F3D3     		bcc	.L3
  24:startup_stm32f030x8.c ****     }
  25:startup_stm32f030x8.c **** 
  26:startup_stm32f030x8.c ****     uint32_t *bss = &_sbss;
  69              		.loc 1 26 15
  70 0028 0C4B     		ldr	r3, .L7+12
  71 002a 7B60     		str	r3, [r7, #4]
  27:startup_stm32f030x8.c ****     while(bss < &_ebss)
  72              		.loc 1 27 10
  73 002c 04E0     		b	.L4
  74              	.L5:
  28:startup_stm32f030x8.c ****     {
  29:startup_stm32f030x8.c ****         *bss++ = 0;
  75              		.loc 1 29 13
  76 002e 7B68     		ldr	r3, [r7, #4]
  77 0030 1A1D     		adds	r2, r3, #4
  78 0032 7A60     		str	r2, [r7, #4]
  79              		.loc 1 29 16
  80 0034 0022     		movs	r2, #0
  81 0036 1A60     		str	r2, [r3]
  82              	.L4:
  27:startup_stm32f030x8.c ****     while(bss < &_ebss)
  83              		.loc 1 27 10
  84 0038 7A68     		ldr	r2, [r7, #4]
ARM GAS  /var/folders/d0/cymppscj10lcmm48h781wrc80000gn/T//ccLkM3HY.s 			page 3


  85 003a 094B     		ldr	r3, .L7+16
  86 003c 9A42     		cmp	r2, r3
  87 003e F6D3     		bcc	.L5
  30:startup_stm32f030x8.c ****     }
  31:startup_stm32f030x8.c **** 
  32:startup_stm32f030x8.c ****     SystemInit(); 
  88              		.loc 1 32 5
  89 0040 FFF7FEFF 		bl	SystemInit
  33:startup_stm32f030x8.c ****     __libc_init_array();
  90              		.loc 1 33 5
  91 0044 FFF7FEFF 		bl	__libc_init_array
  34:startup_stm32f030x8.c ****     main();
  92              		.loc 1 34 5
  93 0048 FFF7FEFF 		bl	main
  94              	.L6:
  35:startup_stm32f030x8.c **** 
  36:startup_stm32f030x8.c ****     while (1);
  95              		.loc 1 36 11 discriminator 1
  96 004c FEE7     		b	.L6
  97              	.L8:
  98 004e C046     		.align	2
  99              	.L7:
 100 0050 00000000 		.word	_sidata
 101 0054 00000000 		.word	_sdata
 102 0058 00000000 		.word	_edata
 103 005c 00000000 		.word	_sbss
 104 0060 00000000 		.word	_ebss
 105              		.cfi_endproc
 106              	.LFE40:
 108              		.section	.text.Default_Handler,"ax",%progbits
 109              		.align	1
 110              		.global	Default_Handler
 111              		.syntax unified
 112              		.code	16
 113              		.thumb_func
 115              	Default_Handler:
 116              	.LFB41:
  37:startup_stm32f030x8.c **** }
  38:startup_stm32f030x8.c **** 
  39:startup_stm32f030x8.c **** void Default_Handler(void)
  40:startup_stm32f030x8.c **** {
 117              		.loc 1 40 1
 118              		.cfi_startproc
 119              		@ args = 0, pretend = 0, frame = 0
 120              		@ frame_needed = 1, uses_anonymous_args = 0
 121 0000 80B5     		push	{r7, lr}
 122              	.LCFI3:
 123              		.cfi_def_cfa_offset 8
 124              		.cfi_offset 7, -8
 125              		.cfi_offset 14, -4
 126 0002 00AF     		add	r7, sp, #0
 127              	.LCFI4:
 128              		.cfi_def_cfa_register 7
 129              	.L10:
  41:startup_stm32f030x8.c ****     while (1);
 130              		.loc 1 41 11 discriminator 1
 131 0004 FEE7     		b	.L10
ARM GAS  /var/folders/d0/cymppscj10lcmm48h781wrc80000gn/T//ccLkM3HY.s 			page 4


 132              		.cfi_endproc
 133              	.LFE41:
 135              		.section	.text.TIM14_Handler,"ax",%progbits
 136              		.align	1
 137              		.global	TIM14_Handler
 138              		.syntax unified
 139              		.code	16
 140              		.thumb_func
 142              	TIM14_Handler:
 143              	.LFB42:
  42:startup_stm32f030x8.c **** }
  43:startup_stm32f030x8.c ****           
  44:startup_stm32f030x8.c **** void TIM14_Handler(void)    
  45:startup_stm32f030x8.c **** {
 144              		.loc 1 45 1
 145              		.cfi_startproc
 146              		@ args = 0, pretend = 0, frame = 0
 147              		@ frame_needed = 1, uses_anonymous_args = 0
 148 0000 80B5     		push	{r7, lr}
 149              	.LCFI5:
 150              		.cfi_def_cfa_offset 8
 151              		.cfi_offset 7, -8
 152              		.cfi_offset 14, -4
 153 0002 00AF     		add	r7, sp, #0
 154              	.LCFI6:
 155              		.cfi_def_cfa_register 7
  46:startup_stm32f030x8.c ****     HAL_TIM_IRQHandler(&htim14);
 156              		.loc 1 46 5
 157 0004 034B     		ldr	r3, .L12
 158 0006 1800     		movs	r0, r3
 159 0008 FFF7FEFF 		bl	HAL_TIM_IRQHandler
  47:startup_stm32f030x8.c **** }
 160              		.loc 1 47 1
 161 000c C046     		nop
 162 000e BD46     		mov	sp, r7
 163              		@ sp needed
 164 0010 80BD     		pop	{r7, pc}
 165              	.L13:
 166 0012 C046     		.align	2
 167              	.L12:
 168 0014 00000000 		.word	htim14
 169              		.cfi_endproc
 170              	.LFE42:
 172              		.section	.text.TIM16_Handler,"ax",%progbits
 173              		.align	1
 174              		.global	TIM16_Handler
 175              		.syntax unified
 176              		.code	16
 177              		.thumb_func
 179              	TIM16_Handler:
 180              	.LFB43:
  48:startup_stm32f030x8.c **** 
  49:startup_stm32f030x8.c **** void TIM16_Handler(void)
  50:startup_stm32f030x8.c **** {
 181              		.loc 1 50 1
 182              		.cfi_startproc
 183              		@ args = 0, pretend = 0, frame = 0
ARM GAS  /var/folders/d0/cymppscj10lcmm48h781wrc80000gn/T//ccLkM3HY.s 			page 5


 184              		@ frame_needed = 1, uses_anonymous_args = 0
 185 0000 80B5     		push	{r7, lr}
 186              	.LCFI7:
 187              		.cfi_def_cfa_offset 8
 188              		.cfi_offset 7, -8
 189              		.cfi_offset 14, -4
 190 0002 00AF     		add	r7, sp, #0
 191              	.LCFI8:
 192              		.cfi_def_cfa_register 7
  51:startup_stm32f030x8.c ****     HAL_TIM_IRQHandler(&htim16);
 193              		.loc 1 51 5
 194 0004 034B     		ldr	r3, .L15
 195 0006 1800     		movs	r0, r3
 196 0008 FFF7FEFF 		bl	HAL_TIM_IRQHandler
  52:startup_stm32f030x8.c **** }
 197              		.loc 1 52 1
 198 000c C046     		nop
 199 000e BD46     		mov	sp, r7
 200              		@ sp needed
 201 0010 80BD     		pop	{r7, pc}
 202              	.L16:
 203 0012 C046     		.align	2
 204              	.L15:
 205 0014 00000000 		.word	htim16
 206              		.cfi_endproc
 207              	.LFE43:
 209              		.section	.text.SystemTick_Handler,"ax",%progbits
 210              		.align	1
 211              		.global	SystemTick_Handler
 212              		.syntax unified
 213              		.code	16
 214              		.thumb_func
 216              	SystemTick_Handler:
 217              	.LFB44:
  53:startup_stm32f030x8.c **** 
  54:startup_stm32f030x8.c **** void SystemTick_Handler(void)
  55:startup_stm32f030x8.c **** {
 218              		.loc 1 55 1
 219              		.cfi_startproc
 220              		@ args = 0, pretend = 0, frame = 0
 221              		@ frame_needed = 1, uses_anonymous_args = 0
 222 0000 80B5     		push	{r7, lr}
 223              	.LCFI9:
 224              		.cfi_def_cfa_offset 8
 225              		.cfi_offset 7, -8
 226              		.cfi_offset 14, -4
 227 0002 00AF     		add	r7, sp, #0
 228              	.LCFI10:
 229              		.cfi_def_cfa_register 7
  56:startup_stm32f030x8.c ****     /* USER CODE BEGIN SysTick_IRQn 0 */
  57:startup_stm32f030x8.c **** 
  58:startup_stm32f030x8.c ****     /* USER CODE END SysTick_IRQn 0 */
  59:startup_stm32f030x8.c ****     HAL_IncTick();
 230              		.loc 1 59 5
 231 0004 FFF7FEFF 		bl	HAL_IncTick
  60:startup_stm32f030x8.c ****     /* USER CODE BEGIN SysTick_IRQn 1 */
  61:startup_stm32f030x8.c ****     Os_Handler_1ms();
ARM GAS  /var/folders/d0/cymppscj10lcmm48h781wrc80000gn/T//ccLkM3HY.s 			page 6


 232              		.loc 1 61 5
 233 0008 FFF7FEFF 		bl	Os_Handler_1ms
  62:startup_stm32f030x8.c ****     /* USER CODE END SysTick_IRQn 1 */
  63:startup_stm32f030x8.c **** }
 234              		.loc 1 63 1
 235 000c C046     		nop
 236 000e BD46     		mov	sp, r7
 237              		@ sp needed
 238 0010 80BD     		pop	{r7, pc}
 239              		.cfi_endproc
 240              	.LFE44:
 242              		.section	.text.NMI_Handler,"ax",%progbits
 243              		.align	1
 244              		.weak	NMI_Handler
 245              		.syntax unified
 246              		.code	16
 247              		.thumb_func
 249              	NMI_Handler:
 250              	.LFB45:
  64:startup_stm32f030x8.c **** 
  65:startup_stm32f030x8.c **** __weak void NMI_Handler(void)                          {Default_Handler();}
 251              		.loc 1 65 56
 252              		.cfi_startproc
 253              		@ args = 0, pretend = 0, frame = 0
 254              		@ frame_needed = 1, uses_anonymous_args = 0
 255 0000 80B5     		push	{r7, lr}
 256              	.LCFI11:
 257              		.cfi_def_cfa_offset 8
 258              		.cfi_offset 7, -8
 259              		.cfi_offset 14, -4
 260 0002 00AF     		add	r7, sp, #0
 261              	.LCFI12:
 262              		.cfi_def_cfa_register 7
 263              		.loc 1 65 57
 264 0004 FFF7FEFF 		bl	Default_Handler
 265              		.loc 1 65 75
 266 0008 C046     		nop
 267 000a BD46     		mov	sp, r7
 268              		@ sp needed
 269 000c 80BD     		pop	{r7, pc}
 270              		.cfi_endproc
 271              	.LFE45:
 273              		.section	.text.HardFault_Handler,"ax",%progbits
 274              		.align	1
 275              		.weak	HardFault_Handler
 276              		.syntax unified
 277              		.code	16
 278              		.thumb_func
 280              	HardFault_Handler:
 281              	.LFB46:
  66:startup_stm32f030x8.c **** __weak void HardFault_Handler(void)                    {Default_Handler();}
 282              		.loc 1 66 56
 283              		.cfi_startproc
 284              		@ args = 0, pretend = 0, frame = 0
 285              		@ frame_needed = 1, uses_anonymous_args = 0
 286 0000 80B5     		push	{r7, lr}
 287              	.LCFI13:
ARM GAS  /var/folders/d0/cymppscj10lcmm48h781wrc80000gn/T//ccLkM3HY.s 			page 7


 288              		.cfi_def_cfa_offset 8
 289              		.cfi_offset 7, -8
 290              		.cfi_offset 14, -4
 291 0002 00AF     		add	r7, sp, #0
 292              	.LCFI14:
 293              		.cfi_def_cfa_register 7
 294              		.loc 1 66 57
 295 0004 FFF7FEFF 		bl	Default_Handler
 296              		.loc 1 66 75
 297 0008 C046     		nop
 298 000a BD46     		mov	sp, r7
 299              		@ sp needed
 300 000c 80BD     		pop	{r7, pc}
 301              		.cfi_endproc
 302              	.LFE46:
 304              		.section	.text.SVC_Handler,"ax",%progbits
 305              		.align	1
 306              		.weak	SVC_Handler
 307              		.syntax unified
 308              		.code	16
 309              		.thumb_func
 311              	SVC_Handler:
 312              	.LFB47:
  67:startup_stm32f030x8.c **** __weak void SVC_Handler(void)                          {Default_Handler();}
 313              		.loc 1 67 56
 314              		.cfi_startproc
 315              		@ args = 0, pretend = 0, frame = 0
 316              		@ frame_needed = 1, uses_anonymous_args = 0
 317 0000 80B5     		push	{r7, lr}
 318              	.LCFI15:
 319              		.cfi_def_cfa_offset 8
 320              		.cfi_offset 7, -8
 321              		.cfi_offset 14, -4
 322 0002 00AF     		add	r7, sp, #0
 323              	.LCFI16:
 324              		.cfi_def_cfa_register 7
 325              		.loc 1 67 57
 326 0004 FFF7FEFF 		bl	Default_Handler
 327              		.loc 1 67 75
 328 0008 C046     		nop
 329 000a BD46     		mov	sp, r7
 330              		@ sp needed
 331 000c 80BD     		pop	{r7, pc}
 332              		.cfi_endproc
 333              	.LFE47:
 335              		.section	.text.PendSV_Handler,"ax",%progbits
 336              		.align	1
 337              		.weak	PendSV_Handler
 338              		.syntax unified
 339              		.code	16
 340              		.thumb_func
 342              	PendSV_Handler:
 343              	.LFB48:
  68:startup_stm32f030x8.c **** __weak void PendSV_Handler(void)                       {Default_Handler();}
 344              		.loc 1 68 56
 345              		.cfi_startproc
 346              		@ args = 0, pretend = 0, frame = 0
ARM GAS  /var/folders/d0/cymppscj10lcmm48h781wrc80000gn/T//ccLkM3HY.s 			page 8


 347              		@ frame_needed = 1, uses_anonymous_args = 0
 348 0000 80B5     		push	{r7, lr}
 349              	.LCFI17:
 350              		.cfi_def_cfa_offset 8
 351              		.cfi_offset 7, -8
 352              		.cfi_offset 14, -4
 353 0002 00AF     		add	r7, sp, #0
 354              	.LCFI18:
 355              		.cfi_def_cfa_register 7
 356              		.loc 1 68 57
 357 0004 FFF7FEFF 		bl	Default_Handler
 358              		.loc 1 68 75
 359 0008 C046     		nop
 360 000a BD46     		mov	sp, r7
 361              		@ sp needed
 362 000c 80BD     		pop	{r7, pc}
 363              		.cfi_endproc
 364              	.LFE48:
 366              		.section	.text.SysTick_Handler,"ax",%progbits
 367              		.align	1
 368              		.weak	SysTick_Handler
 369              		.syntax unified
 370              		.code	16
 371              		.thumb_func
 373              	SysTick_Handler:
 374              	.LFB49:
  69:startup_stm32f030x8.c **** __weak void SysTick_Handler(void)                      {SystemTick_Handler();}
 375              		.loc 1 69 56
 376              		.cfi_startproc
 377              		@ args = 0, pretend = 0, frame = 0
 378              		@ frame_needed = 1, uses_anonymous_args = 0
 379 0000 80B5     		push	{r7, lr}
 380              	.LCFI19:
 381              		.cfi_def_cfa_offset 8
 382              		.cfi_offset 7, -8
 383              		.cfi_offset 14, -4
 384 0002 00AF     		add	r7, sp, #0
 385              	.LCFI20:
 386              		.cfi_def_cfa_register 7
 387              		.loc 1 69 57
 388 0004 FFF7FEFF 		bl	SystemTick_Handler
 389              		.loc 1 69 78
 390 0008 C046     		nop
 391 000a BD46     		mov	sp, r7
 392              		@ sp needed
 393 000c 80BD     		pop	{r7, pc}
 394              		.cfi_endproc
 395              	.LFE49:
 397              		.section	.text.WWDG_IRQHandler,"ax",%progbits
 398              		.align	1
 399              		.weak	WWDG_IRQHandler
 400              		.syntax unified
 401              		.code	16
 402              		.thumb_func
 404              	WWDG_IRQHandler:
 405              	.LFB50:
  70:startup_stm32f030x8.c **** __weak void WWDG_IRQHandler(void)                      {Default_Handler();}  
ARM GAS  /var/folders/d0/cymppscj10lcmm48h781wrc80000gn/T//ccLkM3HY.s 			page 9


 406              		.loc 1 70 56
 407              		.cfi_startproc
 408              		@ args = 0, pretend = 0, frame = 0
 409              		@ frame_needed = 1, uses_anonymous_args = 0
 410 0000 80B5     		push	{r7, lr}
 411              	.LCFI21:
 412              		.cfi_def_cfa_offset 8
 413              		.cfi_offset 7, -8
 414              		.cfi_offset 14, -4
 415 0002 00AF     		add	r7, sp, #0
 416              	.LCFI22:
 417              		.cfi_def_cfa_register 7
 418              		.loc 1 70 57
 419 0004 FFF7FEFF 		bl	Default_Handler
 420              		.loc 1 70 75
 421 0008 C046     		nop
 422 000a BD46     		mov	sp, r7
 423              		@ sp needed
 424 000c 80BD     		pop	{r7, pc}
 425              		.cfi_endproc
 426              	.LFE50:
 428              		.section	.text.PVD_IRQHandler,"ax",%progbits
 429              		.align	1
 430              		.weak	PVD_IRQHandler
 431              		.syntax unified
 432              		.code	16
 433              		.thumb_func
 435              	PVD_IRQHandler:
 436              	.LFB51:
  71:startup_stm32f030x8.c **** __weak void PVD_IRQHandler(void)                       {Default_Handler();} 
 437              		.loc 1 71 56
 438              		.cfi_startproc
 439              		@ args = 0, pretend = 0, frame = 0
 440              		@ frame_needed = 1, uses_anonymous_args = 0
 441 0000 80B5     		push	{r7, lr}
 442              	.LCFI23:
 443              		.cfi_def_cfa_offset 8
 444              		.cfi_offset 7, -8
 445              		.cfi_offset 14, -4
 446 0002 00AF     		add	r7, sp, #0
 447              	.LCFI24:
 448              		.cfi_def_cfa_register 7
 449              		.loc 1 71 57
 450 0004 FFF7FEFF 		bl	Default_Handler
 451              		.loc 1 71 75
 452 0008 C046     		nop
 453 000a BD46     		mov	sp, r7
 454              		@ sp needed
 455 000c 80BD     		pop	{r7, pc}
 456              		.cfi_endproc
 457              	.LFE51:
 459              		.section	.text.TAMPER_IRQHandler,"ax",%progbits
 460              		.align	1
 461              		.weak	TAMPER_IRQHandler
 462              		.syntax unified
 463              		.code	16
 464              		.thumb_func
ARM GAS  /var/folders/d0/cymppscj10lcmm48h781wrc80000gn/T//ccLkM3HY.s 			page 10


 466              	TAMPER_IRQHandler:
 467              	.LFB52:
  72:startup_stm32f030x8.c **** __weak void TAMPER_IRQHandler(void)                    {Default_Handler();}             
 468              		.loc 1 72 56
 469              		.cfi_startproc
 470              		@ args = 0, pretend = 0, frame = 0
 471              		@ frame_needed = 1, uses_anonymous_args = 0
 472 0000 80B5     		push	{r7, lr}
 473              	.LCFI25:
 474              		.cfi_def_cfa_offset 8
 475              		.cfi_offset 7, -8
 476              		.cfi_offset 14, -4
 477 0002 00AF     		add	r7, sp, #0
 478              	.LCFI26:
 479              		.cfi_def_cfa_register 7
 480              		.loc 1 72 57
 481 0004 FFF7FEFF 		bl	Default_Handler
 482              		.loc 1 72 75
 483 0008 C046     		nop
 484 000a BD46     		mov	sp, r7
 485              		@ sp needed
 486 000c 80BD     		pop	{r7, pc}
 487              		.cfi_endproc
 488              	.LFE52:
 490              		.section	.text.RTC_IRQHandler,"ax",%progbits
 491              		.align	1
 492              		.weak	RTC_IRQHandler
 493              		.syntax unified
 494              		.code	16
 495              		.thumb_func
 497              	RTC_IRQHandler:
 498              	.LFB53:
  73:startup_stm32f030x8.c **** __weak void RTC_IRQHandler(void)                       {Default_Handler();}            
 499              		.loc 1 73 56
 500              		.cfi_startproc
 501              		@ args = 0, pretend = 0, frame = 0
 502              		@ frame_needed = 1, uses_anonymous_args = 0
 503 0000 80B5     		push	{r7, lr}
 504              	.LCFI27:
 505              		.cfi_def_cfa_offset 8
 506              		.cfi_offset 7, -8
 507              		.cfi_offset 14, -4
 508 0002 00AF     		add	r7, sp, #0
 509              	.LCFI28:
 510              		.cfi_def_cfa_register 7
 511              		.loc 1 73 57
 512 0004 FFF7FEFF 		bl	Default_Handler
 513              		.loc 1 73 75
 514 0008 C046     		nop
 515 000a BD46     		mov	sp, r7
 516              		@ sp needed
 517 000c 80BD     		pop	{r7, pc}
 518              		.cfi_endproc
 519              	.LFE53:
 521              		.section	.text.FLASH_IRQHandler,"ax",%progbits
 522              		.align	1
 523              		.weak	FLASH_IRQHandler
ARM GAS  /var/folders/d0/cymppscj10lcmm48h781wrc80000gn/T//ccLkM3HY.s 			page 11


 524              		.syntax unified
 525              		.code	16
 526              		.thumb_func
 528              	FLASH_IRQHandler:
 529              	.LFB54:
  74:startup_stm32f030x8.c **** __weak void FLASH_IRQHandler(void)                     {Default_Handler();}                  
 530              		.loc 1 74 56
 531              		.cfi_startproc
 532              		@ args = 0, pretend = 0, frame = 0
 533              		@ frame_needed = 1, uses_anonymous_args = 0
 534 0000 80B5     		push	{r7, lr}
 535              	.LCFI29:
 536              		.cfi_def_cfa_offset 8
 537              		.cfi_offset 7, -8
 538              		.cfi_offset 14, -4
 539 0002 00AF     		add	r7, sp, #0
 540              	.LCFI30:
 541              		.cfi_def_cfa_register 7
 542              		.loc 1 74 57
 543 0004 FFF7FEFF 		bl	Default_Handler
 544              		.loc 1 74 75
 545 0008 C046     		nop
 546 000a BD46     		mov	sp, r7
 547              		@ sp needed
 548 000c 80BD     		pop	{r7, pc}
 549              		.cfi_endproc
 550              	.LFE54:
 552              		.section	.text.RCC_IRQHandler,"ax",%progbits
 553              		.align	1
 554              		.weak	RCC_IRQHandler
 555              		.syntax unified
 556              		.code	16
 557              		.thumb_func
 559              	RCC_IRQHandler:
 560              	.LFB55:
  75:startup_stm32f030x8.c **** __weak void RCC_IRQHandler(void)                       {Default_Handler();}
 561              		.loc 1 75 56
 562              		.cfi_startproc
 563              		@ args = 0, pretend = 0, frame = 0
 564              		@ frame_needed = 1, uses_anonymous_args = 0
 565 0000 80B5     		push	{r7, lr}
 566              	.LCFI31:
 567              		.cfi_def_cfa_offset 8
 568              		.cfi_offset 7, -8
 569              		.cfi_offset 14, -4
 570 0002 00AF     		add	r7, sp, #0
 571              	.LCFI32:
 572              		.cfi_def_cfa_register 7
 573              		.loc 1 75 57
 574 0004 FFF7FEFF 		bl	Default_Handler
 575              		.loc 1 75 75
 576 0008 C046     		nop
 577 000a BD46     		mov	sp, r7
 578              		@ sp needed
 579 000c 80BD     		pop	{r7, pc}
 580              		.cfi_endproc
 581              	.LFE55:
ARM GAS  /var/folders/d0/cymppscj10lcmm48h781wrc80000gn/T//ccLkM3HY.s 			page 12


 583              		.section	.text.EXTI0_1_IRQHandler,"ax",%progbits
 584              		.align	1
 585              		.weak	EXTI0_1_IRQHandler
 586              		.syntax unified
 587              		.code	16
 588              		.thumb_func
 590              	EXTI0_1_IRQHandler:
 591              	.LFB56:
  76:startup_stm32f030x8.c **** __weak void EXTI0_1_IRQHandler(void)                   {Default_Handler();}  
 592              		.loc 1 76 56
 593              		.cfi_startproc
 594              		@ args = 0, pretend = 0, frame = 0
 595              		@ frame_needed = 1, uses_anonymous_args = 0
 596 0000 80B5     		push	{r7, lr}
 597              	.LCFI33:
 598              		.cfi_def_cfa_offset 8
 599              		.cfi_offset 7, -8
 600              		.cfi_offset 14, -4
 601 0002 00AF     		add	r7, sp, #0
 602              	.LCFI34:
 603              		.cfi_def_cfa_register 7
 604              		.loc 1 76 57
 605 0004 FFF7FEFF 		bl	Default_Handler
 606              		.loc 1 76 75
 607 0008 C046     		nop
 608 000a BD46     		mov	sp, r7
 609              		@ sp needed
 610 000c 80BD     		pop	{r7, pc}
 611              		.cfi_endproc
 612              	.LFE56:
 614              		.section	.text.EXTI2_3_IRQHandler,"ax",%progbits
 615              		.align	1
 616              		.weak	EXTI2_3_IRQHandler
 617              		.syntax unified
 618              		.code	16
 619              		.thumb_func
 621              	EXTI2_3_IRQHandler:
 622              	.LFB57:
  77:startup_stm32f030x8.c **** __weak void EXTI2_3_IRQHandler(void)                   {Default_Handler();}  
 623              		.loc 1 77 56
 624              		.cfi_startproc
 625              		@ args = 0, pretend = 0, frame = 0
 626              		@ frame_needed = 1, uses_anonymous_args = 0
 627 0000 80B5     		push	{r7, lr}
 628              	.LCFI35:
 629              		.cfi_def_cfa_offset 8
 630              		.cfi_offset 7, -8
 631              		.cfi_offset 14, -4
 632 0002 00AF     		add	r7, sp, #0
 633              	.LCFI36:
 634              		.cfi_def_cfa_register 7
 635              		.loc 1 77 57
 636 0004 FFF7FEFF 		bl	Default_Handler
 637              		.loc 1 77 75
 638 0008 C046     		nop
 639 000a BD46     		mov	sp, r7
 640              		@ sp needed
ARM GAS  /var/folders/d0/cymppscj10lcmm48h781wrc80000gn/T//ccLkM3HY.s 			page 13


 641 000c 80BD     		pop	{r7, pc}
 642              		.cfi_endproc
 643              	.LFE57:
 645              		.section	.text.EXTI4_15_IRQHandler,"ax",%progbits
 646              		.align	1
 647              		.weak	EXTI4_15_IRQHandler
 648              		.syntax unified
 649              		.code	16
 650              		.thumb_func
 652              	EXTI4_15_IRQHandler:
 653              	.LFB58:
  78:startup_stm32f030x8.c **** __weak void EXTI4_15_IRQHandler(void)                  {Default_Handler();}  
 654              		.loc 1 78 56
 655              		.cfi_startproc
 656              		@ args = 0, pretend = 0, frame = 0
 657              		@ frame_needed = 1, uses_anonymous_args = 0
 658 0000 80B5     		push	{r7, lr}
 659              	.LCFI37:
 660              		.cfi_def_cfa_offset 8
 661              		.cfi_offset 7, -8
 662              		.cfi_offset 14, -4
 663 0002 00AF     		add	r7, sp, #0
 664              	.LCFI38:
 665              		.cfi_def_cfa_register 7
 666              		.loc 1 78 57
 667 0004 FFF7FEFF 		bl	Default_Handler
 668              		.loc 1 78 75
 669 0008 C046     		nop
 670 000a BD46     		mov	sp, r7
 671              		@ sp needed
 672 000c 80BD     		pop	{r7, pc}
 673              		.cfi_endproc
 674              	.LFE58:
 676              		.section	.text.DMA1_Channel1_IRQHandler,"ax",%progbits
 677              		.align	1
 678              		.weak	DMA1_Channel1_IRQHandler
 679              		.syntax unified
 680              		.code	16
 681              		.thumb_func
 683              	DMA1_Channel1_IRQHandler:
 684              	.LFB59:
  79:startup_stm32f030x8.c **** __weak void DMA1_Channel1_IRQHandler(void)             {Default_Handler();}
 685              		.loc 1 79 56
 686              		.cfi_startproc
 687              		@ args = 0, pretend = 0, frame = 0
 688              		@ frame_needed = 1, uses_anonymous_args = 0
 689 0000 80B5     		push	{r7, lr}
 690              	.LCFI39:
 691              		.cfi_def_cfa_offset 8
 692              		.cfi_offset 7, -8
 693              		.cfi_offset 14, -4
 694 0002 00AF     		add	r7, sp, #0
 695              	.LCFI40:
 696              		.cfi_def_cfa_register 7
 697              		.loc 1 79 57
 698 0004 FFF7FEFF 		bl	Default_Handler
 699              		.loc 1 79 75
ARM GAS  /var/folders/d0/cymppscj10lcmm48h781wrc80000gn/T//ccLkM3HY.s 			page 14


 700 0008 C046     		nop
 701 000a BD46     		mov	sp, r7
 702              		@ sp needed
 703 000c 80BD     		pop	{r7, pc}
 704              		.cfi_endproc
 705              	.LFE59:
 707              		.section	.text.DMA1_Channel2_3_IRQHandler,"ax",%progbits
 708              		.align	1
 709              		.weak	DMA1_Channel2_3_IRQHandler
 710              		.syntax unified
 711              		.code	16
 712              		.thumb_func
 714              	DMA1_Channel2_3_IRQHandler:
 715              	.LFB60:
  80:startup_stm32f030x8.c **** __weak void DMA1_Channel2_3_IRQHandler(void)           {Default_Handler();}
 716              		.loc 1 80 56
 717              		.cfi_startproc
 718              		@ args = 0, pretend = 0, frame = 0
 719              		@ frame_needed = 1, uses_anonymous_args = 0
 720 0000 80B5     		push	{r7, lr}
 721              	.LCFI41:
 722              		.cfi_def_cfa_offset 8
 723              		.cfi_offset 7, -8
 724              		.cfi_offset 14, -4
 725 0002 00AF     		add	r7, sp, #0
 726              	.LCFI42:
 727              		.cfi_def_cfa_register 7
 728              		.loc 1 80 57
 729 0004 FFF7FEFF 		bl	Default_Handler
 730              		.loc 1 80 75
 731 0008 C046     		nop
 732 000a BD46     		mov	sp, r7
 733              		@ sp needed
 734 000c 80BD     		pop	{r7, pc}
 735              		.cfi_endproc
 736              	.LFE60:
 738              		.section	.text.DMA1_Channel4_5_IRQHandler,"ax",%progbits
 739              		.align	1
 740              		.weak	DMA1_Channel4_5_IRQHandler
 741              		.syntax unified
 742              		.code	16
 743              		.thumb_func
 745              	DMA1_Channel4_5_IRQHandler:
 746              	.LFB61:
  81:startup_stm32f030x8.c **** __weak void DMA1_Channel4_5_IRQHandler(void)           {Default_Handler();}      
 747              		.loc 1 81 56
 748              		.cfi_startproc
 749              		@ args = 0, pretend = 0, frame = 0
 750              		@ frame_needed = 1, uses_anonymous_args = 0
 751 0000 80B5     		push	{r7, lr}
 752              	.LCFI43:
 753              		.cfi_def_cfa_offset 8
 754              		.cfi_offset 7, -8
 755              		.cfi_offset 14, -4
 756 0002 00AF     		add	r7, sp, #0
 757              	.LCFI44:
 758              		.cfi_def_cfa_register 7
ARM GAS  /var/folders/d0/cymppscj10lcmm48h781wrc80000gn/T//ccLkM3HY.s 			page 15


 759              		.loc 1 81 57
 760 0004 FFF7FEFF 		bl	Default_Handler
 761              		.loc 1 81 75
 762 0008 C046     		nop
 763 000a BD46     		mov	sp, r7
 764              		@ sp needed
 765 000c 80BD     		pop	{r7, pc}
 766              		.cfi_endproc
 767              	.LFE61:
 769              		.section	.text.ADC1_IRQHandler,"ax",%progbits
 770              		.align	1
 771              		.weak	ADC1_IRQHandler
 772              		.syntax unified
 773              		.code	16
 774              		.thumb_func
 776              	ADC1_IRQHandler:
 777              	.LFB62:
  82:startup_stm32f030x8.c **** __weak void ADC1_IRQHandler(void)                      {Default_Handler();} 
 778              		.loc 1 82 56
 779              		.cfi_startproc
 780              		@ args = 0, pretend = 0, frame = 0
 781              		@ frame_needed = 1, uses_anonymous_args = 0
 782 0000 80B5     		push	{r7, lr}
 783              	.LCFI45:
 784              		.cfi_def_cfa_offset 8
 785              		.cfi_offset 7, -8
 786              		.cfi_offset 14, -4
 787 0002 00AF     		add	r7, sp, #0
 788              	.LCFI46:
 789              		.cfi_def_cfa_register 7
 790              		.loc 1 82 57
 791 0004 FFF7FEFF 		bl	Default_Handler
 792              		.loc 1 82 75
 793 0008 C046     		nop
 794 000a BD46     		mov	sp, r7
 795              		@ sp needed
 796 000c 80BD     		pop	{r7, pc}
 797              		.cfi_endproc
 798              	.LFE62:
 800              		.section	.text.TIM1_BRK_UP_TRG_COM_IRQHandler,"ax",%progbits
 801              		.align	1
 802              		.weak	TIM1_BRK_UP_TRG_COM_IRQHandler
 803              		.syntax unified
 804              		.code	16
 805              		.thumb_func
 807              	TIM1_BRK_UP_TRG_COM_IRQHandler:
 808              	.LFB63:
  83:startup_stm32f030x8.c **** __weak void TIM1_BRK_UP_TRG_COM_IRQHandler(void)       {Default_Handler();} 
 809              		.loc 1 83 56
 810              		.cfi_startproc
 811              		@ args = 0, pretend = 0, frame = 0
 812              		@ frame_needed = 1, uses_anonymous_args = 0
 813 0000 80B5     		push	{r7, lr}
 814              	.LCFI47:
 815              		.cfi_def_cfa_offset 8
 816              		.cfi_offset 7, -8
 817              		.cfi_offset 14, -4
ARM GAS  /var/folders/d0/cymppscj10lcmm48h781wrc80000gn/T//ccLkM3HY.s 			page 16


 818 0002 00AF     		add	r7, sp, #0
 819              	.LCFI48:
 820              		.cfi_def_cfa_register 7
 821              		.loc 1 83 57
 822 0004 FFF7FEFF 		bl	Default_Handler
 823              		.loc 1 83 75
 824 0008 C046     		nop
 825 000a BD46     		mov	sp, r7
 826              		@ sp needed
 827 000c 80BD     		pop	{r7, pc}
 828              		.cfi_endproc
 829              	.LFE63:
 831              		.section	.text.TIM1_CC_IRQHandler,"ax",%progbits
 832              		.align	1
 833              		.weak	TIM1_CC_IRQHandler
 834              		.syntax unified
 835              		.code	16
 836              		.thumb_func
 838              	TIM1_CC_IRQHandler:
 839              	.LFB64:
  84:startup_stm32f030x8.c **** __weak void TIM1_CC_IRQHandler(void)                   {Default_Handler();}       
 840              		.loc 1 84 56
 841              		.cfi_startproc
 842              		@ args = 0, pretend = 0, frame = 0
 843              		@ frame_needed = 1, uses_anonymous_args = 0
 844 0000 80B5     		push	{r7, lr}
 845              	.LCFI49:
 846              		.cfi_def_cfa_offset 8
 847              		.cfi_offset 7, -8
 848              		.cfi_offset 14, -4
 849 0002 00AF     		add	r7, sp, #0
 850              	.LCFI50:
 851              		.cfi_def_cfa_register 7
 852              		.loc 1 84 57
 853 0004 FFF7FEFF 		bl	Default_Handler
 854              		.loc 1 84 75
 855 0008 C046     		nop
 856 000a BD46     		mov	sp, r7
 857              		@ sp needed
 858 000c 80BD     		pop	{r7, pc}
 859              		.cfi_endproc
 860              	.LFE64:
 862              		.section	.text.TIM3_IRQHandler,"ax",%progbits
 863              		.align	1
 864              		.weak	TIM3_IRQHandler
 865              		.syntax unified
 866              		.code	16
 867              		.thumb_func
 869              	TIM3_IRQHandler:
 870              	.LFB65:
  85:startup_stm32f030x8.c **** __weak void TIM3_IRQHandler(void)                      {Default_Handler();}                
 871              		.loc 1 85 56
 872              		.cfi_startproc
 873              		@ args = 0, pretend = 0, frame = 0
 874              		@ frame_needed = 1, uses_anonymous_args = 0
 875 0000 80B5     		push	{r7, lr}
 876              	.LCFI51:
ARM GAS  /var/folders/d0/cymppscj10lcmm48h781wrc80000gn/T//ccLkM3HY.s 			page 17


 877              		.cfi_def_cfa_offset 8
 878              		.cfi_offset 7, -8
 879              		.cfi_offset 14, -4
 880 0002 00AF     		add	r7, sp, #0
 881              	.LCFI52:
 882              		.cfi_def_cfa_register 7
 883              		.loc 1 85 57
 884 0004 FFF7FEFF 		bl	Default_Handler
 885              		.loc 1 85 75
 886 0008 C046     		nop
 887 000a BD46     		mov	sp, r7
 888              		@ sp needed
 889 000c 80BD     		pop	{r7, pc}
 890              		.cfi_endproc
 891              	.LFE65:
 893              		.section	.text.TIM6_IRQHandler,"ax",%progbits
 894              		.align	1
 895              		.weak	TIM6_IRQHandler
 896              		.syntax unified
 897              		.code	16
 898              		.thumb_func
 900              	TIM6_IRQHandler:
 901              	.LFB66:
  86:startup_stm32f030x8.c **** __weak void TIM6_IRQHandler(void)                      {Default_Handler();}               
 902              		.loc 1 86 56
 903              		.cfi_startproc
 904              		@ args = 0, pretend = 0, frame = 0
 905              		@ frame_needed = 1, uses_anonymous_args = 0
 906 0000 80B5     		push	{r7, lr}
 907              	.LCFI53:
 908              		.cfi_def_cfa_offset 8
 909              		.cfi_offset 7, -8
 910              		.cfi_offset 14, -4
 911 0002 00AF     		add	r7, sp, #0
 912              	.LCFI54:
 913              		.cfi_def_cfa_register 7
 914              		.loc 1 86 57
 915 0004 FFF7FEFF 		bl	Default_Handler
 916              		.loc 1 86 75
 917 0008 C046     		nop
 918 000a BD46     		mov	sp, r7
 919              		@ sp needed
 920 000c 80BD     		pop	{r7, pc}
 921              		.cfi_endproc
 922              	.LFE66:
 924              		.section	.text.TIM14_IRQHandler,"ax",%progbits
 925              		.align	1
 926              		.weak	TIM14_IRQHandler
 927              		.syntax unified
 928              		.code	16
 929              		.thumb_func
 931              	TIM14_IRQHandler:
 932              	.LFB67:
  87:startup_stm32f030x8.c **** __weak void TIM14_IRQHandler(void)                     {TIM14_Handler();}     
 933              		.loc 1 87 56
 934              		.cfi_startproc
 935              		@ args = 0, pretend = 0, frame = 0
ARM GAS  /var/folders/d0/cymppscj10lcmm48h781wrc80000gn/T//ccLkM3HY.s 			page 18


 936              		@ frame_needed = 1, uses_anonymous_args = 0
 937 0000 80B5     		push	{r7, lr}
 938              	.LCFI55:
 939              		.cfi_def_cfa_offset 8
 940              		.cfi_offset 7, -8
 941              		.cfi_offset 14, -4
 942 0002 00AF     		add	r7, sp, #0
 943              	.LCFI56:
 944              		.cfi_def_cfa_register 7
 945              		.loc 1 87 57
 946 0004 FFF7FEFF 		bl	TIM14_Handler
 947              		.loc 1 87 73
 948 0008 C046     		nop
 949 000a BD46     		mov	sp, r7
 950              		@ sp needed
 951 000c 80BD     		pop	{r7, pc}
 952              		.cfi_endproc
 953              	.LFE67:
 955              		.section	.text.TIM15_IRQHandler,"ax",%progbits
 956              		.align	1
 957              		.weak	TIM15_IRQHandler
 958              		.syntax unified
 959              		.code	16
 960              		.thumb_func
 962              	TIM15_IRQHandler:
 963              	.LFB68:
  88:startup_stm32f030x8.c **** __weak void TIM15_IRQHandler(void)                     {Default_Handler();} 
 964              		.loc 1 88 56
 965              		.cfi_startproc
 966              		@ args = 0, pretend = 0, frame = 0
 967              		@ frame_needed = 1, uses_anonymous_args = 0
 968 0000 80B5     		push	{r7, lr}
 969              	.LCFI57:
 970              		.cfi_def_cfa_offset 8
 971              		.cfi_offset 7, -8
 972              		.cfi_offset 14, -4
 973 0002 00AF     		add	r7, sp, #0
 974              	.LCFI58:
 975              		.cfi_def_cfa_register 7
 976              		.loc 1 88 57
 977 0004 FFF7FEFF 		bl	Default_Handler
 978              		.loc 1 88 75
 979 0008 C046     		nop
 980 000a BD46     		mov	sp, r7
 981              		@ sp needed
 982 000c 80BD     		pop	{r7, pc}
 983              		.cfi_endproc
 984              	.LFE68:
 986              		.section	.text.TIM16_IRQHandler,"ax",%progbits
 987              		.align	1
 988              		.weak	TIM16_IRQHandler
 989              		.syntax unified
 990              		.code	16
 991              		.thumb_func
 993              	TIM16_IRQHandler:
 994              	.LFB69:
  89:startup_stm32f030x8.c **** __weak void TIM16_IRQHandler(void)                     {TIM16_Handler();} 
ARM GAS  /var/folders/d0/cymppscj10lcmm48h781wrc80000gn/T//ccLkM3HY.s 			page 19


 995              		.loc 1 89 56
 996              		.cfi_startproc
 997              		@ args = 0, pretend = 0, frame = 0
 998              		@ frame_needed = 1, uses_anonymous_args = 0
 999 0000 80B5     		push	{r7, lr}
 1000              	.LCFI59:
 1001              		.cfi_def_cfa_offset 8
 1002              		.cfi_offset 7, -8
 1003              		.cfi_offset 14, -4
 1004 0002 00AF     		add	r7, sp, #0
 1005              	.LCFI60:
 1006              		.cfi_def_cfa_register 7
 1007              		.loc 1 89 57
 1008 0004 FFF7FEFF 		bl	TIM16_Handler
 1009              		.loc 1 89 73
 1010 0008 C046     		nop
 1011 000a BD46     		mov	sp, r7
 1012              		@ sp needed
 1013 000c 80BD     		pop	{r7, pc}
 1014              		.cfi_endproc
 1015              	.LFE69:
 1017              		.section	.text.TIM17_IRQHandler,"ax",%progbits
 1018              		.align	1
 1019              		.weak	TIM17_IRQHandler
 1020              		.syntax unified
 1021              		.code	16
 1022              		.thumb_func
 1024              	TIM17_IRQHandler:
 1025              	.LFB70:
  90:startup_stm32f030x8.c **** __weak void TIM17_IRQHandler(void)                     {Default_Handler();} 
 1026              		.loc 1 90 56
 1027              		.cfi_startproc
 1028              		@ args = 0, pretend = 0, frame = 0
 1029              		@ frame_needed = 1, uses_anonymous_args = 0
 1030 0000 80B5     		push	{r7, lr}
 1031              	.LCFI61:
 1032              		.cfi_def_cfa_offset 8
 1033              		.cfi_offset 7, -8
 1034              		.cfi_offset 14, -4
 1035 0002 00AF     		add	r7, sp, #0
 1036              	.LCFI62:
 1037              		.cfi_def_cfa_register 7
 1038              		.loc 1 90 57
 1039 0004 FFF7FEFF 		bl	Default_Handler
 1040              		.loc 1 90 75
 1041 0008 C046     		nop
 1042 000a BD46     		mov	sp, r7
 1043              		@ sp needed
 1044 000c 80BD     		pop	{r7, pc}
 1045              		.cfi_endproc
 1046              	.LFE70:
 1048              		.section	.text.I2C1_IRQHandler,"ax",%progbits
 1049              		.align	1
 1050              		.weak	I2C1_IRQHandler
 1051              		.syntax unified
 1052              		.code	16
 1053              		.thumb_func
ARM GAS  /var/folders/d0/cymppscj10lcmm48h781wrc80000gn/T//ccLkM3HY.s 			page 20


 1055              	I2C1_IRQHandler:
 1056              	.LFB71:
  91:startup_stm32f030x8.c **** __weak void I2C1_IRQHandler(void)                      {Default_Handler();}              
 1057              		.loc 1 91 56
 1058              		.cfi_startproc
 1059              		@ args = 0, pretend = 0, frame = 0
 1060              		@ frame_needed = 1, uses_anonymous_args = 0
 1061 0000 80B5     		push	{r7, lr}
 1062              	.LCFI63:
 1063              		.cfi_def_cfa_offset 8
 1064              		.cfi_offset 7, -8
 1065              		.cfi_offset 14, -4
 1066 0002 00AF     		add	r7, sp, #0
 1067              	.LCFI64:
 1068              		.cfi_def_cfa_register 7
 1069              		.loc 1 91 57
 1070 0004 FFF7FEFF 		bl	Default_Handler
 1071              		.loc 1 91 75
 1072 0008 C046     		nop
 1073 000a BD46     		mov	sp, r7
 1074              		@ sp needed
 1075 000c 80BD     		pop	{r7, pc}
 1076              		.cfi_endproc
 1077              	.LFE71:
 1079              		.section	.text.I2C2_IRQHandler,"ax",%progbits
 1080              		.align	1
 1081              		.weak	I2C2_IRQHandler
 1082              		.syntax unified
 1083              		.code	16
 1084              		.thumb_func
 1086              	I2C2_IRQHandler:
 1087              	.LFB72:
  92:startup_stm32f030x8.c **** __weak void I2C2_IRQHandler(void)                      {Default_Handler();}             
 1088              		.loc 1 92 56
 1089              		.cfi_startproc
 1090              		@ args = 0, pretend = 0, frame = 0
 1091              		@ frame_needed = 1, uses_anonymous_args = 0
 1092 0000 80B5     		push	{r7, lr}
 1093              	.LCFI65:
 1094              		.cfi_def_cfa_offset 8
 1095              		.cfi_offset 7, -8
 1096              		.cfi_offset 14, -4
 1097 0002 00AF     		add	r7, sp, #0
 1098              	.LCFI66:
 1099              		.cfi_def_cfa_register 7
 1100              		.loc 1 92 57
 1101 0004 FFF7FEFF 		bl	Default_Handler
 1102              		.loc 1 92 75
 1103 0008 C046     		nop
 1104 000a BD46     		mov	sp, r7
 1105              		@ sp needed
 1106 000c 80BD     		pop	{r7, pc}
 1107              		.cfi_endproc
 1108              	.LFE72:
 1110              		.section	.text.SPI1_IRQHandler,"ax",%progbits
 1111              		.align	1
 1112              		.weak	SPI1_IRQHandler
ARM GAS  /var/folders/d0/cymppscj10lcmm48h781wrc80000gn/T//ccLkM3HY.s 			page 21


 1113              		.syntax unified
 1114              		.code	16
 1115              		.thumb_func
 1117              	SPI1_IRQHandler:
 1118              	.LFB73:
  93:startup_stm32f030x8.c **** __weak void SPI1_IRQHandler(void)                      {Default_Handler();}               
 1119              		.loc 1 93 56
 1120              		.cfi_startproc
 1121              		@ args = 0, pretend = 0, frame = 0
 1122              		@ frame_needed = 1, uses_anonymous_args = 0
 1123 0000 80B5     		push	{r7, lr}
 1124              	.LCFI67:
 1125              		.cfi_def_cfa_offset 8
 1126              		.cfi_offset 7, -8
 1127              		.cfi_offset 14, -4
 1128 0002 00AF     		add	r7, sp, #0
 1129              	.LCFI68:
 1130              		.cfi_def_cfa_register 7
 1131              		.loc 1 93 57
 1132 0004 FFF7FEFF 		bl	Default_Handler
 1133              		.loc 1 93 75
 1134 0008 C046     		nop
 1135 000a BD46     		mov	sp, r7
 1136              		@ sp needed
 1137 000c 80BD     		pop	{r7, pc}
 1138              		.cfi_endproc
 1139              	.LFE73:
 1141              		.section	.text.SPI2_IRQHandler,"ax",%progbits
 1142              		.align	1
 1143              		.weak	SPI2_IRQHandler
 1144              		.syntax unified
 1145              		.code	16
 1146              		.thumb_func
 1148              	SPI2_IRQHandler:
 1149              	.LFB74:
  94:startup_stm32f030x8.c **** __weak void SPI2_IRQHandler(void)                      {Default_Handler();}              
 1150              		.loc 1 94 56
 1151              		.cfi_startproc
 1152              		@ args = 0, pretend = 0, frame = 0
 1153              		@ frame_needed = 1, uses_anonymous_args = 0
 1154 0000 80B5     		push	{r7, lr}
 1155              	.LCFI69:
 1156              		.cfi_def_cfa_offset 8
 1157              		.cfi_offset 7, -8
 1158              		.cfi_offset 14, -4
 1159 0002 00AF     		add	r7, sp, #0
 1160              	.LCFI70:
 1161              		.cfi_def_cfa_register 7
 1162              		.loc 1 94 57
 1163 0004 FFF7FEFF 		bl	Default_Handler
 1164              		.loc 1 94 75
 1165 0008 C046     		nop
 1166 000a BD46     		mov	sp, r7
 1167              		@ sp needed
 1168 000c 80BD     		pop	{r7, pc}
 1169              		.cfi_endproc
 1170              	.LFE74:
ARM GAS  /var/folders/d0/cymppscj10lcmm48h781wrc80000gn/T//ccLkM3HY.s 			page 22


 1172              		.section	.text.USART1_IRQHandler,"ax",%progbits
 1173              		.align	1
 1174              		.weak	USART1_IRQHandler
 1175              		.syntax unified
 1176              		.code	16
 1177              		.thumb_func
 1179              	USART1_IRQHandler:
 1180              	.LFB75:
  95:startup_stm32f030x8.c **** __weak void USART1_IRQHandler(void)                    {Default_Handler();}              
 1181              		.loc 1 95 56
 1182              		.cfi_startproc
 1183              		@ args = 0, pretend = 0, frame = 0
 1184              		@ frame_needed = 1, uses_anonymous_args = 0
 1185 0000 80B5     		push	{r7, lr}
 1186              	.LCFI71:
 1187              		.cfi_def_cfa_offset 8
 1188              		.cfi_offset 7, -8
 1189              		.cfi_offset 14, -4
 1190 0002 00AF     		add	r7, sp, #0
 1191              	.LCFI72:
 1192              		.cfi_def_cfa_register 7
 1193              		.loc 1 95 57
 1194 0004 FFF7FEFF 		bl	Default_Handler
 1195              		.loc 1 95 75
 1196 0008 C046     		nop
 1197 000a BD46     		mov	sp, r7
 1198              		@ sp needed
 1199 000c 80BD     		pop	{r7, pc}
 1200              		.cfi_endproc
 1201              	.LFE75:
 1203              		.section	.text.USART2_IRQHandler,"ax",%progbits
 1204              		.align	1
 1205              		.weak	USART2_IRQHandler
 1206              		.syntax unified
 1207              		.code	16
 1208              		.thumb_func
 1210              	USART2_IRQHandler:
 1211              	.LFB76:
  96:startup_stm32f030x8.c **** __weak void USART2_IRQHandler(void)                    {Default_Handler();}    
 1212              		.loc 1 96 56
 1213              		.cfi_startproc
 1214              		@ args = 0, pretend = 0, frame = 0
 1215              		@ frame_needed = 1, uses_anonymous_args = 0
 1216 0000 80B5     		push	{r7, lr}
 1217              	.LCFI73:
 1218              		.cfi_def_cfa_offset 8
 1219              		.cfi_offset 7, -8
 1220              		.cfi_offset 14, -4
 1221 0002 00AF     		add	r7, sp, #0
 1222              	.LCFI74:
 1223              		.cfi_def_cfa_register 7
 1224              		.loc 1 96 57
 1225 0004 FFF7FEFF 		bl	Default_Handler
 1226              		.loc 1 96 75
 1227 0008 C046     		nop
 1228 000a BD46     		mov	sp, r7
 1229              		@ sp needed
ARM GAS  /var/folders/d0/cymppscj10lcmm48h781wrc80000gn/T//ccLkM3HY.s 			page 23


 1230 000c 80BD     		pop	{r7, pc}
 1231              		.cfi_endproc
 1232              	.LFE76:
 1234              		.global	VectorTable
 1235              		.section	.isr_vector,"aw"
 1236              		.align	2
 1239              	VectorTable:
 1240 0000 00000000 		.word	_estack
 1241 0004 00000000 		.word	Reset_Handler
 1242 0008 00000000 		.word	NMI_Handler
 1243 000c 00000000 		.word	HardFault_Handler
 1244 0010 00000000 		.word	0
 1245 0014 00000000 		.word	0
 1246 0018 00000000 		.word	0
 1247 001c 00000000 		.word	0
 1248 0020 00000000 		.word	0
 1249 0024 00000000 		.word	0
 1250 0028 00000000 		.word	0
 1251 002c 00000000 		.word	SVC_Handler
 1252 0030 00000000 		.word	0
 1253 0034 00000000 		.word	0
 1254 0038 00000000 		.word	PendSV_Handler
 1255 003c 00000000 		.word	SysTick_Handler
 1256 0040 00000000 		.word	WWDG_IRQHandler
 1257 0044 00000000 		.word	0
 1258 0048 00000000 		.word	RTC_IRQHandler
 1259 004c 00000000 		.word	FLASH_IRQHandler
 1260 0050 00000000 		.word	RCC_IRQHandler
 1261 0054 00000000 		.word	EXTI0_1_IRQHandler
 1262 0058 00000000 		.word	EXTI2_3_IRQHandler
 1263 005c 00000000 		.word	EXTI4_15_IRQHandler
 1264 0060 00000000 		.word	0
 1265 0064 00000000 		.word	DMA1_Channel1_IRQHandler
 1266 0068 00000000 		.word	DMA1_Channel2_3_IRQHandler
 1267 006c 00000000 		.word	DMA1_Channel4_5_IRQHandler
 1268 0070 00000000 		.word	ADC1_IRQHandler
 1269 0074 00000000 		.word	TIM1_BRK_UP_TRG_COM_IRQHandler
 1270 0078 00000000 		.word	TIM1_CC_IRQHandler
 1271 007c 00000000 		.word	0
 1272 0080 00000000 		.word	TIM3_IRQHandler
 1273 0084 00000000 		.word	TIM6_IRQHandler
 1274 0088 00000000 		.word	0
 1275 008c 00000000 		.word	TIM14_IRQHandler
 1276 0090 00000000 		.word	TIM15_IRQHandler
 1277 0094 00000000 		.word	TIM16_IRQHandler
 1278 0098 00000000 		.word	TIM17_IRQHandler
 1279 009c 00000000 		.word	I2C1_IRQHandler
 1280 00a0 00000000 		.word	I2C2_IRQHandler
 1281 00a4 00000000 		.word	SPI1_IRQHandler
 1282 00a8 00000000 		.word	SPI2_IRQHandler
 1283 00ac 00000000 		.word	USART1_IRQHandler
 1284 00b0 00000000 		.word	USART2_IRQHandler
 1285 00b4 00000000 		.word	0
 1286 00b8 00000000 		.word	0
 1287 00bc 00000000 		.word	0
 1288              		.text
 1289              	.Letext0:
ARM GAS  /var/folders/d0/cymppscj10lcmm48h781wrc80000gn/T//ccLkM3HY.s 			page 24


 1290              		.file 2 "/Users/seojisu/Library/Arm-GCC-xPack/arm-none-eabi/include/machine/_default_types.h"
 1291              		.file 3 "/Users/seojisu/Library/Arm-GCC-xPack/arm-none-eabi/include/sys/_stdint.h"
 1292              		.file 4 "Drivers/CMSIS/Device/ST/STM32F0xx/Include/stm32f030x8.h"
 1293              		.file 5 "Drivers/STM32F0xx_HAL_Driver/Inc/stm32f0xx_hal_def.h"
 1294              		.file 6 "Drivers/STM32F0xx_HAL_Driver/Inc/stm32f0xx_hal_dma.h"
 1295              		.file 7 "Drivers/STM32F0xx_HAL_Driver/Inc/stm32f0xx_hal_tim.h"
 1296              		.file 8 "Core/Inc/main.h"
ARM GAS  /var/folders/d0/cymppscj10lcmm48h781wrc80000gn/T//ccLkM3HY.s 			page 25


DEFINED SYMBOLS
                            *ABS*:0000000000000000 startup_stm32f030x8.c
/var/folders/d0/cymppscj10lcmm48h781wrc80000gn/T//ccLkM3HY.s:18     .text.Reset_Handler:0000000000000000 $t
/var/folders/d0/cymppscj10lcmm48h781wrc80000gn/T//ccLkM3HY.s:24     .text.Reset_Handler:0000000000000000 Reset_Handler
/var/folders/d0/cymppscj10lcmm48h781wrc80000gn/T//ccLkM3HY.s:100    .text.Reset_Handler:0000000000000050 $d
/var/folders/d0/cymppscj10lcmm48h781wrc80000gn/T//ccLkM3HY.s:109    .text.Default_Handler:0000000000000000 $t
/var/folders/d0/cymppscj10lcmm48h781wrc80000gn/T//ccLkM3HY.s:115    .text.Default_Handler:0000000000000000 Default_Handler
/var/folders/d0/cymppscj10lcmm48h781wrc80000gn/T//ccLkM3HY.s:136    .text.TIM14_Handler:0000000000000000 $t
/var/folders/d0/cymppscj10lcmm48h781wrc80000gn/T//ccLkM3HY.s:142    .text.TIM14_Handler:0000000000000000 TIM14_Handler
/var/folders/d0/cymppscj10lcmm48h781wrc80000gn/T//ccLkM3HY.s:168    .text.TIM14_Handler:0000000000000014 $d
/var/folders/d0/cymppscj10lcmm48h781wrc80000gn/T//ccLkM3HY.s:173    .text.TIM16_Handler:0000000000000000 $t
/var/folders/d0/cymppscj10lcmm48h781wrc80000gn/T//ccLkM3HY.s:179    .text.TIM16_Handler:0000000000000000 TIM16_Handler
/var/folders/d0/cymppscj10lcmm48h781wrc80000gn/T//ccLkM3HY.s:205    .text.TIM16_Handler:0000000000000014 $d
/var/folders/d0/cymppscj10lcmm48h781wrc80000gn/T//ccLkM3HY.s:210    .text.SystemTick_Handler:0000000000000000 $t
/var/folders/d0/cymppscj10lcmm48h781wrc80000gn/T//ccLkM3HY.s:216    .text.SystemTick_Handler:0000000000000000 SystemTick_Handler
/var/folders/d0/cymppscj10lcmm48h781wrc80000gn/T//ccLkM3HY.s:243    .text.NMI_Handler:0000000000000000 $t
/var/folders/d0/cymppscj10lcmm48h781wrc80000gn/T//ccLkM3HY.s:249    .text.NMI_Handler:0000000000000000 NMI_Handler
/var/folders/d0/cymppscj10lcmm48h781wrc80000gn/T//ccLkM3HY.s:274    .text.HardFault_Handler:0000000000000000 $t
/var/folders/d0/cymppscj10lcmm48h781wrc80000gn/T//ccLkM3HY.s:280    .text.HardFault_Handler:0000000000000000 HardFault_Handler
/var/folders/d0/cymppscj10lcmm48h781wrc80000gn/T//ccLkM3HY.s:305    .text.SVC_Handler:0000000000000000 $t
/var/folders/d0/cymppscj10lcmm48h781wrc80000gn/T//ccLkM3HY.s:311    .text.SVC_Handler:0000000000000000 SVC_Handler
/var/folders/d0/cymppscj10lcmm48h781wrc80000gn/T//ccLkM3HY.s:336    .text.PendSV_Handler:0000000000000000 $t
/var/folders/d0/cymppscj10lcmm48h781wrc80000gn/T//ccLkM3HY.s:342    .text.PendSV_Handler:0000000000000000 PendSV_Handler
/var/folders/d0/cymppscj10lcmm48h781wrc80000gn/T//ccLkM3HY.s:367    .text.SysTick_Handler:0000000000000000 $t
/var/folders/d0/cymppscj10lcmm48h781wrc80000gn/T//ccLkM3HY.s:373    .text.SysTick_Handler:0000000000000000 SysTick_Handler
/var/folders/d0/cymppscj10lcmm48h781wrc80000gn/T//ccLkM3HY.s:398    .text.WWDG_IRQHandler:0000000000000000 $t
/var/folders/d0/cymppscj10lcmm48h781wrc80000gn/T//ccLkM3HY.s:404    .text.WWDG_IRQHandler:0000000000000000 WWDG_IRQHandler
/var/folders/d0/cymppscj10lcmm48h781wrc80000gn/T//ccLkM3HY.s:429    .text.PVD_IRQHandler:0000000000000000 $t
/var/folders/d0/cymppscj10lcmm48h781wrc80000gn/T//ccLkM3HY.s:435    .text.PVD_IRQHandler:0000000000000000 PVD_IRQHandler
/var/folders/d0/cymppscj10lcmm48h781wrc80000gn/T//ccLkM3HY.s:460    .text.TAMPER_IRQHandler:0000000000000000 $t
/var/folders/d0/cymppscj10lcmm48h781wrc80000gn/T//ccLkM3HY.s:466    .text.TAMPER_IRQHandler:0000000000000000 TAMPER_IRQHandler
/var/folders/d0/cymppscj10lcmm48h781wrc80000gn/T//ccLkM3HY.s:491    .text.RTC_IRQHandler:0000000000000000 $t
/var/folders/d0/cymppscj10lcmm48h781wrc80000gn/T//ccLkM3HY.s:497    .text.RTC_IRQHandler:0000000000000000 RTC_IRQHandler
/var/folders/d0/cymppscj10lcmm48h781wrc80000gn/T//ccLkM3HY.s:522    .text.FLASH_IRQHandler:0000000000000000 $t
/var/folders/d0/cymppscj10lcmm48h781wrc80000gn/T//ccLkM3HY.s:528    .text.FLASH_IRQHandler:0000000000000000 FLASH_IRQHandler
/var/folders/d0/cymppscj10lcmm48h781wrc80000gn/T//ccLkM3HY.s:553    .text.RCC_IRQHandler:0000000000000000 $t
/var/folders/d0/cymppscj10lcmm48h781wrc80000gn/T//ccLkM3HY.s:559    .text.RCC_IRQHandler:0000000000000000 RCC_IRQHandler
/var/folders/d0/cymppscj10lcmm48h781wrc80000gn/T//ccLkM3HY.s:584    .text.EXTI0_1_IRQHandler:0000000000000000 $t
/var/folders/d0/cymppscj10lcmm48h781wrc80000gn/T//ccLkM3HY.s:590    .text.EXTI0_1_IRQHandler:0000000000000000 EXTI0_1_IRQHandler
/var/folders/d0/cymppscj10lcmm48h781wrc80000gn/T//ccLkM3HY.s:615    .text.EXTI2_3_IRQHandler:0000000000000000 $t
/var/folders/d0/cymppscj10lcmm48h781wrc80000gn/T//ccLkM3HY.s:621    .text.EXTI2_3_IRQHandler:0000000000000000 EXTI2_3_IRQHandler
/var/folders/d0/cymppscj10lcmm48h781wrc80000gn/T//ccLkM3HY.s:646    .text.EXTI4_15_IRQHandler:0000000000000000 $t
/var/folders/d0/cymppscj10lcmm48h781wrc80000gn/T//ccLkM3HY.s:652    .text.EXTI4_15_IRQHandler:0000000000000000 EXTI4_15_IRQHandler
/var/folders/d0/cymppscj10lcmm48h781wrc80000gn/T//ccLkM3HY.s:677    .text.DMA1_Channel1_IRQHandler:0000000000000000 $t
/var/folders/d0/cymppscj10lcmm48h781wrc80000gn/T//ccLkM3HY.s:683    .text.DMA1_Channel1_IRQHandler:0000000000000000 DMA1_Channel1_IRQHandler
/var/folders/d0/cymppscj10lcmm48h781wrc80000gn/T//ccLkM3HY.s:708    .text.DMA1_Channel2_3_IRQHandler:0000000000000000 $t
/var/folders/d0/cymppscj10lcmm48h781wrc80000gn/T//ccLkM3HY.s:714    .text.DMA1_Channel2_3_IRQHandler:0000000000000000 DMA1_Channel2_3_IRQHandler
/var/folders/d0/cymppscj10lcmm48h781wrc80000gn/T//ccLkM3HY.s:739    .text.DMA1_Channel4_5_IRQHandler:0000000000000000 $t
/var/folders/d0/cymppscj10lcmm48h781wrc80000gn/T//ccLkM3HY.s:745    .text.DMA1_Channel4_5_IRQHandler:0000000000000000 DMA1_Channel4_5_IRQHandler
/var/folders/d0/cymppscj10lcmm48h781wrc80000gn/T//ccLkM3HY.s:770    .text.ADC1_IRQHandler:0000000000000000 $t
/var/folders/d0/cymppscj10lcmm48h781wrc80000gn/T//ccLkM3HY.s:776    .text.ADC1_IRQHandler:0000000000000000 ADC1_IRQHandler
/var/folders/d0/cymppscj10lcmm48h781wrc80000gn/T//ccLkM3HY.s:801    .text.TIM1_BRK_UP_TRG_COM_IRQHandler:0000000000000000 $t
/var/folders/d0/cymppscj10lcmm48h781wrc80000gn/T//ccLkM3HY.s:807    .text.TIM1_BRK_UP_TRG_COM_IRQHandler:0000000000000000 TIM1_BRK_UP_TRG_COM_IRQHandler
/var/folders/d0/cymppscj10lcmm48h781wrc80000gn/T//ccLkM3HY.s:832    .text.TIM1_CC_IRQHandler:0000000000000000 $t
/var/folders/d0/cymppscj10lcmm48h781wrc80000gn/T//ccLkM3HY.s:838    .text.TIM1_CC_IRQHandler:0000000000000000 TIM1_CC_IRQHandler
/var/folders/d0/cymppscj10lcmm48h781wrc80000gn/T//ccLkM3HY.s:863    .text.TIM3_IRQHandler:0000000000000000 $t
/var/folders/d0/cymppscj10lcmm48h781wrc80000gn/T//ccLkM3HY.s:869    .text.TIM3_IRQHandler:0000000000000000 TIM3_IRQHandler
ARM GAS  /var/folders/d0/cymppscj10lcmm48h781wrc80000gn/T//ccLkM3HY.s 			page 26


/var/folders/d0/cymppscj10lcmm48h781wrc80000gn/T//ccLkM3HY.s:894    .text.TIM6_IRQHandler:0000000000000000 $t
/var/folders/d0/cymppscj10lcmm48h781wrc80000gn/T//ccLkM3HY.s:900    .text.TIM6_IRQHandler:0000000000000000 TIM6_IRQHandler
/var/folders/d0/cymppscj10lcmm48h781wrc80000gn/T//ccLkM3HY.s:925    .text.TIM14_IRQHandler:0000000000000000 $t
/var/folders/d0/cymppscj10lcmm48h781wrc80000gn/T//ccLkM3HY.s:931    .text.TIM14_IRQHandler:0000000000000000 TIM14_IRQHandler
/var/folders/d0/cymppscj10lcmm48h781wrc80000gn/T//ccLkM3HY.s:956    .text.TIM15_IRQHandler:0000000000000000 $t
/var/folders/d0/cymppscj10lcmm48h781wrc80000gn/T//ccLkM3HY.s:962    .text.TIM15_IRQHandler:0000000000000000 TIM15_IRQHandler
/var/folders/d0/cymppscj10lcmm48h781wrc80000gn/T//ccLkM3HY.s:987    .text.TIM16_IRQHandler:0000000000000000 $t
/var/folders/d0/cymppscj10lcmm48h781wrc80000gn/T//ccLkM3HY.s:993    .text.TIM16_IRQHandler:0000000000000000 TIM16_IRQHandler
/var/folders/d0/cymppscj10lcmm48h781wrc80000gn/T//ccLkM3HY.s:1018   .text.TIM17_IRQHandler:0000000000000000 $t
/var/folders/d0/cymppscj10lcmm48h781wrc80000gn/T//ccLkM3HY.s:1024   .text.TIM17_IRQHandler:0000000000000000 TIM17_IRQHandler
/var/folders/d0/cymppscj10lcmm48h781wrc80000gn/T//ccLkM3HY.s:1049   .text.I2C1_IRQHandler:0000000000000000 $t
/var/folders/d0/cymppscj10lcmm48h781wrc80000gn/T//ccLkM3HY.s:1055   .text.I2C1_IRQHandler:0000000000000000 I2C1_IRQHandler
/var/folders/d0/cymppscj10lcmm48h781wrc80000gn/T//ccLkM3HY.s:1080   .text.I2C2_IRQHandler:0000000000000000 $t
/var/folders/d0/cymppscj10lcmm48h781wrc80000gn/T//ccLkM3HY.s:1086   .text.I2C2_IRQHandler:0000000000000000 I2C2_IRQHandler
/var/folders/d0/cymppscj10lcmm48h781wrc80000gn/T//ccLkM3HY.s:1111   .text.SPI1_IRQHandler:0000000000000000 $t
/var/folders/d0/cymppscj10lcmm48h781wrc80000gn/T//ccLkM3HY.s:1117   .text.SPI1_IRQHandler:0000000000000000 SPI1_IRQHandler
/var/folders/d0/cymppscj10lcmm48h781wrc80000gn/T//ccLkM3HY.s:1142   .text.SPI2_IRQHandler:0000000000000000 $t
/var/folders/d0/cymppscj10lcmm48h781wrc80000gn/T//ccLkM3HY.s:1148   .text.SPI2_IRQHandler:0000000000000000 SPI2_IRQHandler
/var/folders/d0/cymppscj10lcmm48h781wrc80000gn/T//ccLkM3HY.s:1173   .text.USART1_IRQHandler:0000000000000000 $t
/var/folders/d0/cymppscj10lcmm48h781wrc80000gn/T//ccLkM3HY.s:1179   .text.USART1_IRQHandler:0000000000000000 USART1_IRQHandler
/var/folders/d0/cymppscj10lcmm48h781wrc80000gn/T//ccLkM3HY.s:1204   .text.USART2_IRQHandler:0000000000000000 $t
/var/folders/d0/cymppscj10lcmm48h781wrc80000gn/T//ccLkM3HY.s:1210   .text.USART2_IRQHandler:0000000000000000 USART2_IRQHandler
/var/folders/d0/cymppscj10lcmm48h781wrc80000gn/T//ccLkM3HY.s:1239   .isr_vector:0000000000000000 VectorTable
/var/folders/d0/cymppscj10lcmm48h781wrc80000gn/T//ccLkM3HY.s:1236   .isr_vector:0000000000000000 $d

UNDEFINED SYMBOLS
SystemInit
__libc_init_array
main
_sidata
_sdata
_edata
_sbss
_ebss
HAL_TIM_IRQHandler
htim14
htim16
HAL_IncTick
Os_Handler_1ms
_estack
