make all --print-data-base --no-builtin-variables --no-builtin-rules --question
# GNU Make 3.81
# Copyright (C) 2006  Free Software Foundation, Inc.
# This is free software; see the source for copying conditions.
# There is NO warranty; not even for MERCHANTABILITY or FITNESS FOR A
# PARTICULAR PURPOSE.

# This program built for i386-apple-darwin11.3.0
 

# Make data base, printed on Mon Jun  6 21:43:28 2022

# Variables

# automatic
<D = $(patsubst %/,%,$(dir $<))
# automatic
?F = $(notdir $?)
# makefile (from `Makefile', line 142)
LDSCRIPT = STM32F030R8Tx_FLASH.ld
# environment
VSCODE_LOG_NATIVE = false
# makefile (from `Makefile', line 16)
TARGET = AllPrime_Refrigerator_Master
# automatic
?D = $(patsubst %/,%,$(dir $?))
# makefile (from `Makefile', line 104)
AS_DEFS = 
# makefile (from `Makefile', line 113)
AS_INCLUDES = 
# automatic
@D = $(patsubst %/,%,$(dir $@))
# automatic
@F = $(notdir $@)
# makefile
CURDIR := /Users/seojisu/Project/AllPrime_Refrigerator_Master
# makefile
SHELL = /bin/sh
# makefile (from `Makefile', line 85)
BIN = $(CP) -O binary -S
# environment
VSCODE_NLS_CONFIG = {"locale":"ko","availableLanguages":{"*":"ko"},"_languagePackId":"738ac08552cca045871a73764b8c446f.ko","_translationsConfigFile":"/Users/seojisu/Library/Application Support/Code/clp/738ac08552cca045871a73764b8c446f.ko/tcf.json","_cacheRoot":"/Users/seojisu/Library/Application Support/Code/clp/738ac08552cca045871a73764b8c446f.ko","_resolvedLanguagePackCoreLocation":"/Users/seojisu/Library/Application Support/Code/clp/738ac08552cca045871a73764b8c446f.ko/c3511e6c69bb39013c4a4b7b9566ec1ca73fc4d5","_corruptedFile":"/Users/seojisu/Library/Application Support/Code/clp/738ac08552cca045871a73764b8c446f.ko/corrupted.info","_languagePackSupport":true}
# makefile (from `Makefile', line 82)
SZ = $(PREFIX)size
# environment
_ = /usr/bin/make
# makefile (from `Makefile', line 135)
CFLAGS = $(MCU) $(C_DEFS) $(C_INCLUDES) $(OPT) -Wall -fdata-sections -ffunction-sections -g -gdwarf-2 -MMD -MP -MF"$(@:%.o=%.d)"
# makefile (from `build/system_stm32f0xx.d', line 1)
MAKEFILE_LIST :=  Makefile build/keypad.d build/lcd.d build/main.d build/os.d build/startup_stm32f030x8.d build/stm32f0xx_hal.d build/stm32f0xx_hal_cortex.d build/stm32f0xx_hal_dma.d build/stm32f0xx_hal_exti.d build/stm32f0xx_hal_flash.d build/stm32f0xx_hal_flash_ex.d build/stm32f0xx_hal_gpio.d build/stm32f0xx_hal_i2c.d build/stm32f0xx_hal_i2c_ex.d build/stm32f0xx_hal_msp.d build/stm32f0xx_hal_pwr.d build/stm32f0xx_hal_pwr_ex.d build/stm32f0xx_hal_rcc.d build/stm32f0xx_hal_rcc_ex.d build/stm32f0xx_hal_tim.d build/stm32f0xx_hal_tim_ex.d build/stm32f0xx_it.d build/switch.d build/system_stm32f0xx.d
# makefile (from `Makefile', line 81)
CP = $(PREFIX)objcopy
# makefile (from `Makefile', line 23)
DEBUG = 1
# environment
VSCODE_VERBOSE_LOGGING = true
# makefile (from `Makefile', line 80)
AS = $(PREFIX)gcc -x assembler-with-cpp
# environment
__CFBundleIdentifier = com.microsoft.VSCode
# environment
INFOPATH = /opt/homebrew/share/info:
# environment
VSCODE_IPC_HOOK_EXTHOST = /var/folders/d0/cymppscj10lcmm48h781wrc80000gn/T/vscode-ipc-60f7718e-e7a7-407c-a12d-98b1457e2792.sock
# environment
VSCODE_CWD = /
# environment
PATH = /opt/homebrew/bin:/opt/homebrew/sbin:/usr/local/bin:/usr/bin:/bin:/usr/sbin:/sbin:/Library/Apple/usr/bin
# environment
VSCODE_LOG_STACK = false
# environment
ELECTRON_RUN_AS_NODE = 1
# makefile (from `Makefile', line 147)
LDFLAGS = $(MCU) -specs=nano.specs -T$(LDSCRIPT) $(LIBDIR) $(LIBS) -Wl,-Map=$(BUILD_DIR)/$(TARGET).map,--cref -Wl,--gc-sections
# default
.FEATURES := target-specific order-only second-expansion else-if archives jobserver check-symlink
# environment
SSH_AUTH_SOCK = /private/tmp/com.apple.launchd.mmfdM4EgKz/Listeners
# automatic
%F = $(notdir $%)
# makefile (from `Makefile', line 64)
ASM_SOURCES = 
# makefile (from `Makefile', line 25)
OPT = -Og
# environment
VSCODE_PIPE_LOGGING = true
# environment
PWD = /Users/seojisu/Project/AllPrime_Refrigerator_Master
# environment
HOMEBREW_CELLAR = /opt/homebrew/Cellar
# environment
ORIGINAL_XDG_CURRENT_DESKTOP = undefined
# environment
MANPATH = /opt/homebrew/share/man::
# environment
VSCODE_AMD_ENTRYPOINT = vs/workbench/api/node/extensionHostProcess
# environment
HOME = /Users/seojisu
# default
MAKEFILEPATH := /Applications/Xcode.app/Contents/Developer/Makefiles
# environment
VSCODE_CODE_CACHE_PATH = /Users/seojisu/Library/Application Support/Code/CachedData/c3511e6c69bb39013c4a4b7b9566ec1ca73fc4d5
# environment
LOGNAME = seojisu
# environment
APPLICATION_INSIGHTS_NO_DIAGNOSTIC_CHANNEL = 1
# makefile (from `Makefile', line 70)
PREFIX = arm-none-eabi-
# environment
VSCODE_HANDLES_UNCAUGHT_ERRORS = true
# automatic
^D = $(patsubst %/,%,$(dir $^))
# makefile (from `Makefile', line 107)
C_DEFS = -DUSE_HAL_DRIVER -DSTM32F030x8
# environment
XPC_FLAGS = 0x0
# default
MAKE = $(MAKE_COMMAND)
# default
MAKECMDGOALS := all
# environment
SHLVL = 1
# makefile (from `Makefile', line 84)
HEX = $(CP) -O ihex
# makefile (from `Makefile', line 79)
CC = $(PREFIX)gcc
# makefile (from `Makefile', line 32)
BUILD_DIR = build
# makefile (from `Makefile', line 125)
ASFLAGS = $(MCU) $(AS_DEFS) $(AS_INCLUDES) $(OPT) -Wall -fdata-sections -ffunction-sections
# default
MAKE_VERSION := 3.81
# environment
USER = seojisu
# makefile
.DEFAULT_GOAL := all
# automatic
%D = $(patsubst %/,%,$(dir $%))
# makefile (from `Makefile', line 91)
CPU = -mcpu=cortex-m0
# default
MAKE_COMMAND := /Applications/Xcode.app/Contents/Developer/usr/bin/make
# makefile (from `Makefile', line 146)
LIBDIR = 
# default
.VARIABLES := 
# environment
TMPDIR = /var/folders/d0/cymppscj10lcmm48h781wrc80000gn/T/
# automatic
*F = $(notdir $*)
# environment
VSCODE_IPC_HOOK = /Users/seojisu/Library/Application Support/Code/1.67.2-main.sock
# makefile
MAKEFLAGS = Rrqp
# environment
MFLAGS = -Rrqp
# automatic
*D = $(patsubst %/,%,$(dir $*))
# environment
XPC_SERVICE_NAME = application.com.microsoft.VSCode.6281137.6281143
# environment
HOMEBREW_PREFIX = /opt/homebrew
# automatic
+D = $(patsubst %/,%,$(dir $+))
# automatic
+F = $(notdir $+)
# environment
HOMEBREW_REPOSITORY = /opt/homebrew
# makefile (from `Makefile', line 100)
MCU = $(CPU) -mthumb $(FPU) $(FLOAT-ABI)
# makefile (from `Makefile', line 116)
C_INCLUDES = -ICore/Inc -IDrivers/STM32F0xx_HAL_Driver/Inc -IDrivers/STM32F0xx_HAL_Driver/Inc/Legacy -IDrivers/CMSIS/Device/ST/STM32F0xx/Include -IDrivers/CMSIS/Include
# environment
__CF_USER_TEXT_ENCODING = 0x1F5:0x3:0x33
# environment
COMMAND_MODE = unix2003
# default
MAKEFILES := 
# automatic
<F = $(notdir $<)
# environment
LC_ALL = C
# makefile (from `Makefile', line 145)
LIBS = -lc -lm -lnosys 
# automatic
^F = $(notdir $^)
# makefile (from `Makefile', line 38)
C_SOURCES = Core/Src/main.c Core/Src/stm32f0xx_it.c Core/Src/stm32f0xx_hal_msp.c Core/Src/os.c Core/Src/keypad.c Core/Src/lcd.c Drivers/STM32F0xx_HAL_Driver/Src/stm32f0xx_hal_tim.c Drivers/STM32F0xx_HAL_Driver/Src/stm32f0xx_hal_tim_ex.c Drivers/STM32F0xx_HAL_Driver/Src/stm32f0xx_hal_rcc.c Drivers/STM32F0xx_HAL_Driver/Src/stm32f0xx_hal_rcc_ex.c Drivers/STM32F0xx_HAL_Driver/Src/stm32f0xx_hal.c Drivers/STM32F0xx_HAL_Driver/Src/stm32f0xx_hal_i2c.c Drivers/STM32F0xx_HAL_Driver/Src/stm32f0xx_hal_i2c_ex.c Drivers/STM32F0xx_HAL_Driver/Src/stm32f0xx_hal_gpio.c Drivers/STM32F0xx_HAL_Driver/Src/stm32f0xx_hal_dma.c Drivers/STM32F0xx_HAL_Driver/Src/stm32f0xx_hal_cortex.c Drivers/STM32F0xx_HAL_Driver/Src/stm32f0xx_hal_pwr.c Drivers/STM32F0xx_HAL_Driver/Src/stm32f0xx_hal_pwr_ex.c Drivers/STM32F0xx_HAL_Driver/Src/stm32f0xx_hal_flash.c Drivers/STM32F0xx_HAL_Driver/Src/stm32f0xx_hal_flash_ex.c Drivers/STM32F0xx_HAL_Driver/Src/stm32f0xx_hal_exti.c Core/Src/system_stm32f0xx.c startup_stm32f030x8.c
# default
SUFFIXES := 
# environment
MAKELEVEL := 0
# makefile (from `Makefile', line 160)
OBJECTS = $(addprefix $(BUILD_DIR)/,$(notdir $(C_SOURCES:.c=.o))) $(addprefix $(BUILD_DIR)/,$(notdir $(ASM_SOURCES:.s=.o)))
# environment
LANG = C
# environment
VSCODE_PID = 19113
# variable set hash-table stats:
# Load=92/1024=9%, Rehash=0, Collisions=4/199=2%

# Pattern-specific Variable Values

# No pattern-specific variable values.

# Directories

# . (device 16777232, inode 8510765): 16 files, no impossibilities.
# build (device 16777232, inode 8511923): 78 files, no impossibilities.
# Drivers/STM32F0xx_HAL_Driver/Src (device 16777232, inode 8511856): No files, no impossibilities so far.
# Core/Src (device 16777232, inode 8510856): 9 files, no impossibilities.

# 103 files, no impossibilities in 4 directories.

# Implicit Rules
 

build/%.o: %.c Makefile | build
#  commands to execute (from `Makefile', line 164):
	$(CC) -c $(CFLAGS) -Wa,-a,-ad,-alms=$(BUILD_DIR)/$(notdir $(<:.c=.lst)) $< -o $@
	

build/%.o: %.s Makefile | build
#  commands to execute (from `Makefile', line 167):
	$(AS) -c $(CFLAGS) $< -o $@
	

build/%.hex: build/%.elf | build
#  commands to execute (from `Makefile', line 174):
	$(HEX) $< $@
	

build/%.bin: build/%.elf | build
#  commands to execute (from `Makefile', line 177):
	$(BIN) $< $@	
	

# 4 implicit rules, 0 (0.0%) terminal.

# Files

build/stm32f0xx_hal_rcc_ex.o: Drivers/STM32F0xx_HAL_Driver/Src/stm32f0xx_hal_rcc_ex.c Makefile Drivers/STM32F0xx_HAL_Driver/Src/stm32f0xx_hal_rcc_ex.c Drivers/STM32F0xx_HAL_Driver/Inc/stm32f0xx_hal.h Core/Inc/stm32f0xx_hal_conf.h Drivers/STM32F0xx_HAL_Driver/Inc/stm32f0xx_hal_rcc.h Drivers/STM32F0xx_HAL_Driver/Inc/stm32f0xx_hal_def.h Drivers/CMSIS/Device/ST/STM32F0xx/Include/stm32f0xx.h Drivers/CMSIS/Device/ST/STM32F0xx/Include/stm32f030x8.h Drivers/CMSIS/Include/core_cm0.h Drivers/CMSIS/Include/cmsis_version.h Drivers/CMSIS/Include/cmsis_compiler.h Drivers/CMSIS/Include/cmsis_gcc.h Drivers/CMSIS/Device/ST/STM32F0xx/Include/system_stm32f0xx.h Drivers/STM32F0xx_HAL_Driver/Inc/Legacy/stm32_hal_legacy.h Drivers/STM32F0xx_HAL_Driver/Inc/stm32f0xx_hal_rcc_ex.h Drivers/STM32F0xx_HAL_Driver/Inc/stm32f0xx_hal_gpio.h Drivers/STM32F0xx_HAL_Driver/Inc/stm32f0xx_hal_gpio_ex.h Drivers/STM32F0xx_HAL_Driver/Inc/stm32f0xx_hal_exti.h Drivers/STM32F0xx_HAL_Driver/Inc/stm32f0xx_hal_dma.h Drivers/STM32F0xx_HAL_Driver/Inc/stm32f0xx_hal_dma_ex.h Drivers/STM32F0xx_HAL_Driver/Inc/stm32f0xx_hal_cortex.h Drivers/STM32F0xx_HAL_Driver/Inc/stm32f0xx_hal_flash.h Drivers/STM32F0xx_HAL_Driver/Inc/stm32f0xx_hal_flash_ex.h Drivers/STM32F0xx_HAL_Driver/Inc/stm32f0xx_hal_i2c.h Drivers/STM32F0xx_HAL_Driver/Inc/stm32f0xx_hal_i2c_ex.h Drivers/STM32F0xx_HAL_Driver/Inc/stm32f0xx_hal_pwr.h Drivers/STM32F0xx_HAL_Driver/Inc/stm32f0xx_hal_pwr_ex.h Drivers/STM32F0xx_HAL_Driver/Inc/stm32f0xx_hal_tim.h Drivers/STM32F0xx_HAL_Driver/Inc/stm32f0xx_hal_tim_ex.h | build
#  Implicit rule search has been done.
#  Implicit/static pattern stem: `stm32f0xx_hal_rcc_ex'
#  Last modified 2022-06-06 21:40:25
#  File has been updated.
#  Successfully updated.
# variable set hash-table stats:
# Load=0/32=0%, Rehash=0, Collisions=0/0=0%
#  commands to execute (from `Makefile', line 164):
	$(CC) -c $(CFLAGS) -Wa,-a,-ad,-alms=$(BUILD_DIR)/$(notdir $(<:.c=.lst)) $< -o $@
	

# Not a target:
Drivers/STM32F0xx_HAL_Driver/Src/stm32f0xx_hal_cortex.c:
#  Implicit rule search has been done.
#  Last modified 2022-06-06 21:40:25
#  File has been updated.
#  Successfully updated.
# variable set hash-table stats:
# Load=0/32=0%, Rehash=0, Collisions=0/0=0%

Drivers/STM32F0xx_HAL_Driver/Inc/stm32f0xx_hal_dma_ex.h:
#  Implicit rule search has been done.
#  Last modified 2022-06-06 21:40:25
#  File has been updated.
#  Successfully updated.
# variable set hash-table stats:
# Load=0/32=0%, Rehash=0, Collisions=0/0=0%

# Not a target:
build/stm32f0xx_hal_pwr.d:
#  A default, MAKEFILES, or -include/sinclude makefile.
#  Implicit rule search has been done.
#  Last modified 2022-06-06 21:40:25
#  File has been updated.
#  Successfully updated.
# variable set hash-table stats:
# Load=0/32=0%, Rehash=0, Collisions=0/0=0%

Drivers/STM32F0xx_HAL_Driver/Inc/stm32f0xx_hal_def.h:
#  Implicit rule search has been done.
#  Last modified 2022-06-06 21:40:25
#  File has been updated.
#  Successfully updated.
# variable set hash-table stats:
# Load=0/32=0%, Rehash=0, Collisions=0/0=0%

# Not a target:
Drivers/STM32F0xx_HAL_Driver/Src/stm32f0xx_hal_flash_ex.c:
#  Implicit rule search has been done.
#  Last modified 2022-06-06 21:40:25
#  File has been updated.
#  Successfully updated.
# variable set hash-table stats:
# Load=0/32=0%, Rehash=0, Collisions=0/0=0%

build/stm32f0xx_hal_i2c.o: Drivers/STM32F0xx_HAL_Driver/Src/stm32f0xx_hal_i2c.c Makefile Drivers/STM32F0xx_HAL_Driver/Src/stm32f0xx_hal_i2c.c Drivers/STM32F0xx_HAL_Driver/Inc/stm32f0xx_hal.h Core/Inc/stm32f0xx_hal_conf.h Drivers/STM32F0xx_HAL_Driver/Inc/stm32f0xx_hal_rcc.h Drivers/STM32F0xx_HAL_Driver/Inc/stm32f0xx_hal_def.h Drivers/CMSIS/Device/ST/STM32F0xx/Include/stm32f0xx.h Drivers/CMSIS/Device/ST/STM32F0xx/Include/stm32f030x8.h Drivers/CMSIS/Include/core_cm0.h Drivers/CMSIS/Include/cmsis_version.h Drivers/CMSIS/Include/cmsis_compiler.h Drivers/CMSIS/Include/cmsis_gcc.h Drivers/CMSIS/Device/ST/STM32F0xx/Include/system_stm32f0xx.h Drivers/STM32F0xx_HAL_Driver/Inc/Legacy/stm32_hal_legacy.h Drivers/STM32F0xx_HAL_Driver/Inc/stm32f0xx_hal_rcc_ex.h Drivers/STM32F0xx_HAL_Driver/Inc/stm32f0xx_hal_gpio.h Drivers/STM32F0xx_HAL_Driver/Inc/stm32f0xx_hal_gpio_ex.h Drivers/STM32F0xx_HAL_Driver/Inc/stm32f0xx_hal_exti.h Drivers/STM32F0xx_HAL_Driver/Inc/stm32f0xx_hal_dma.h Drivers/STM32F0xx_HAL_Driver/Inc/stm32f0xx_hal_dma_ex.h Drivers/STM32F0xx_HAL_Driver/Inc/stm32f0xx_hal_cortex.h Drivers/STM32F0xx_HAL_Driver/Inc/stm32f0xx_hal_flash.h Drivers/STM32F0xx_HAL_Driver/Inc/stm32f0xx_hal_flash_ex.h Drivers/STM32F0xx_HAL_Driver/Inc/stm32f0xx_hal_i2c.h Drivers/STM32F0xx_HAL_Driver/Inc/stm32f0xx_hal_i2c_ex.h Drivers/STM32F0xx_HAL_Driver/Inc/stm32f0xx_hal_pwr.h Drivers/STM32F0xx_HAL_Driver/Inc/stm32f0xx_hal_pwr_ex.h Drivers/STM32F0xx_HAL_Driver/Inc/stm32f0xx_hal_tim.h Drivers/STM32F0xx_HAL_Driver/Inc/stm32f0xx_hal_tim_ex.h | build
#  Implicit rule search has been done.
#  Implicit/static pattern stem: `stm32f0xx_hal_i2c'
#  Last modified 2022-06-06 21:40:25
#  File has been updated.
#  Successfully updated.
# variable set hash-table stats:
# Load=0/32=0%, Rehash=0, Collisions=0/0=0%
#  commands to execute (from `Makefile', line 164):
	$(CC) -c $(CFLAGS) -Wa,-a,-ad,-alms=$(BUILD_DIR)/$(notdir $(<:.c=.lst)) $< -o $@
	

build/keypad.o: Core/Src/keypad.c Makefile Core/Src/keypad.c Core/Inc/keypad.h Core/Inc/main.h Drivers/STM32F0xx_HAL_Driver/Inc/stm32f0xx_hal.h Core/Inc/stm32f0xx_hal_conf.h Drivers/STM32F0xx_HAL_Driver/Inc/stm32f0xx_hal_rcc.h Drivers/STM32F0xx_HAL_Driver/Inc/stm32f0xx_hal_def.h Drivers/CMSIS/Device/ST/STM32F0xx/Include/stm32f0xx.h Drivers/CMSIS/Device/ST/STM32F0xx/Include/stm32f030x8.h Drivers/CMSIS/Include/core_cm0.h Drivers/CMSIS/Include/cmsis_version.h Drivers/CMSIS/Include/cmsis_compiler.h Drivers/CMSIS/Include/cmsis_gcc.h Drivers/CMSIS/Device/ST/STM32F0xx/Include/system_stm32f0xx.h Drivers/STM32F0xx_HAL_Driver/Inc/Legacy/stm32_hal_legacy.h Drivers/STM32F0xx_HAL_Driver/Inc/stm32f0xx_hal_rcc_ex.h Drivers/STM32F0xx_HAL_Driver/Inc/stm32f0xx_hal_gpio.h Drivers/STM32F0xx_HAL_Driver/Inc/stm32f0xx_hal_gpio_ex.h Drivers/STM32F0xx_HAL_Driver/Inc/stm32f0xx_hal_exti.h Drivers/STM32F0xx_HAL_Driver/Inc/stm32f0xx_hal_dma.h Drivers/STM32F0xx_HAL_Driver/Inc/stm32f0xx_hal_dma_ex.h Drivers/STM32F0xx_HAL_Driver/Inc/stm32f0xx_hal_cortex.h Drivers/STM32F0xx_HAL_Driver/Inc/stm32f0xx_hal_flash.h Drivers/STM32F0xx_HAL_Driver/Inc/stm32f0xx_hal_flash_ex.h Drivers/STM32F0xx_HAL_Driver/Inc/stm32f0xx_hal_i2c.h Drivers/STM32F0xx_HAL_Driver/Inc/stm32f0xx_hal_i2c_ex.h Drivers/STM32F0xx_HAL_Driver/Inc/stm32f0xx_hal_pwr.h Drivers/STM32F0xx_HAL_Driver/Inc/stm32f0xx_hal_pwr_ex.h Drivers/STM32F0xx_HAL_Driver/Inc/stm32f0xx_hal_tim.h Drivers/STM32F0xx_HAL_Driver/Inc/stm32f0xx_hal_tim_ex.h Core/Inc/os.h Core/Inc/vardef.h | build
#  Implicit rule search has been done.
#  Implicit/static pattern stem: `keypad'
#  Last modified 2022-06-06 21:40:25
#  File has been updated.
#  Successfully updated.
# variable set hash-table stats:
# Load=0/32=0%, Rehash=0, Collisions=0/0=0%
#  commands to execute (from `Makefile', line 164):
	$(CC) -c $(CFLAGS) -Wa,-a,-ad,-alms=$(BUILD_DIR)/$(notdir $(<:.c=.lst)) $< -o $@
	

 
build/main.o: Core/Src/main.c Makefile Core/Src/main.c Core/Inc/main.h Drivers/STM32F0xx_HAL_Driver/Inc/stm32f0xx_hal.h Core/Inc/stm32f0xx_hal_conf.h Drivers/STM32F0xx_HAL_Driver/Inc/stm32f0xx_hal_rcc.h Drivers/STM32F0xx_HAL_Driver/Inc/stm32f0xx_hal_def.h Drivers/CMSIS/Device/ST/STM32F0xx/Include/stm32f0xx.h Drivers/CMSIS/Device/ST/STM32F0xx/Include/stm32f030x8.h Drivers/CMSIS/Include/core_cm0.h Drivers/CMSIS/Include/cmsis_version.h Drivers/CMSIS/Include/cmsis_compiler.h Drivers/CMSIS/Include/cmsis_gcc.h Drivers/CMSIS/Device/ST/STM32F0xx/Include/system_stm32f0xx.h Drivers/STM32F0xx_HAL_Driver/Inc/Legacy/stm32_hal_legacy.h Drivers/STM32F0xx_HAL_Driver/Inc/stm32f0xx_hal_rcc_ex.h Drivers/STM32F0xx_HAL_Driver/Inc/stm32f0xx_hal_gpio.h Drivers/STM32F0xx_HAL_Driver/Inc/stm32f0xx_hal_gpio_ex.h Drivers/STM32F0xx_HAL_Driver/Inc/stm32f0xx_hal_exti.h Drivers/STM32F0xx_HAL_Driver/Inc/stm32f0xx_hal_dma.h Drivers/STM32F0xx_HAL_Driver/Inc/stm32f0xx_hal_dma_ex.h Drivers/STM32F0xx_HAL_Driver/Inc/stm32f0xx_hal_cortex.h Drivers/STM32F0xx_HAL_Driver/Inc/stm32f0xx_hal_flash.h Drivers/STM32F0xx_HAL_Driver/Inc/stm32f0xx_hal_flash_ex.h Drivers/STM32F0xx_HAL_Driver/Inc/stm32f0xx_hal_i2c.h Drivers/STM32F0xx_HAL_Driver/Inc/stm32f0xx_hal_i2c_ex.h Drivers/STM32F0xx_HAL_Driver/Inc/stm32f0xx_hal_pwr.h Drivers/STM32F0xx_HAL_Driver/Inc/stm32f0xx_hal_pwr_ex.h Drivers/STM32F0xx_HAL_Driver/Inc/stm32f0xx_hal_tim.h Drivers/STM32F0xx_HAL_Driver/Inc/stm32f0xx_hal_tim_ex.h Core/Inc/os.h Core/Inc/vardef.h Core/Inc/os.h | build
#  Implicit rule search has been done.
#  Implicit/static pattern stem: `main'
#  Last modified 2022-06-06 21:40:25
#  File has been updated.
#  Successfully updated.
# variable set hash-table stats:
# Load=0/32=0%, Rehash=0, Collisions=0/0=0%
#  commands to execute (from `Makefile', line 164):
	$(CC) -c $(CFLAGS) -Wa,-a,-ad,-alms=$(BUILD_DIR)/$(notdir $(<:.c=.lst)) $< -o $@
	

Drivers/STM32F0xx_HAL_Driver/Inc/stm32f0xx_hal_gpio.h:
#  Implicit rule search has been done.
#  Last modified 2022-06-06 21:40:25
#  File has been updated.
#  Successfully updated.
# variable set hash-table stats:
# Load=0/32=0%, Rehash=0, Collisions=0/0=0%

Drivers/CMSIS/Include/cmsis_version.h:
#  Implicit rule search has been done.
#  Last modified 2022-06-06 21:40:25
#  File has been updated.
#  Successfully updated.
# variable set hash-table stats:
# Load=0/32=0%, Rehash=0, Collisions=0/0=0%

# Not a target:
Core/Src/system_stm32f0xx.c:
#  Implicit rule search has been done.
#  Last modified 2022-06-06 21:40:25
#  File has been updated.
#  Successfully updated.
# variable set hash-table stats:
# Load=0/32=0%, Rehash=0, Collisions=0/0=0%

Drivers/STM32F0xx_HAL_Driver/Inc/stm32f0xx_hal.h:
#  Implicit rule search has been done.
#  Last modified 2022-06-06 21:40:25
#  File has been updated.
#  Successfully updated.
# variable set hash-table stats:
# Load=0/32=0%, Rehash=0, Collisions=0/0=0%

all: build/AllPrime_Refrigerator_Master.elf build/AllPrime_Refrigerator_Master.hex build/AllPrime_Refrigerator_Master.bin
#  Command-line target.
#  Implicit rule search has been done.
#  File does not exist.
#  File has been updated.
#  Successfully updated.
# variable set hash-table stats:
# Load=0/32=0%, Rehash=0, Collisions=0/0=0%

# Not a target:
build/stm32f0xx_hal_flash.d:
#  A default, MAKEFILES, or -include/sinclude makefile.
#  Implicit rule search has been done.
#  Last modified 2022-06-06 21:40:25
#  File has been updated.
#  Successfully updated.
# variable set hash-table stats:
# Load=0/32=0%, Rehash=0, Collisions=0/0=0%

Drivers/CMSIS/Include/cmsis_gcc.h:
#  Implicit rule search has been done.
#  Last modified 2022-06-06 21:40:25
#  File has been updated.
#  Successfully updated.
# variable set hash-table stats:
# Load=0/32=0%, Rehash=0, Collisions=0/0=0%

Drivers/STM32F0xx_HAL_Driver/Inc/stm32f0xx_hal_rcc.h:
#  Implicit rule search has been done.
#  Last modified 2022-06-06 21:40:25
#  File has been updated.
#  Successfully updated.
# variable set hash-table stats:
# Load=0/32=0%, Rehash=0, Collisions=0/0=0%

# Not a target:
Drivers/STM32F0xx_HAL_Driver/Src/stm32f0xx_hal_gpio.c:
#  Implicit rule search has been done.
#  Last modified 2022-06-06 21:40:25
#  File has been updated.
#  Successfully updated.
# variable set hash-table stats:
# Load=0/32=0%, Rehash=0, Collisions=0/0=0%

# Not a target:
build/stm32f0xx_hal_dma.d:
#  A default, MAKEFILES, or -include/sinclude makefile.
#  Implicit rule search has been done.
#  Last modified 2022-06-06 21:40:25
#  File has been updated.
#  Successfully updated.
# variable set hash-table stats:
# Load=0/32=0%, Rehash=0, Collisions=0/0=0%

# Not a target:
build/stm32f0xx_hal_tim_ex.d:
#  A default, MAKEFILES, or -include/sinclude makefile.
#  Implicit rule search has been done.
#  Last modified 2022-06-06 21:40:25
#  File has been updated.
#  Successfully updated.
# variable set hash-table stats:
# Load=0/32=0%, Rehash=0, Collisions=0/0=0%

# Not a target:
Drivers/STM32F0xx_HAL_Driver/Src/stm32f0xx_hal.c:
#  Implicit rule search has been done.
#  Last modified 2022-06-06 21:40:25
#  File has been updated.
#  Successfully updated.
# variable set hash-table stats:
# Load=0/32=0%, Rehash=0, Collisions=0/0=0%

Drivers/STM32F0xx_HAL_Driver/Inc/stm32f0xx_hal_exti.h:
#  Implicit rule search has been done.
#  Last modified 2022-06-06 21:40:25
#  File has been updated.
#  Successfully updated.
# variable set hash-table stats:
# Load=0/32=0%, Rehash=0, Collisions=0/0=0%

# Not a target:
Drivers/STM32F0xx_HAL_Driver/Src/stm32f0xx_hal_rcc.c:
#  Implicit rule search has been done.
#  Last modified 2022-06-06 21:40:25
#  File has been updated.
#  Successfully updated.
# variable set hash-table stats:
# Load=0/32=0%, Rehash=0, Collisions=0/0=0%

build/os.o: Core/Src/os.c Makefile Core/Src/os.c Core/Inc/os.h Core/Inc/vardef.h Core/Inc/lcd.h Core/Inc/main.h Drivers/STM32F0xx_HAL_Driver/Inc/stm32f0xx_hal.h Core/Inc/stm32f0xx_hal_conf.h Drivers/STM32F0xx_HAL_Driver/Inc/stm32f0xx_hal_rcc.h Drivers/STM32F0xx_HAL_Driver/Inc/stm32f0xx_hal_def.h Drivers/CMSIS/Device/ST/STM32F0xx/Include/stm32f0xx.h Drivers/CMSIS/Device/ST/STM32F0xx/Include/stm32f030x8.h Drivers/CMSIS/Include/core_cm0.h Drivers/CMSIS/Include/cmsis_version.h Drivers/CMSIS/Include/cmsis_compiler.h Drivers/CMSIS/Include/cmsis_gcc.h Drivers/CMSIS/Device/ST/STM32F0xx/Include/system_stm32f0xx.h Drivers/STM32F0xx_HAL_Driver/Inc/Legacy/stm32_hal_legacy.h Drivers/STM32F0xx_HAL_Driver/Inc/stm32f0xx_hal_rcc_ex.h Drivers/STM32F0xx_HAL_Driver/Inc/stm32f0xx_hal_gpio.h Drivers/STM32F0xx_HAL_Driver/Inc/stm32f0xx_hal_gpio_ex.h Drivers/STM32F0xx_HAL_Driver/Inc/stm32f0xx_hal_exti.h Drivers/STM32F0xx_HAL_Driver/Inc/stm32f0xx_hal_dma.h Drivers/STM32F0xx_HAL_Driver/Inc/stm32f0xx_hal_dma_ex.h Drivers/STM32F0xx_HAL_Driver/Inc/stm32f0xx_hal_cortex.h Drivers/STM32F0xx_HAL_Driver/Inc/stm32f0xx_hal_flash.h Drivers/STM32F0xx_HAL_Driver/Inc/stm32f0xx_hal_flash_ex.h Drivers/STM32F0xx_HAL_Driver/Inc/stm32f0xx_hal_i2c.h Drivers/STM32F0xx_HAL_Driver/Inc/stm32f0xx_hal_i2c_ex.h Drivers/STM32F0xx_HAL_Driver/Inc/stm32f0xx_hal_pwr.h Drivers/STM32F0xx_HAL_Driver/Inc/stm32f0xx_hal_pwr_ex.h Drivers/STM32F0xx_HAL_Driver/Inc/stm32f0xx_hal_tim.h Drivers/STM32F0xx_HAL_Driver/Inc/stm32f0xx_hal_tim_ex.h Core/Inc/os.h | build
#  Implicit rule search has been done.
#  Implicit/static pattern stem: `os'
#  Last modified 2022-06-06 21:40:25
#  File has been updated.
#  Successfully updated.
# variable set hash-table stats:
# Load=0/32=0%, Rehash=0, Collisions=0/0=0%
#  commands to execute (from `Makefile', line 164):
	$(CC) -c $(CFLAGS) -Wa,-a,-ad,-alms=$(BUILD_DIR)/$(notdir $(<:.c=.lst)) $< -o $@
	

 
build/system_stm32f0xx.o: Core/Src/system_stm32f0xx.c Makefile Core/Src/system_stm32f0xx.c Drivers/CMSIS/Device/ST/STM32F0xx/Include/stm32f0xx.h Drivers/CMSIS/Device/ST/STM32F0xx/Include/stm32f030x8.h Drivers/CMSIS/Include/core_cm0.h Drivers/CMSIS/Include/cmsis_version.h Drivers/CMSIS/Include/cmsis_compiler.h Drivers/CMSIS/Include/cmsis_gcc.h Drivers/CMSIS/Device/ST/STM32F0xx/Include/system_stm32f0xx.h Drivers/STM32F0xx_HAL_Driver/Inc/stm32f0xx_hal.h Core/Inc/stm32f0xx_hal_conf.h Drivers/STM32F0xx_HAL_Driver/Inc/stm32f0xx_hal_rcc.h Drivers/STM32F0xx_HAL_Driver/Inc/stm32f0xx_hal_def.h Drivers/STM32F0xx_HAL_Driver/Inc/Legacy/stm32_hal_legacy.h Drivers/STM32F0xx_HAL_Driver/Inc/stm32f0xx_hal_rcc_ex.h Drivers/STM32F0xx_HAL_Driver/Inc/stm32f0xx_hal_gpio.h Drivers/STM32F0xx_HAL_Driver/Inc/stm32f0xx_hal_gpio_ex.h Drivers/STM32F0xx_HAL_Driver/Inc/stm32f0xx_hal_exti.h Drivers/STM32F0xx_HAL_Driver/Inc/stm32f0xx_hal_dma.h Drivers/STM32F0xx_HAL_Driver/Inc/stm32f0xx_hal_dma_ex.h Drivers/STM32F0xx_HAL_Driver/Inc/stm32f0xx_hal_cortex.h Drivers/STM32F0xx_HAL_Driver/Inc/stm32f0xx_hal_flash.h Drivers/STM32F0xx_HAL_Driver/Inc/stm32f0xx_hal_flash_ex.h Drivers/STM32F0xx_HAL_Driver/Inc/stm32f0xx_hal_i2c.h Drivers/STM32F0xx_HAL_Driver/Inc/stm32f0xx_hal_i2c_ex.h Drivers/STM32F0xx_HAL_Driver/Inc/stm32f0xx_hal_pwr.h Drivers/STM32F0xx_HAL_Driver/Inc/stm32f0xx_hal_pwr_ex.h Drivers/STM32F0xx_HAL_Driver/Inc/stm32f0xx_hal_tim.h Drivers/STM32F0xx_HAL_Driver/Inc/stm32f0xx_hal_tim_ex.h | build
#  Implicit rule search has been done.
#  Implicit/static pattern stem: `system_stm32f0xx'
#  Last modified 2022-06-06 21:40:25
#  File has been updated.
#  Successfully updated.
# variable set hash-table stats:
# Load=0/32=0%, Rehash=0, Collisions=0/0=0%
#  commands to execute (from `Makefile', line 164):
	$(CC) -c $(CFLAGS) -Wa,-a,-ad,-alms=$(BUILD_DIR)/$(notdir $(<:.c=.lst)) $< -o $@
	

# Not a target:
build/stm32f0xx_hal_pwr_ex.d:
#  A default, MAKEFILES, or -include/sinclude makefile.
#  Implicit rule search has been done.
#  Last modified 2022-06-06 21:40:25
#  File has been updated.
#  Successfully updated.
# variable set hash-table stats:
# Load=0/32=0%, Rehash=0, Collisions=0/0=0%

# Not a target:
.SUFFIXES:
#  Implicit rule search has not been done.
#  Modification time never checked.
#  File has not been updated.

# Not a target:
Drivers/STM32F0xx_HAL_Driver/Src/stm32f0xx_hal_exti.c:
#  Implicit rule search has been done.
#  Last modified 2022-06-06 21:40:25
#  File has been updated.
#  Successfully updated.
# variable set hash-table stats:
# Load=0/32=0%, Rehash=0, Collisions=0/0=0%

build/stm32f0xx_hal_i2c_ex.o: Drivers/STM32F0xx_HAL_Driver/Src/stm32f0xx_hal_i2c_ex.c Makefile Drivers/STM32F0xx_HAL_Driver/Src/stm32f0xx_hal_i2c_ex.c Drivers/STM32F0xx_HAL_Driver/Inc/stm32f0xx_hal.h Core/Inc/stm32f0xx_hal_conf.h Drivers/STM32F0xx_HAL_Driver/Inc/stm32f0xx_hal_rcc.h Drivers/STM32F0xx_HAL_Driver/Inc/stm32f0xx_hal_def.h Drivers/CMSIS/Device/ST/STM32F0xx/Include/stm32f0xx.h Drivers/CMSIS/Device/ST/STM32F0xx/Include/stm32f030x8.h Drivers/CMSIS/Include/core_cm0.h Drivers/CMSIS/Include/cmsis_version.h Drivers/CMSIS/Include/cmsis_compiler.h Drivers/CMSIS/Include/cmsis_gcc.h Drivers/CMSIS/Device/ST/STM32F0xx/Include/system_stm32f0xx.h Drivers/STM32F0xx_HAL_Driver/Inc/Legacy/stm32_hal_legacy.h Drivers/STM32F0xx_HAL_Driver/Inc/stm32f0xx_hal_rcc_ex.h Drivers/STM32F0xx_HAL_Driver/Inc/stm32f0xx_hal_gpio.h Drivers/STM32F0xx_HAL_Driver/Inc/stm32f0xx_hal_gpio_ex.h Drivers/STM32F0xx_HAL_Driver/Inc/stm32f0xx_hal_exti.h Drivers/STM32F0xx_HAL_Driver/Inc/stm32f0xx_hal_dma.h Drivers/STM32F0xx_HAL_Driver/Inc/stm32f0xx_hal_dma_ex.h Drivers/STM32F0xx_HAL_Driver/Inc/stm32f0xx_hal_cortex.h Drivers/STM32F0xx_HAL_Driver/Inc/stm32f0xx_hal_flash.h Drivers/STM32F0xx_HAL_Driver/Inc/stm32f0xx_hal_flash_ex.h Drivers/STM32F0xx_HAL_Driver/Inc/stm32f0xx_hal_i2c.h Drivers/STM32F0xx_HAL_Driver/Inc/stm32f0xx_hal_i2c_ex.h Drivers/STM32F0xx_HAL_Driver/Inc/stm32f0xx_hal_pwr.h Drivers/STM32F0xx_HAL_Driver/Inc/stm32f0xx_hal_pwr_ex.h Drivers/STM32F0xx_HAL_Driver/Inc/stm32f0xx_hal_tim.h Drivers/STM32F0xx_HAL_Driver/Inc/stm32f0xx_hal_tim_ex.h | build
#  Implicit rule search has been done.
#  Implicit/static pattern stem: `stm32f0xx_hal_i2c_ex'
#  Last modified 2022-06-06 21:40:25
#  File has been updated.
#  Successfully updated.
# variable set hash-table stats:
# Load=0/32=0%, Rehash=0, Collisions=0/0=0%
#  commands to execute (from `Makefile', line 164):
	$(CC) -c $(CFLAGS) -Wa,-a,-ad,-alms=$(BUILD_DIR)/$(notdir $(<:.c=.lst)) $< -o $@
	

# Not a target:
Makefile:
#  Implicit rule search has been done.
#  Last modified 2022-06-06 21:40:25
#  File has been updated.
#  Successfully updated.
# variable set hash-table stats:
# Load=0/32=0%, Rehash=0, Collisions=0/0=0%

Drivers/CMSIS/Include/cmsis_compiler.h:
#  Implicit rule search has been done.
#  Last modified 2022-06-06 21:40:25
#  File has been updated.
#  Successfully updated.
# variable set hash-table stats:
# Load=0/32=0%, Rehash=0, Collisions=0/0=0%

# Not a target:
build/stm32f0xx_hal_cortex.d:
#  A default, MAKEFILES, or -include/sinclude makefile.
#  Implicit rule search has been done.
#  Last modified 2022-06-06 21:40:25
#  File has been updated.
#  Successfully updated.
# variable set hash-table stats:
# Load=0/32=0%, Rehash=0, Collisions=0/0=0%

Drivers/STM32F0xx_HAL_Driver/Inc/stm32f0xx_hal_gpio_ex.h:
#  Implicit rule search has been done.
#  Last modified 2022-06-06 21:40:25
#  File has been updated.
#  Successfully updated.
# variable set hash-table stats:
# Load=0/32=0%, Rehash=0, Collisions=0/0=0%

build/stm32f0xx_hal_pwr.o: Drivers/STM32F0xx_HAL_Driver/Src/stm32f0xx_hal_pwr.c Makefile Drivers/STM32F0xx_HAL_Driver/Src/stm32f0xx_hal_pwr.c Drivers/STM32F0xx_HAL_Driver/Inc/stm32f0xx_hal.h Core/Inc/stm32f0xx_hal_conf.h Drivers/STM32F0xx_HAL_Driver/Inc/stm32f0xx_hal_rcc.h Drivers/STM32F0xx_HAL_Driver/Inc/stm32f0xx_hal_def.h Drivers/CMSIS/Device/ST/STM32F0xx/Include/stm32f0xx.h Drivers/CMSIS/Device/ST/STM32F0xx/Include/stm32f030x8.h Drivers/CMSIS/Include/core_cm0.h Drivers/CMSIS/Include/cmsis_version.h Drivers/CMSIS/Include/cmsis_compiler.h Drivers/CMSIS/Include/cmsis_gcc.h Drivers/CMSIS/Device/ST/STM32F0xx/Include/system_stm32f0xx.h Drivers/STM32F0xx_HAL_Driver/Inc/Legacy/stm32_hal_legacy.h Drivers/STM32F0xx_HAL_Driver/Inc/stm32f0xx_hal_rcc_ex.h Drivers/STM32F0xx_HAL_Driver/Inc/stm32f0xx_hal_gpio.h Drivers/STM32F0xx_HAL_Driver/Inc/stm32f0xx_hal_gpio_ex.h Drivers/STM32F0xx_HAL_Driver/Inc/stm32f0xx_hal_exti.h Drivers/STM32F0xx_HAL_Driver/Inc/stm32f0xx_hal_dma.h Drivers/STM32F0xx_HAL_Driver/Inc/stm32f0xx_hal_dma_ex.h Drivers/STM32F0xx_HAL_Driver/Inc/stm32f0xx_hal_cortex.h Drivers/STM32F0xx_HAL_Driver/Inc/stm32f0xx_hal_flash.h Drivers/STM32F0xx_HAL_Driver/Inc/stm32f0xx_hal_flash_ex.h Drivers/STM32F0xx_HAL_Driver/Inc/stm32f0xx_hal_i2c.h Drivers/STM32F0xx_HAL_Driver/Inc/stm32f0xx_hal_i2c_ex.h Drivers/STM32F0xx_HAL_Driver/Inc/stm32f0xx_hal_pwr.h Drivers/STM32F0xx_HAL_Driver/Inc/stm32f0xx_hal_pwr_ex.h Drivers/STM32F0xx_HAL_Driver/Inc/stm32f0xx_hal_tim.h Drivers/STM32F0xx_HAL_Driver/Inc/stm32f0xx_hal_tim_ex.h | build
#  Implicit rule search has been done.
#  Implicit/static pattern stem: `stm32f0xx_hal_pwr'
#  Last modified 2022-06-06 21:40:25
#  File has been updated.
#  Successfully updated.
# variable set hash-table stats:
# Load=0/32=0%, Rehash=0, Collisions=0/0=0%
#  commands to execute (from `Makefile', line 164):
	$(CC) -c $(CFLAGS) -Wa,-a,-ad,-alms=$(BUILD_DIR)/$(notdir $(<:.c=.lst)) $< -o $@
	

# Not a target:
build/stm32f0xx_hal_flash_ex.d:
#  A default, MAKEFILES, or -include/sinclude makefile.
#  Implicit rule search has been done.
#  Last modified 2022-06-06 21:40:25
#  File has been updated.
#  Successfully updated.
# variable set hash-table stats:
# Load=0/32=0%, Rehash=0, Collisions=0/0=0%

Drivers/CMSIS/Include/core_cm0.h:
#  Implicit rule search has been done.
#  Last modified 2022-06-06 21:40:25
#  File has been updated.
#  Successfully updated.
# variable set hash-table stats:
# Load=0/32=0%, Rehash=0, Collisions=0/0=0%

build:
#  Implicit rule search has not been done.
#  Last modified 2022-06-06 21:40:25
#  File has been updated.
 
#  Successfully updated.
#  commands to execute (from `Makefile', line 180):
	mkdir $@		
	

Drivers/STM32F0xx_HAL_Driver/Inc/stm32f0xx_hal_rcc_ex.h:
#  Implicit rule search has been done.
#  Last modified 2022-06-06 21:40:25
#  File has been updated.
#  Successfully updated.
# variable set hash-table stats:
# Load=0/32=0%, Rehash=0, Collisions=0/0=0%

# Not a target:
Drivers/STM32F0xx_HAL_Driver/Src/stm32f0xx_hal_flash.c:
#  Implicit rule search has been done.
#  Last modified 2022-06-06 21:40:25
#  File has been updated.
#  Successfully updated.
# variable set hash-table stats:
# Load=0/32=0%, Rehash=0, Collisions=0/0=0%

# Not a target:
Core/Src/stm32f0xx_hal_msp.c:
#  Implicit rule search has been done.
#  Last modified 2022-06-06 21:40:25
#  File has been updated.
#  Successfully updated.
# variable set hash-table stats:
# Load=0/32=0%, Rehash=0, Collisions=0/0=0%

Drivers/STM32F0xx_HAL_Driver/Inc/stm32f0xx_hal_i2c.h:
#  Implicit rule search has been done.
#  Last modified 2022-06-06 21:40:25
#  File has been updated.
#  Successfully updated.
# variable set hash-table stats:
# Load=0/32=0%, Rehash=0, Collisions=0/0=0%

Drivers/CMSIS/Device/ST/STM32F0xx/Include/stm32f030x8.h:
#  Implicit rule search has been done.
#  Last modified 2022-06-06 21:40:25
#  File has been updated.
#  Successfully updated.
# variable set hash-table stats:
# Load=0/32=0%, Rehash=0, Collisions=0/0=0%

build/stm32f0xx_hal_flash.o: Drivers/STM32F0xx_HAL_Driver/Src/stm32f0xx_hal_flash.c Makefile Drivers/STM32F0xx_HAL_Driver/Src/stm32f0xx_hal_flash.c Drivers/STM32F0xx_HAL_Driver/Inc/stm32f0xx_hal.h Core/Inc/stm32f0xx_hal_conf.h Drivers/STM32F0xx_HAL_Driver/Inc/stm32f0xx_hal_rcc.h Drivers/STM32F0xx_HAL_Driver/Inc/stm32f0xx_hal_def.h Drivers/CMSIS/Device/ST/STM32F0xx/Include/stm32f0xx.h Drivers/CMSIS/Device/ST/STM32F0xx/Include/stm32f030x8.h Drivers/CMSIS/Include/core_cm0.h Drivers/CMSIS/Include/cmsis_version.h Drivers/CMSIS/Include/cmsis_compiler.h Drivers/CMSIS/Include/cmsis_gcc.h Drivers/CMSIS/Device/ST/STM32F0xx/Include/system_stm32f0xx.h Drivers/STM32F0xx_HAL_Driver/Inc/Legacy/stm32_hal_legacy.h Drivers/STM32F0xx_HAL_Driver/Inc/stm32f0xx_hal_rcc_ex.h Drivers/STM32F0xx_HAL_Driver/Inc/stm32f0xx_hal_gpio.h Drivers/STM32F0xx_HAL_Driver/Inc/stm32f0xx_hal_gpio_ex.h Drivers/STM32F0xx_HAL_Driver/Inc/stm32f0xx_hal_exti.h Drivers/STM32F0xx_HAL_Driver/Inc/stm32f0xx_hal_dma.h Drivers/STM32F0xx_HAL_Driver/Inc/stm32f0xx_hal_dma_ex.h Drivers/STM32F0xx_HAL_Driver/Inc/stm32f0xx_hal_cortex.h Drivers/STM32F0xx_HAL_Driver/Inc/stm32f0xx_hal_flash.h Drivers/STM32F0xx_HAL_Driver/Inc/stm32f0xx_hal_flash_ex.h Drivers/STM32F0xx_HAL_Driver/Inc/stm32f0xx_hal_i2c.h Drivers/STM32F0xx_HAL_Driver/Inc/stm32f0xx_hal_i2c_ex.h Drivers/STM32F0xx_HAL_Driver/Inc/stm32f0xx_hal_pwr.h Drivers/STM32F0xx_HAL_Driver/Inc/stm32f0xx_hal_pwr_ex.h Drivers/STM32F0xx_HAL_Driver/Inc/stm32f0xx_hal_tim.h Drivers/STM32F0xx_HAL_Driver/Inc/stm32f0xx_hal_tim_ex.h | build
#  Implicit rule search has been done.
#  Implicit/static pattern stem: `stm32f0xx_hal_flash'
#  Last modified 2022-06-06 21:40:25
#  File has been updated.
#  Successfully updated.
# variable set hash-table stats:
# Load=0/32=0%, Rehash=0, Collisions=0/0=0%
#  commands to execute (from `Makefile', line 164):
	$(CC) -c $(CFLAGS) -Wa,-a,-ad,-alms=$(BUILD_DIR)/$(notdir $(<:.c=.lst)) $< -o $@
	

# Not a target:
build/stm32f0xx_hal_msp.d:
#  A default, MAKEFILES, or -include/sinclude makefile.
#  Implicit rule search has been done.
#  Last modified 2022-06-06 21:40:25
#  File has been updated.
#  Successfully updated.
# variable set hash-table stats:
# Load=0/32=0%, Rehash=0, Collisions=0/0=0%

# Not a target:
Core/Src/lcd.c:
#  Implicit rule search has been done.
#  Last modified 2022-06-06 21:40:25
#  File has been updated.
#  Successfully updated.
# variable set hash-table stats:
# Load=0/32=0%, Rehash=0, Collisions=0/0=0%

# Not a target:
Drivers/STM32F0xx_HAL_Driver/Src/stm32f0xx_hal_rcc_ex.c:
#  Implicit rule search has been done.
#  Last modified 2022-06-06 21:40:25
#  File has been updated.
#  Successfully updated.
# variable set hash-table stats:
# Load=0/32=0%, Rehash=0, Collisions=0/0=0%

# Not a target:
build/stm32f0xx_hal_gpio.d:
#  A default, MAKEFILES, or -include/sinclude makefile.
#  Implicit rule search has been done.
#  Last modified 2022-06-06 21:40:25
#  File has been updated.
#  Successfully updated.
# variable set hash-table stats:
# Load=0/32=0%, Rehash=0, Collisions=0/0=0%

build/stm32f0xx_hal_dma.o: Drivers/STM32F0xx_HAL_Driver/Src/stm32f0xx_hal_dma.c Makefile Drivers/STM32F0xx_HAL_Driver/Src/stm32f0xx_hal_dma.c Drivers/STM32F0xx_HAL_Driver/Inc/stm32f0xx_hal.h Core/Inc/stm32f0xx_hal_conf.h Drivers/STM32F0xx_HAL_Driver/Inc/stm32f0xx_hal_rcc.h Drivers/STM32F0xx_HAL_Driver/Inc/stm32f0xx_hal_def.h Drivers/CMSIS/Device/ST/STM32F0xx/Include/stm32f0xx.h Drivers/CMSIS/Device/ST/STM32F0xx/Include/stm32f030x8.h Drivers/CMSIS/Include/core_cm0.h Drivers/CMSIS/Include/cmsis_version.h Drivers/CMSIS/Include/cmsis_compiler.h Drivers/CMSIS/Include/cmsis_gcc.h Drivers/CMSIS/Device/ST/STM32F0xx/Include/system_stm32f0xx.h Drivers/STM32F0xx_HAL_Driver/Inc/Legacy/stm32_hal_legacy.h Drivers/STM32F0xx_HAL_Driver/Inc/stm32f0xx_hal_rcc_ex.h Drivers/STM32F0xx_HAL_Driver/Inc/stm32f0xx_hal_gpio.h Drivers/STM32F0xx_HAL_Driver/Inc/stm32f0xx_hal_gpio_ex.h Drivers/STM32F0xx_HAL_Driver/Inc/stm32f0xx_hal_exti.h Drivers/STM32F0xx_HAL_Driver/Inc/stm32f0xx_hal_dma.h Drivers/STM32F0xx_HAL_Driver/Inc/stm32f0xx_hal_dma_ex.h Drivers/STM32F0xx_HAL_Driver/Inc/stm32f0xx_hal_cortex.h Drivers/STM32F0xx_HAL_Driver/Inc/stm32f0xx_hal_flash.h Drivers/STM32F0xx_HAL_Driver/Inc/stm32f0xx_hal_flash_ex.h Drivers/STM32F0xx_HAL_Driver/Inc/stm32f0xx_hal_i2c.h Drivers/STM32F0xx_HAL_Driver/Inc/stm32f0xx_hal_i2c_ex.h Drivers/STM32F0xx_HAL_Driver/Inc/stm32f0xx_hal_pwr.h Drivers/STM32F0xx_HAL_Driver/Inc/stm32f0xx_hal_pwr_ex.h Drivers/STM32F0xx_HAL_Driver/Inc/stm32f0xx_hal_tim.h Drivers/STM32F0xx_HAL_Driver/Inc/stm32f0xx_hal_tim_ex.h | build
#  Implicit rule search has been done.
#  Implicit/static pattern stem: `stm32f0xx_hal_dma'
#  Last modified 2022-06-06 21:40:25
#  File has been updated.
#  Successfully updated.
# variable set hash-table stats:
# Load=0/32=0%, Rehash=0, Collisions=0/0=0%
#  commands to execute (from `Makefile', line 164):
	$(CC) -c $(CFLAGS) -Wa,-a,-ad,-alms=$(BUILD_DIR)/$(notdir $(<:.c=.lst)) $< -o $@
	

build/stm32f0xx_hal_tim_ex.o: Drivers/STM32F0xx_HAL_Driver/Src/stm32f0xx_hal_tim_ex.c Makefile Drivers/STM32F0xx_HAL_Driver/Src/stm32f0xx_hal_tim_ex.c Drivers/STM32F0xx_HAL_Driver/Inc/stm32f0xx_hal.h Core/Inc/stm32f0xx_hal_conf.h Drivers/STM32F0xx_HAL_Driver/Inc/stm32f0xx_hal_rcc.h Drivers/STM32F0xx_HAL_Driver/Inc/stm32f0xx_hal_def.h Drivers/CMSIS/Device/ST/STM32F0xx/Include/stm32f0xx.h Drivers/CMSIS/Device/ST/STM32F0xx/Include/stm32f030x8.h Drivers/CMSIS/Include/core_cm0.h Drivers/CMSIS/Include/cmsis_version.h Drivers/CMSIS/Include/cmsis_compiler.h Drivers/CMSIS/Include/cmsis_gcc.h Drivers/CMSIS/Device/ST/STM32F0xx/Include/system_stm32f0xx.h Drivers/STM32F0xx_HAL_Driver/Inc/Legacy/stm32_hal_legacy.h Drivers/STM32F0xx_HAL_Driver/Inc/stm32f0xx_hal_rcc_ex.h Drivers/STM32F0xx_HAL_Driver/Inc/stm32f0xx_hal_gpio.h Drivers/STM32F0xx_HAL_Driver/Inc/stm32f0xx_hal_gpio_ex.h Drivers/STM32F0xx_HAL_Driver/Inc/stm32f0xx_hal_exti.h Drivers/STM32F0xx_HAL_Driver/Inc/stm32f0xx_hal_dma.h Drivers/STM32F0xx_HAL_Driver/Inc/stm32f0xx_hal_dma_ex.h Drivers/STM32F0xx_HAL_Driver/Inc/stm32f0xx_hal_cortex.h Drivers/STM32F0xx_HAL_Driver/Inc/stm32f0xx_hal_flash.h Drivers/STM32F0xx_HAL_Driver/Inc/stm32f0xx_hal_flash_ex.h Drivers/STM32F0xx_HAL_Driver/Inc/stm32f0xx_hal_i2c.h Drivers/STM32F0xx_HAL_Driver/Inc/stm32f0xx_hal_i2c_ex.h Drivers/STM32F0xx_HAL_Driver/Inc/stm32f0xx_hal_pwr.h Drivers/STM32F0xx_HAL_Driver/Inc/stm32f0xx_hal_pwr_ex.h Drivers/STM32F0xx_HAL_Driver/Inc/stm32f0xx_hal_tim.h Drivers/STM32F0xx_HAL_Driver/Inc/stm32f0xx_hal_tim_ex.h | build
#  Implicit rule search has been done.
#  Implicit/static pattern stem: `stm32f0xx_hal_tim_ex'
#  Last modified 2022-06-06 21:40:25
#  File has been updated.
#  Successfully updated.
# variable set hash-table stats:
 
# Load=0/32=0%, Rehash=0, Collisions=0/0=0%
#  commands to execute (from `Makefile', line 164):
	$(CC) -c $(CFLAGS) -Wa,-a,-ad,-alms=$(BUILD_DIR)/$(notdir $(<:.c=.lst)) $< -o $@
	

# Not a target:
build/lcd.d:
#  A default, MAKEFILES, or -include/sinclude makefile.
#  Implicit rule search has been done.
#  Last modified 2022-06-06 21:40:25
#  File has been updated.
#  Successfully updated.
# variable set hash-table stats:
# Load=0/32=0%, Rehash=0, Collisions=0/0=0%

# Not a target:
build/stm32f0xx_hal.d:
#  A default, MAKEFILES, or -include/sinclude makefile.
#  Implicit rule search has been done.
#  Last modified 2022-06-06 21:40:25
#  File has been updated.
#  Successfully updated.
# variable set hash-table stats:
# Load=0/32=0%, Rehash=0, Collisions=0/0=0%

# Not a target:
Drivers/STM32F0xx_HAL_Driver/Src/stm32f0xx_hal_i2c.c:
#  Implicit rule search has been done.
#  Last modified 2022-06-06 21:40:25
#  File has been updated.
#  Successfully updated.
# variable set hash-table stats:
# Load=0/32=0%, Rehash=0, Collisions=0/0=0%

# Not a target:
build/stm32f0xx_hal_rcc.d:
#  A default, MAKEFILES, or -include/sinclude makefile.
#  Implicit rule search has been done.
#  Last modified 2022-06-06 21:40:25
#  File has been updated.
#  Successfully updated.
# variable set hash-table stats:
# Load=0/32=0%, Rehash=0, Collisions=0/0=0%

Core/Inc/switch.h:
#  Implicit rule search has not been done.
#  Modification time never checked.
#  File has not been updated.

build/stm32f0xx_hal_pwr_ex.o: Drivers/STM32F0xx_HAL_Driver/Src/stm32f0xx_hal_pwr_ex.c Makefile Drivers/STM32F0xx_HAL_Driver/Src/stm32f0xx_hal_pwr_ex.c Drivers/STM32F0xx_HAL_Driver/Inc/stm32f0xx_hal.h Core/Inc/stm32f0xx_hal_conf.h Drivers/STM32F0xx_HAL_Driver/Inc/stm32f0xx_hal_rcc.h Drivers/STM32F0xx_HAL_Driver/Inc/stm32f0xx_hal_def.h Drivers/CMSIS/Device/ST/STM32F0xx/Include/stm32f0xx.h Drivers/CMSIS/Device/ST/STM32F0xx/Include/stm32f030x8.h Drivers/CMSIS/Include/core_cm0.h Drivers/CMSIS/Include/cmsis_version.h Drivers/CMSIS/Include/cmsis_compiler.h Drivers/CMSIS/Include/cmsis_gcc.h Drivers/CMSIS/Device/ST/STM32F0xx/Include/system_stm32f0xx.h Drivers/STM32F0xx_HAL_Driver/Inc/Legacy/stm32_hal_legacy.h Drivers/STM32F0xx_HAL_Driver/Inc/stm32f0xx_hal_rcc_ex.h Drivers/STM32F0xx_HAL_Driver/Inc/stm32f0xx_hal_gpio.h Drivers/STM32F0xx_HAL_Driver/Inc/stm32f0xx_hal_gpio_ex.h Drivers/STM32F0xx_HAL_Driver/Inc/stm32f0xx_hal_exti.h Drivers/STM32F0xx_HAL_Driver/Inc/stm32f0xx_hal_dma.h Drivers/STM32F0xx_HAL_Driver/Inc/stm32f0xx_hal_dma_ex.h Drivers/STM32F0xx_HAL_Driver/Inc/stm32f0xx_hal_cortex.h Drivers/STM32F0xx_HAL_Driver/Inc/stm32f0xx_hal_flash.h Drivers/STM32F0xx_HAL_Driver/Inc/stm32f0xx_hal_flash_ex.h Drivers/STM32F0xx_HAL_Driver/Inc/stm32f0xx_hal_i2c.h Drivers/STM32F0xx_HAL_Driver/Inc/stm32f0xx_hal_i2c_ex.h Drivers/STM32F0xx_HAL_Driver/Inc/stm32f0xx_hal_pwr.h Drivers/STM32F0xx_HAL_Driver/Inc/stm32f0xx_hal_pwr_ex.h Drivers/STM32F0xx_HAL_Driver/Inc/stm32f0xx_hal_tim.h Drivers/STM32F0xx_HAL_Driver/Inc/stm32f0xx_hal_tim_ex.h | build
#  Implicit rule search has been done.
#  Implicit/static pattern stem: `stm32f0xx_hal_pwr_ex'
#  Last modified 2022-06-06 21:40:25
#  File has been updated.
#  Successfully updated.
# variable set hash-table stats:
# Load=0/32=0%, Rehash=0, Collisions=0/0=0%
#  commands to execute (from `Makefile', line 164):
	$(CC) -c $(CFLAGS) -Wa,-a,-ad,-alms=$(BUILD_DIR)/$(notdir $(<:.c=.lst)) $< -o $@
	

Core/Inc/stm32f0xx_it.h:
#  Implicit rule search has been done.
#  Last modified 2022-06-06 21:40:25
#  File has been updated.
#  Successfully updated.
# variable set hash-table stats:
# Load=0/32=0%, Rehash=0, Collisions=0/0=0%

# Not a target:
build/stm32f0xx_hal_exti.d:
#  A default, MAKEFILES, or -include/sinclude makefile.
#  Implicit rule search has been done.
#  Last modified 2022-06-06 21:40:25
#  File has been updated.
#  Successfully updated.
# variable set hash-table stats:
# Load=0/32=0%, Rehash=0, Collisions=0/0=0%

build/stm32f0xx_hal_tim.o: Drivers/STM32F0xx_HAL_Driver/Src/stm32f0xx_hal_tim.c Makefile Drivers/STM32F0xx_HAL_Driver/Src/stm32f0xx_hal_tim.c Drivers/STM32F0xx_HAL_Driver/Inc/stm32f0xx_hal.h Core/Inc/stm32f0xx_hal_conf.h Drivers/STM32F0xx_HAL_Driver/Inc/stm32f0xx_hal_rcc.h Drivers/STM32F0xx_HAL_Driver/Inc/stm32f0xx_hal_def.h Drivers/CMSIS/Device/ST/STM32F0xx/Include/stm32f0xx.h Drivers/CMSIS/Device/ST/STM32F0xx/Include/stm32f030x8.h Drivers/CMSIS/Include/core_cm0.h Drivers/CMSIS/Include/cmsis_version.h Drivers/CMSIS/Include/cmsis_compiler.h Drivers/CMSIS/Include/cmsis_gcc.h Drivers/CMSIS/Device/ST/STM32F0xx/Include/system_stm32f0xx.h Drivers/STM32F0xx_HAL_Driver/Inc/Legacy/stm32_hal_legacy.h Drivers/STM32F0xx_HAL_Driver/Inc/stm32f0xx_hal_rcc_ex.h Drivers/STM32F0xx_HAL_Driver/Inc/stm32f0xx_hal_gpio.h Drivers/STM32F0xx_HAL_Driver/Inc/stm32f0xx_hal_gpio_ex.h Drivers/STM32F0xx_HAL_Driver/Inc/stm32f0xx_hal_exti.h Drivers/STM32F0xx_HAL_Driver/Inc/stm32f0xx_hal_dma.h Drivers/STM32F0xx_HAL_Driver/Inc/stm32f0xx_hal_dma_ex.h Drivers/STM32F0xx_HAL_Driver/Inc/stm32f0xx_hal_cortex.h Drivers/STM32F0xx_HAL_Driver/Inc/stm32f0xx_hal_flash.h Drivers/STM32F0xx_HAL_Driver/Inc/stm32f0xx_hal_flash_ex.h Drivers/STM32F0xx_HAL_Driver/Inc/stm32f0xx_hal_i2c.h Drivers/STM32F0xx_HAL_Driver/Inc/stm32f0xx_hal_i2c_ex.h Drivers/STM32F0xx_HAL_Driver/Inc/stm32f0xx_hal_pwr.h Drivers/STM32F0xx_HAL_Driver/Inc/stm32f0xx_hal_pwr_ex.h Drivers/STM32F0xx_HAL_Driver/Inc/stm32f0xx_hal_tim.h Drivers/STM32F0xx_HAL_Driver/Inc/stm32f0xx_hal_tim_ex.h | build
#  Implicit rule search has been done.
#  Implicit/static pattern stem: `stm32f0xx_hal_tim'
#  Last modified 2022-06-06 21:40:25
#  File has been updated.
#  Successfully updated.
# variable set hash-table stats:
# Load=0/32=0%, Rehash=0, Collisions=0/0=0%
#  commands to execute (from `Makefile', line 164):
	$(CC) -c $(CFLAGS) -Wa,-a,-ad,-alms=$(BUILD_DIR)/$(notdir $(<:.c=.lst)) $< -o $@
	

build/AllPrime_Refrigerator_Master.hex: build/AllPrime_Refrigerator_Master.elf | build
#  Implicit rule search has been done.
#  Implicit/static pattern stem: `AllPrime_Refrigerator_Master'
#  Last modified 2022-06-06 21:40:25
#  File has been updated.
#  Successfully updated.
# variable set hash-table stats:
# Load=0/32=0%, Rehash=0, Collisions=0/0=0%
#  commands to execute (from `Makefile', line 174):
	$(HEX) $< $@
	

# Not a target:
Core/Src/switch.c:
#  Implicit rule search has not been done.
#  Modification time never checked.
#  File has not been updated.

Drivers/STM32F0xx_HAL_Driver/Inc/stm32f0xx_hal_tim.h:
#  Implicit rule search has been done.
#  Last modified 2022-06-06 21:40:25
#  File has been updated.
#  Successfully updated.
# variable set hash-table stats:
# Load=0/32=0%, Rehash=0, Collisions=0/0=0%

build/stm32f0xx_hal_cortex.o: Drivers/STM32F0xx_HAL_Driver/Src/stm32f0xx_hal_cortex.c Makefile Drivers/STM32F0xx_HAL_Driver/Src/stm32f0xx_hal_cortex.c Drivers/STM32F0xx_HAL_Driver/Inc/stm32f0xx_hal.h Core/Inc/stm32f0xx_hal_conf.h Drivers/STM32F0xx_HAL_Driver/Inc/stm32f0xx_hal_rcc.h Drivers/STM32F0xx_HAL_Driver/Inc/stm32f0xx_hal_def.h Drivers/CMSIS/Device/ST/STM32F0xx/Include/stm32f0xx.h Drivers/CMSIS/Device/ST/STM32F0xx/Include/stm32f030x8.h Drivers/CMSIS/Include/core_cm0.h Drivers/CMSIS/Include/cmsis_version.h Drivers/CMSIS/Include/cmsis_compiler.h Drivers/CMSIS/Include/cmsis_gcc.h Drivers/CMSIS/Device/ST/STM32F0xx/Include/system_stm32f0xx.h Drivers/STM32F0xx_HAL_Driver/Inc/Legacy/stm32_hal_legacy.h Drivers/STM32F0xx_HAL_Driver/Inc/stm32f0xx_hal_rcc_ex.h Drivers/STM32F0xx_HAL_Driver/Inc/stm32f0xx_hal_gpio.h Drivers/STM32F0xx_HAL_Driver/Inc/stm32f0xx_hal_gpio_ex.h Drivers/STM32F0xx_HAL_Driver/Inc/stm32f0xx_hal_exti.h Drivers/STM32F0xx_HAL_Driver/Inc/stm32f0xx_hal_dma.h Drivers/STM32F0xx_HAL_Driver/Inc/stm32f0 
xx_hal_dma_ex.h Drivers/STM32F0xx_HAL_Driver/Inc/stm32f0xx_hal_cortex.h Drivers/STM32F0xx_HAL_Driver/Inc/stm32f0xx_hal_flash.h Drivers/STM32F0xx_HAL_Driver/Inc/stm32f0xx_hal_flash_ex.h Drivers/STM32F0xx_HAL_Driver/Inc/stm32f0xx_hal_i2c.h Drivers/STM32F0xx_HAL_Driver/Inc/stm32f0xx_hal_i2c_ex.h Drivers/STM32F0xx_HAL_Driver/Inc/stm32f0xx_hal_pwr.h Drivers/STM32F0xx_HAL_Driver/Inc/stm32f0xx_hal_pwr_ex.h Drivers/STM32F0xx_HAL_Driver/Inc/stm32f0xx_hal_tim.h Drivers/STM32F0xx_HAL_Driver/Inc/stm32f0xx_hal_tim_ex.h | build
#  Implicit rule search has been done.
#  Implicit/static pattern stem: `stm32f0xx_hal_cortex'
#  Last modified 2022-06-06 21:40:25
#  File has been updated.
#  Successfully updated.
# variable set hash-table stats:
# Load=0/32=0%, Rehash=0, Collisions=0/0=0%
#  commands to execute (from `Makefile', line 164):
	$(CC) -c $(CFLAGS) -Wa,-a,-ad,-alms=$(BUILD_DIR)/$(notdir $(<:.c=.lst)) $< -o $@
	

Drivers/CMSIS/Device/ST/STM32F0xx/Include/system_stm32f0xx.h:
#  Implicit rule search has been done.
#  Last modified 2022-06-06 21:40:25
#  File has been updated.
#  Successfully updated.
# variable set hash-table stats:
# Load=0/32=0%, Rehash=0, Collisions=0/0=0%

# Not a target:
.DEFAULT:
#  Implicit rule search has not been done.
#  Modification time never checked.
#  File has not been updated.

# Not a target:
build/startup_stm32f030x8.d:
#  A default, MAKEFILES, or -include/sinclude makefile.
#  Implicit rule search has been done.
#  Last modified 2022-06-06 21:40:25
#  File has been updated.
#  Successfully updated.
# variable set hash-table stats:
# Load=0/32=0%, Rehash=0, Collisions=0/0=0%

# Not a target:
build/switch.d:
#  A default, MAKEFILES, or -include/sinclude makefile.
#  Implicit rule search has been done.
#  Last modified 2022-06-06 21:40:25
#  File has been updated.
#  Successfully updated.
# variable set hash-table stats:
# Load=0/32=0%, Rehash=0, Collisions=0/0=0%

# Not a target:
Core/Src/stm32f0xx_it.c:
#  Implicit rule search has been done.
#  Last modified 2022-06-06 21:40:25
#  File has been updated.
#  Successfully updated.
# variable set hash-table stats:
# Load=0/32=0%, Rehash=0, Collisions=0/0=0%

Drivers/STM32F0xx_HAL_Driver/Inc/stm32f0xx_hal_i2c_ex.h:
#  Implicit rule search has been done.
#  Last modified 2022-06-06 21:40:25
#  File has been updated.
#  Successfully updated.
# variable set hash-table stats:
# Load=0/32=0%, Rehash=0, Collisions=0/0=0%

# Not a target:
startup_stm32f030x8.c:
#  Implicit rule search has been done.
#  Last modified 2022-06-06 21:40:25
#  File has been updated.
#  Successfully updated.
# variable set hash-table stats:
# Load=0/32=0%, Rehash=0, Collisions=0/0=0%

build/stm32f0xx_hal_flash_ex.o: Drivers/STM32F0xx_HAL_Driver/Src/stm32f0xx_hal_flash_ex.c Makefile Drivers/STM32F0xx_HAL_Driver/Src/stm32f0xx_hal_flash_ex.c Drivers/STM32F0xx_HAL_Driver/Inc/stm32f0xx_hal.h Core/Inc/stm32f0xx_hal_conf.h Drivers/STM32F0xx_HAL_Driver/Inc/stm32f0xx_hal_rcc.h Drivers/STM32F0xx_HAL_Driver/Inc/stm32f0xx_hal_def.h Drivers/CMSIS/Device/ST/STM32F0xx/Include/stm32f0xx.h Drivers/CMSIS/Device/ST/STM32F0xx/Include/stm32f030x8.h Drivers/CMSIS/Include/core_cm0.h Drivers/CMSIS/Include/cmsis_version.h Drivers/CMSIS/Include/cmsis_compiler.h Drivers/CMSIS/Include/cmsis_gcc.h Drivers/CMSIS/Device/ST/STM32F0xx/Include/system_stm32f0xx.h Drivers/STM32F0xx_HAL_Driver/Inc/Legacy/stm32_hal_legacy.h Drivers/STM32F0xx_HAL_Driver/Inc/stm32f0xx_hal_rcc_ex.h Drivers/STM32F0xx_HAL_Driver/Inc/stm32f0xx_hal_gpio.h Drivers/STM32F0xx_HAL_Driver/Inc/stm32f0xx_hal_gpio_ex.h Drivers/STM32F0xx_HAL_Driver/Inc/stm32f0xx_hal_exti.h Drivers/STM32F0xx_HAL_Driver/Inc/stm32f0xx_hal_dma.h Drivers/STM32F0xx_HAL_Driver/Inc/stm32f0xx_hal_dma_ex.h Drivers/STM32F0xx_HAL_Driver/Inc/stm32f0xx_hal_cortex.h Drivers/STM32F0xx_HAL_Driver/Inc/stm32f0xx_hal_flash.h Drivers/STM32F0xx_HAL_Driver/Inc/stm32f0xx_hal_flash_ex.h Drivers/STM32F0xx_HAL_Driver/Inc/stm32f0xx_hal_i2c.h Drivers/STM32F0xx_HAL_Driver/Inc/stm32f0xx_hal_i2c_ex.h Drivers/STM32F0xx_HAL_Driver/Inc/stm32f0xx_hal_pwr.h Drivers/STM32F0xx_HAL_Driver/Inc/stm32f0xx_hal_pwr_ex.h Drivers/STM32F0xx_HAL_Driver/Inc/stm32f0xx_hal_tim.h Drivers/STM32F0xx_HAL_Driver/Inc/stm32f0xx_hal_tim_ex.h | build
#  Implicit rule search has been done.
#  Implicit/static pattern stem: `stm32f0xx_hal_flash_ex'
#  Last modified 2022-06-06 21:40:25
#  File has been updated.
#  Successfully updated.
# variable set hash-table stats:
# Load=0/32=0%, Rehash=0, Collisions=0/0=0%
#  commands to execute (from `Makefile', line 164):
	$(CC) -c $(CFLAGS) -Wa,-a,-ad,-alms=$(BUILD_DIR)/$(notdir $(<:.c=.lst)) $< -o $@
	

# Not a target:
build/stm32f0xx_it.d:
#  A default, MAKEFILES, or -include/sinclude makefile.
#  Implicit rule search has been done.
#  Last modified 2022-06-06 21:40:25
#  File has been updated.
#  Successfully updated.
# variable set hash-table stats:
# Load=0/32=0%, Rehash=0, Collisions=0/0=0%

Core/Inc/keypad.h:
#  Implicit rule search has been done.
#  Last modified 2022-06-06 21:40:25
#  File has been updated.
#  Successfully updated.
# variable set hash-table stats:
# Load=0/32=0%, Rehash=0, Collisions=0/0=0%

Drivers/STM32F0xx_HAL_Driver/Inc/stm32f0xx_hal_pwr.h:
#  Implicit rule search has been done.
#  Last modified 2022-06-06 21:40:25
#  File has been updated.
#  Successfully updated.
# variable set hash-table stats:
# Load=0/32=0%, Rehash=0, Collisions=0/0=0%

# Not a target:
Drivers/STM32F0xx_HAL_Driver/Src/stm32f0xx_hal_tim.c:
#  Implicit rule search has been done.
#  Last modified 2022-06-06 21:40:25
#  File has been updated.
#  Successfully updated.
# variable set hash-table stats:
# Load=0/32=0%, Rehash=0, Collisions=0/0=0%

Core/Inc/main.h:
#  Implicit rule search has been done.
#  Last modified 2022-06-06 21:40:25
#  File has been updated.
#  Successfully updated.
# variable set hash-table stats:
# Load=0/32=0%, Rehash=0, Collisions=0/0=0%

clean:
#  Implicit rule search has not been done.
#  Modification time never checked.
#  File has not been updated.
#  commands to execute (from `Makefile', line 186):
	-rm -fR $(BUILD_DIR)
	

# Not a target:
Drivers/STM32F0xx_HAL_Driver/Src/stm32f0xx_hal_i2c_ex.c:
#  Implicit rule search has been done.
#  Last modified 2022-06-06 21:40:25
#  File has been updated.
#  Successfully updated.
# variable set hash-table stats:
# Load=0/32=0%, Rehash=0, Collisions=0/0=0%

# Not a target:
build/stm32f0xx_hal_rcc_ex.d:
#  A default, MAKEFILES, or -include/sinclude makefile.
#  Implicit rule search has been done.
#  Last modified 2022-06-06 21:40:25
#  File has been updated.
#  Successfully updated.
# variable set hash-table stats:
# Load=0/32=0%, Rehash=0, Collisions=0/0=0%

build/stm32f0xx_hal_msp.o: Core/Src/stm32f0xx_hal_msp.c Makefile Core/Src/stm32f0xx_hal_msp.c Core/Inc/main.h Drivers/STM32F0xx_HAL_Driver/Inc/stm32f0xx_hal.h Core/Inc/stm32f0xx_hal_conf.h Drivers/STM32F0xx_HAL_Driver/Inc/stm32f0xx_hal_rcc.h Drivers/STM32F0xx_HAL_Driver/Inc/stm32f0xx_hal_def.h Drivers/CMSIS/Device/ST/STM32F0xx/Include/stm32f0xx.h Drivers/CMSIS/Device/ST/STM32F0xx/Include/stm32f030x8.h Drivers/CMSIS/Include/core_cm0.h Drivers/CMSIS/Include/cmsis_version.h Drivers/CMSIS/Include/cmsis_compiler.h Drivers/CMSIS/Include/cmsis_gcc.h Drivers/CMSIS/Device/ST/STM32F0xx/Include/system_stm32f0xx.h Drivers/STM32F0xx_HAL_Driver/Inc/Legacy/stm32_hal_legacy.h Drivers/STM32F0xx_HAL_Driver/Inc/stm32f0xx_hal_rcc_ex.h Drivers/STM32F0xx_HAL_Driver/Inc/stm32f0xx_hal_gpio.h Drivers/STM32F0xx_HAL_Driver/Inc/stm32f0xx_hal_gpio_ex.h Drivers/STM32F0xx_HAL_Driver/Inc/stm32f0xx_hal_exti.h Drivers/STM32F0xx_HAL_Driver/Inc/stm32f0xx_hal_dma.h Drivers/STM32F0xx_HAL_Driver/Inc/stm32f0xx_hal_dma_ex.h Drivers/STM32F0xx_HAL_Dri 
ver/Inc/stm32f0xx_hal_cortex.h Drivers/STM32F0xx_HAL_Driver/Inc/stm32f0xx_hal_flash.h Drivers/STM32F0xx_HAL_Driver/Inc/stm32f0xx_hal_flash_ex.h Drivers/STM32F0xx_HAL_Driver/Inc/stm32f0xx_hal_i2c.h Drivers/STM32F0xx_HAL_Driver/Inc/stm32f0xx_hal_i2c_ex.h Drivers/STM32F0xx_HAL_Driver/Inc/stm32f0xx_hal_pwr.h Drivers/STM32F0xx_HAL_Driver/Inc/stm32f0xx_hal_pwr_ex.h Drivers/STM32F0xx_HAL_Driver/Inc/stm32f0xx_hal_tim.h Drivers/STM32F0xx_HAL_Driver/Inc/stm32f0xx_hal_tim_ex.h Core/Inc/os.h Core/Inc/vardef.h | build
#  Implicit rule search has been done.
#  Implicit/static pattern stem: `stm32f0xx_hal_msp'
#  Last modified 2022-06-06 21:40:25
#  File has been updated.
#  Successfully updated.
# variable set hash-table stats:
# Load=0/32=0%, Rehash=0, Collisions=0/0=0%
#  commands to execute (from `Makefile', line 164):
	$(CC) -c $(CFLAGS) -Wa,-a,-ad,-alms=$(BUILD_DIR)/$(notdir $(<:.c=.lst)) $< -o $@
	

Core/Inc/vardef.h:
#  Implicit rule search has been done.
#  Last modified 2022-06-06 21:40:25
#  File has been updated.
#  Successfully updated.
# variable set hash-table stats:
# Load=0/32=0%, Rehash=0, Collisions=0/0=0%

build/stm32f0xx_hal_gpio.o: Drivers/STM32F0xx_HAL_Driver/Src/stm32f0xx_hal_gpio.c Makefile Drivers/STM32F0xx_HAL_Driver/Src/stm32f0xx_hal_gpio.c Drivers/STM32F0xx_HAL_Driver/Inc/stm32f0xx_hal.h Core/Inc/stm32f0xx_hal_conf.h Drivers/STM32F0xx_HAL_Driver/Inc/stm32f0xx_hal_rcc.h Drivers/STM32F0xx_HAL_Driver/Inc/stm32f0xx_hal_def.h Drivers/CMSIS/Device/ST/STM32F0xx/Include/stm32f0xx.h Drivers/CMSIS/Device/ST/STM32F0xx/Include/stm32f030x8.h Drivers/CMSIS/Include/core_cm0.h Drivers/CMSIS/Include/cmsis_version.h Drivers/CMSIS/Include/cmsis_compiler.h Drivers/CMSIS/Include/cmsis_gcc.h Drivers/CMSIS/Device/ST/STM32F0xx/Include/system_stm32f0xx.h Drivers/STM32F0xx_HAL_Driver/Inc/Legacy/stm32_hal_legacy.h Drivers/STM32F0xx_HAL_Driver/Inc/stm32f0xx_hal_rcc_ex.h Drivers/STM32F0xx_HAL_Driver/Inc/stm32f0xx_hal_gpio.h Drivers/STM32F0xx_HAL_Driver/Inc/stm32f0xx_hal_gpio_ex.h Drivers/STM32F0xx_HAL_Driver/Inc/stm32f0xx_hal_exti.h Drivers/STM32F0xx_HAL_Driver/Inc/stm32f0xx_hal_dma.h Drivers/STM32F0xx_HAL_Driver/Inc/stm32f0xx_hal_dma_ex.h Drivers/STM32F0xx_HAL_Driver/Inc/stm32f0xx_hal_cortex.h Drivers/STM32F0xx_HAL_Driver/Inc/stm32f0xx_hal_flash.h Drivers/STM32F0xx_HAL_Driver/Inc/stm32f0xx_hal_flash_ex.h Drivers/STM32F0xx_HAL_Driver/Inc/stm32f0xx_hal_i2c.h Drivers/STM32F0xx_HAL_Driver/Inc/stm32f0xx_hal_i2c_ex.h Drivers/STM32F0xx_HAL_Driver/Inc/stm32f0xx_hal_pwr.h Drivers/STM32F0xx_HAL_Driver/Inc/stm32f0xx_hal_pwr_ex.h Drivers/STM32F0xx_HAL_Driver/Inc/stm32f0xx_hal_tim.h Drivers/STM32F0xx_HAL_Driver/Inc/stm32f0xx_hal_tim_ex.h | build
#  Implicit rule search has been done.
#  Implicit/static pattern stem: `stm32f0xx_hal_gpio'
#  Last modified 2022-06-06 21:40:25
#  File has been updated.
#  Successfully updated.
# variable set hash-table stats:
# Load=0/32=0%, Rehash=0, Collisions=0/0=0%
#  commands to execute (from `Makefile', line 164):
	$(CC) -c $(CFLAGS) -Wa,-a,-ad,-alms=$(BUILD_DIR)/$(notdir $(<:.c=.lst)) $< -o $@
	

# Not a target:
Core/Src/keypad.c:
#  Implicit rule search has been done.
#  Last modified 2022-06-06 21:40:25
#  File has been updated.
#  Successfully updated.
# variable set hash-table stats:
# Load=0/32=0%, Rehash=0, Collisions=0/0=0%

build/AllPrime_Refrigerator_Master.elf: build/main.o build/stm32f0xx_it.o build/stm32f0xx_hal_msp.o build/os.o build/keypad.o build/lcd.o build/stm32f0xx_hal_tim.o build/stm32f0xx_hal_tim_ex.o build/stm32f0xx_hal_rcc.o build/stm32f0xx_hal_rcc_ex.o build/stm32f0xx_hal.o build/stm32f0xx_hal_i2c.o build/stm32f0xx_hal_i2c_ex.o build/stm32f0xx_hal_gpio.o build/stm32f0xx_hal_dma.o build/stm32f0xx_hal_cortex.o build/stm32f0xx_hal_pwr.o build/stm32f0xx_hal_pwr_ex.o build/stm32f0xx_hal_flash.o build/stm32f0xx_hal_flash_ex.o build/stm32f0xx_hal_exti.o build/system_stm32f0xx.o build/startup_stm32f030x8.o Makefile
#  Implicit rule search has not been done.
#  Last modified 2022-06-06 21:40:25
#  File has been updated.
#  Successfully updated.
# variable set hash-table stats:
# Load=0/32=0%, Rehash=0, Collisions=0/0=0%
#  commands to execute (from `Makefile', line 170):
	$(CC) $(OBJECTS) $(LDFLAGS) -o $@
	$(SZ) $@
	

# Not a target:
Core/Src/main.c:
#  Implicit rule search has been done.
#  Last modified 2022-06-06 21:40:25
#  File has been updated.
#  Successfully updated.
# variable set hash-table stats:
# Load=0/32=0%, Rehash=0, Collisions=0/0=0%

build/lcd.o: Core/Src/lcd.c Makefile Core/Src/lcd.c Core/Inc/lcd.h Core/Inc/main.h Drivers/STM32F0xx_HAL_Driver/Inc/stm32f0xx_hal.h Core/Inc/stm32f0xx_hal_conf.h Drivers/STM32F0xx_HAL_Driver/Inc/stm32f0xx_hal_rcc.h Drivers/STM32F0xx_HAL_Driver/Inc/stm32f0xx_hal_def.h Drivers/CMSIS/Device/ST/STM32F0xx/Include/stm32f0xx.h Drivers/CMSIS/Device/ST/STM32F0xx/Include/stm32f030x8.h Drivers/CMSIS/Include/core_cm0.h Drivers/CMSIS/Include/cmsis_version.h Drivers/CMSIS/Include/cmsis_compiler.h Drivers/CMSIS/Include/cmsis_gcc.h Drivers/CMSIS/Device/ST/STM32F0xx/Include/system_stm32f0xx.h Drivers/STM32F0xx_HAL_Driver/Inc/Legacy/stm32_hal_legacy.h Drivers/STM32F0xx_HAL_Driver/Inc/stm32f0xx_hal_rcc_ex.h Drivers/STM32F0xx_HAL_Driver/Inc/stm32f0xx_hal_gpio.h Drivers/STM32F0xx_HAL_Driver/Inc/stm32f0xx_hal_gpio_ex.h Drivers/STM32F0xx_HAL_Driver/Inc/stm32f0xx_hal_exti.h Drivers/STM32F0xx_HAL_Driver/Inc/stm32f0xx_hal_dma.h Drivers/STM32F0xx_HAL_Driver/Inc/stm32f0xx_hal_dma_ex.h Drivers/STM32F0xx_HAL_Driver/Inc/stm32f0xx_hal_cortex.h Drivers/STM32F0xx_HAL_Driver/Inc/stm32f0xx_hal_flash.h Drivers/STM32F0xx_HAL_Driver/Inc/stm32f0xx_hal_flash_ex.h Drivers/STM32F0xx_HAL_Driver/Inc/stm32f0xx_hal_i2c.h Drivers/STM32F0xx_HAL_Driver/Inc/stm32f0xx_hal_i2c_ex.h Drivers/STM32F0xx_HAL_Driver/Inc/stm32f0xx_hal_pwr.h Drivers/STM32F0xx_HAL_Driver/Inc/stm32f0xx_hal_pwr_ex.h Drivers/STM32F0xx_HAL_Driver/Inc/stm32f0xx_hal_tim.h Drivers/STM32F0xx_HAL_Driver/Inc/stm32f0xx_hal_tim_ex.h Core/Inc/os.h Core/Inc/vardef.h | build
#  Implicit rule search has been done.
#  Implicit/static pattern stem: `lcd'
#  Last modified 2022-06-06 21:40:25
#  File has been updated.
#  Successfully updated.
# variable set hash-table stats:
# Load=0/32=0%, Rehash=0, Collisions=0/0=0%
#  commands to execute (from `Makefile', line 164):
	$(CC) -c $(CFLAGS) -Wa,-a,-ad,-alms=$(BUILD_DIR)/$(notdir $(<:.c=.lst)) $< -o $@
	

build/stm32f0xx_hal.o: Drivers/STM32F0xx_HAL_Driver/Src/stm32f0xx_hal.c Makefile Drivers/STM32F0xx_HAL_Driver/Src/stm32f0xx_hal.c Drivers/STM32F0xx_HAL_Driver/Inc/stm32f0xx_hal.h Core/Inc/stm32f0xx_hal_conf.h Drivers/STM32F0xx_HAL_Driver/Inc/stm32f0xx_hal_rcc.h Drivers/STM32F0xx_HAL_Driver/Inc/stm32f0xx_hal_def.h Drivers/CMSIS/Device/ST/STM32F0xx/Include/stm32f0xx.h Drivers/CMSIS/Device/ST/STM32F0xx/Include/stm32f030x8.h Drivers/CMSIS/Include/core_cm0.h Drivers/CMSIS/Include/cmsis_version.h Drivers/CMSIS/Include/cmsis_compiler.h Drivers/CMSIS/Include/cmsis_gcc.h Drivers/CMSIS/Device/ST/STM32F0xx/Include/system_stm32f0xx.h Drivers/STM32F0xx_HAL_Driver/Inc/Legacy/stm32_hal_legacy.h Drivers/STM32F0xx_HAL_Driver/Inc/stm32f0xx_hal_rcc_ex.h Drivers/STM32F0xx_HAL_Driver/Inc/stm32f0xx_hal_gpio.h Drivers/STM32F0xx_HAL_Driver/Inc/stm32f0xx_hal_gpio_ex.h Drivers/STM32F0xx_HAL_Driver/Inc/stm32f0xx_hal_exti.h Drivers/STM32F0xx_HAL_Driver/Inc/stm32f0xx_hal_dma.h Drivers/STM32F0xx_HAL_Driver/Inc/stm32f0xx_hal_dma_ex.h Drivers/STM32F0xx_HAL_Driver/Inc/stm32f0xx_hal_cortex.h Drivers/STM32F0xx_HAL_Driver/Inc/stm32f0xx_hal_flash.h Drivers/STM32F0xx_HAL_Driver/Inc/stm32f0xx_hal_flash_ex.h Drivers/STM32F0xx_HAL_Driver/Inc/stm32f0xx_hal_i2c.h Drivers/STM32F0xx_HAL_Driver/Inc/stm32f0xx_hal_i2c_ex.h Drivers/STM32F0xx_HAL_Driver/Inc/stm32f0xx_hal_pwr.h Drivers/STM32F0xx_HAL_Driver/Inc/stm32f0xx_hal_pwr_ex.h Drivers/STM32F0xx_HAL_Driver/Inc/stm32f0xx_hal_tim.h Drivers/STM32F0xx_HAL_Driver/Inc/stm32f0xx_hal_tim_ex.h | build
#  Implicit rule search has been done.
#  Implicit/static pattern stem: `stm32f0xx_hal'
#  Last modified 2022-06-06 21:40:25
#  File has been updated.
#  Successfully updated.
# variable set hash-table stats:
# Load=0/32=0%, Rehash=0, Collisions=0/0=0%
#  commands to execute (from `Makefile', line 164):
 
	$(CC) -c $(CFLAGS) -Wa,-a,-ad,-alms=$(BUILD_DIR)/$(notdir $(<:.c=.lst)) $< -o $@
	

Drivers/STM32F0xx_HAL_Driver/Inc/stm32f0xx_hal_flash.h:
#  Implicit rule search has been done.
#  Last modified 2022-06-06 21:40:25
#  File has been updated.
#  Successfully updated.
# variable set hash-table stats:
# Load=0/32=0%, Rehash=0, Collisions=0/0=0%

Core/Inc/lcd.h:
#  Implicit rule search has been done.
#  Last modified 2022-06-06 21:40:25
#  File has been updated.
#  Successfully updated.
# variable set hash-table stats:
# Load=0/32=0%, Rehash=0, Collisions=0/0=0%

# Not a target:
build/stm32f0xx_hal_i2c.d:
#  A default, MAKEFILES, or -include/sinclude makefile.
#  Implicit rule search has been done.
#  Last modified 2022-06-06 21:40:25
#  File has been updated.
#  Successfully updated.
# variable set hash-table stats:
# Load=0/32=0%, Rehash=0, Collisions=0/0=0%

# Not a target:
build/keypad.d:
#  A default, MAKEFILES, or -include/sinclude makefile.
#  Implicit rule search has been done.
#  Last modified 2022-06-06 21:40:25
#  File has been updated.
#  Successfully updated.
# variable set hash-table stats:
# Load=0/32=0%, Rehash=0, Collisions=0/0=0%

# Not a target:
build/main.d:
#  A default, MAKEFILES, or -include/sinclude makefile.
#  Implicit rule search has been done.
#  Last modified 2022-06-06 21:40:25
#  File has been updated.
#  Successfully updated.
# variable set hash-table stats:
# Load=0/32=0%, Rehash=0, Collisions=0/0=0%

build/stm32f0xx_hal_rcc.o: Drivers/STM32F0xx_HAL_Driver/Src/stm32f0xx_hal_rcc.c Makefile Drivers/STM32F0xx_HAL_Driver/Src/stm32f0xx_hal_rcc.c Drivers/STM32F0xx_HAL_Driver/Inc/stm32f0xx_hal.h Core/Inc/stm32f0xx_hal_conf.h Drivers/STM32F0xx_HAL_Driver/Inc/stm32f0xx_hal_rcc.h Drivers/STM32F0xx_HAL_Driver/Inc/stm32f0xx_hal_def.h Drivers/CMSIS/Device/ST/STM32F0xx/Include/stm32f0xx.h Drivers/CMSIS/Device/ST/STM32F0xx/Include/stm32f030x8.h Drivers/CMSIS/Include/core_cm0.h Drivers/CMSIS/Include/cmsis_version.h Drivers/CMSIS/Include/cmsis_compiler.h Drivers/CMSIS/Include/cmsis_gcc.h Drivers/CMSIS/Device/ST/STM32F0xx/Include/system_stm32f0xx.h Drivers/STM32F0xx_HAL_Driver/Inc/Legacy/stm32_hal_legacy.h Drivers/STM32F0xx_HAL_Driver/Inc/stm32f0xx_hal_rcc_ex.h Drivers/STM32F0xx_HAL_Driver/Inc/stm32f0xx_hal_gpio.h Drivers/STM32F0xx_HAL_Driver/Inc/stm32f0xx_hal_gpio_ex.h Drivers/STM32F0xx_HAL_Driver/Inc/stm32f0xx_hal_exti.h Drivers/STM32F0xx_HAL_Driver/Inc/stm32f0xx_hal_dma.h Drivers/STM32F0xx_HAL_Driver/Inc/stm32f0xx_hal_dma_ex.h Drivers/STM32F0xx_HAL_Driver/Inc/stm32f0xx_hal_cortex.h Drivers/STM32F0xx_HAL_Driver/Inc/stm32f0xx_hal_flash.h Drivers/STM32F0xx_HAL_Driver/Inc/stm32f0xx_hal_flash_ex.h Drivers/STM32F0xx_HAL_Driver/Inc/stm32f0xx_hal_i2c.h Drivers/STM32F0xx_HAL_Driver/Inc/stm32f0xx_hal_i2c_ex.h Drivers/STM32F0xx_HAL_Driver/Inc/stm32f0xx_hal_pwr.h Drivers/STM32F0xx_HAL_Driver/Inc/stm32f0xx_hal_pwr_ex.h Drivers/STM32F0xx_HAL_Driver/Inc/stm32f0xx_hal_tim.h Drivers/STM32F0xx_HAL_Driver/Inc/stm32f0xx_hal_tim_ex.h | build
#  Implicit rule search has been done.
#  Implicit/static pattern stem: `stm32f0xx_hal_rcc'
#  Last modified 2022-06-06 21:40:25
#  File has been updated.
#  Successfully updated.
# variable set hash-table stats:
# Load=0/32=0%, Rehash=0, Collisions=0/0=0%
#  commands to execute (from `Makefile', line 164):
	$(CC) -c $(CFLAGS) -Wa,-a,-ad,-alms=$(BUILD_DIR)/$(notdir $(<:.c=.lst)) $< -o $@
	

Drivers/STM32F0xx_HAL_Driver/Inc/Legacy/stm32_hal_legacy.h:
#  Implicit rule search has been done.
#  Last modified 2022-06-06 21:40:25
#  File has been updated.
#  Successfully updated.
# variable set hash-table stats:
# Load=0/32=0%, Rehash=0, Collisions=0/0=0%

Drivers/STM32F0xx_HAL_Driver/Inc/stm32f0xx_hal_dma.h:
#  Implicit rule search has been done.
#  Last modified 2022-06-06 21:40:25
#  File has been updated.
#  Successfully updated.
# variable set hash-table stats:
# Load=0/32=0%, Rehash=0, Collisions=0/0=0%

Drivers/STM32F0xx_HAL_Driver/Inc/stm32f0xx_hal_tim_ex.h:
#  Implicit rule search has been done.
#  Last modified 2022-06-06 21:40:25
#  File has been updated.
#  Successfully updated.
# variable set hash-table stats:
# Load=0/32=0%, Rehash=0, Collisions=0/0=0%

flash: all
#  Implicit rule search has not been done.
#  Modification time never checked.
#  File has not been updated.
#  commands to execute (from `Makefile', line 192):
	openocd -f interface/stlink.cfg -f target/stm32f0x.cfg -c "program $(BUILD_DIR)/$(TARGET).elf verify reset exit"
	

Core/Inc/os.h:
#  Implicit rule search has been done.
#  Last modified 2022-06-06 21:40:25
#  File has been updated.
#  Successfully updated.
# variable set hash-table stats:
# Load=0/32=0%, Rehash=0, Collisions=0/0=0%

# Not a target:
Drivers/STM32F0xx_HAL_Driver/Src/stm32f0xx_hal_pwr.c:
#  Implicit rule search has been done.
#  Last modified 2022-06-06 21:40:25
#  File has been updated.
#  Successfully updated.
# variable set hash-table stats:
# Load=0/32=0%, Rehash=0, Collisions=0/0=0%

build/stm32f0xx_hal_exti.o: Drivers/STM32F0xx_HAL_Driver/Src/stm32f0xx_hal_exti.c Makefile Drivers/STM32F0xx_HAL_Driver/Src/stm32f0xx_hal_exti.c Drivers/STM32F0xx_HAL_Driver/Inc/stm32f0xx_hal.h Core/Inc/stm32f0xx_hal_conf.h Drivers/STM32F0xx_HAL_Driver/Inc/stm32f0xx_hal_rcc.h Drivers/STM32F0xx_HAL_Driver/Inc/stm32f0xx_hal_def.h Drivers/CMSIS/Device/ST/STM32F0xx/Include/stm32f0xx.h Drivers/CMSIS/Device/ST/STM32F0xx/Include/stm32f030x8.h Drivers/CMSIS/Include/core_cm0.h Drivers/CMSIS/Include/cmsis_version.h Drivers/CMSIS/Include/cmsis_compiler.h Drivers/CMSIS/Include/cmsis_gcc.h Drivers/CMSIS/Device/ST/STM32F0xx/Include/system_stm32f0xx.h Drivers/STM32F0xx_HAL_Driver/Inc/Legacy/stm32_hal_legacy.h Drivers/STM32F0xx_HAL_Driver/Inc/stm32f0xx_hal_rcc_ex.h Drivers/STM32F0xx_HAL_Driver/Inc/stm32f0xx_hal_gpio.h Drivers/STM32F0xx_HAL_Driver/Inc/stm32f0xx_hal_gpio_ex.h Drivers/STM32F0xx_HAL_Driver/Inc/stm32f0xx_hal_exti.h Drivers/STM32F0xx_HAL_Driver/Inc/stm32f0xx_hal_dma.h Drivers/STM32F0xx_HAL_Driver/Inc/stm32f0xx_hal_dma_ex.h Drivers/STM32F0xx_HAL_Driver/Inc/stm32f0xx_hal_cortex.h Drivers/STM32F0xx_HAL_Driver/Inc/stm32f0xx_hal_flash.h Drivers/STM32F0xx_HAL_Driver/Inc/stm32f0xx_hal_flash_ex.h Drivers/STM32F0xx_HAL_Driver/Inc/stm32f0xx_hal_i2c.h Drivers/STM32F0xx_HAL_Driver/Inc/stm32f0xx_hal_i2c_ex.h Drivers/STM32F0xx_HAL_Driver/Inc/stm32f0xx_hal_pwr.h Drivers/STM32F0xx_HAL_Driver/Inc/stm32f0xx_hal_pwr_ex.h Drivers/STM32F0xx_HAL_Driver/Inc/stm32f0xx_hal_tim.h Drivers/STM32F0xx_HAL_Driver/Inc/stm32f0xx_hal_tim_ex.h | build
#  Implicit rule search has been done.
#  Implicit/static pattern stem: `stm32f0xx_hal_exti'
#  Last modified 2022-06-06 21:40:25
#  File has been updated.
#  Successfully updated.
# variable set hash-table stats:
# Load=0/32=0%, Rehash=0, Collisions=0/0=0%
#  commands to execute (from `Makefile', line 164):
	$(CC) -c $(CFLAGS) -Wa,-a,-ad,-alms=$(BUILD_DIR)/$(notdir $(<:.c=.lst)) $< -o $@
	

# Not a target:
Drivers/STM32F0xx_HAL_Driver/Src/stm32f0xx_hal_dma.c:
#  Implicit rule search has been done.
#  Last modified 2022-06-06 21:40:25
#  File has been updated.
#  Successfully updated.
# variable set hash-table stats:
# Load=0/32=0%, Rehash=0, Collisions=0/0=0%

Drivers/STM32F0xx_HAL_Driver/Inc/stm32f0xx_hal_pwr_ex.h:
#  Implicit rule search has been done.
#  Last modified 2022-06-06 21:40:25
#  File has been updated.
#  Successfully updated.
# variable set hash-table stats:
# Load=0/32=0%, Rehash=0, Collisions=0/0=0%

# Not a target:
Drivers/STM32F0xx_HAL_Driver/Src/stm32f0xx_hal_tim_ex.c:
#  Implicit rule search has been done.
#  Last modified 2022-06-06 21:40:25
#  File has been updated.
#  Successfully updated.
# variable set hash-table stats:
# Load=0/32=0%, Rehash=0, Collisions=0/0=0%

 
build/startup_stm32f030x8.o: startup_stm32f030x8.c Makefile startup_stm32f030x8.c Drivers/CMSIS/Device/ST/STM32F0xx/Include/system_stm32f0xx.h Drivers/CMSIS/Device/ST/STM32F0xx/Include/stm32f0xx.h Drivers/CMSIS/Device/ST/STM32F0xx/Include/stm32f030x8.h Drivers/CMSIS/Include/core_cm0.h Drivers/CMSIS/Include/cmsis_version.h Drivers/CMSIS/Include/cmsis_compiler.h Drivers/CMSIS/Include/cmsis_gcc.h Drivers/CMSIS/Device/ST/STM32F0xx/Include/system_stm32f0xx.h Drivers/STM32F0xx_HAL_Driver/Inc/stm32f0xx_hal.h Core/Inc/stm32f0xx_hal_conf.h Drivers/STM32F0xx_HAL_Driver/Inc/stm32f0xx_hal_rcc.h Drivers/STM32F0xx_HAL_Driver/Inc/stm32f0xx_hal_def.h Drivers/STM32F0xx_HAL_Driver/Inc/Legacy/stm32_hal_legacy.h Drivers/STM32F0xx_HAL_Driver/Inc/stm32f0xx_hal_rcc_ex.h Drivers/STM32F0xx_HAL_Driver/Inc/stm32f0xx_hal_gpio.h Drivers/STM32F0xx_HAL_Driver/Inc/stm32f0xx_hal_gpio_ex.h Drivers/STM32F0xx_HAL_Driver/Inc/stm32f0xx_hal_exti.h Drivers/STM32F0xx_HAL_Driver/Inc/stm32f0xx_hal_dma.h Drivers/STM32F0xx_HAL_Driver/Inc/stm32f0xx_hal_dma_ex.h Drivers/STM32F0xx_HAL_Driver/Inc/stm32f0xx_hal_cortex.h Drivers/STM32F0xx_HAL_Driver/Inc/stm32f0xx_hal_flash.h Drivers/STM32F0xx_HAL_Driver/Inc/stm32f0xx_hal_flash_ex.h Drivers/STM32F0xx_HAL_Driver/Inc/stm32f0xx_hal_i2c.h Drivers/STM32F0xx_HAL_Driver/Inc/stm32f0xx_hal_i2c_ex.h Drivers/STM32F0xx_HAL_Driver/Inc/stm32f0xx_hal_pwr.h Drivers/STM32F0xx_HAL_Driver/Inc/stm32f0xx_hal_pwr_ex.h Drivers/STM32F0xx_HAL_Driver/Inc/stm32f0xx_hal_tim.h Drivers/STM32F0xx_HAL_Driver/Inc/stm32f0xx_hal_tim_ex.h Drivers/STM32F0xx_HAL_Driver/Inc/stm32f0xx_hal_def.h Core/Inc/main.h Core/Inc/os.h Core/Inc/vardef.h Core/Inc/os.h | build
#  Implicit rule search has been done.
#  Implicit/static pattern stem: `startup_stm32f030x8'
#  Last modified 2022-06-06 21:40:25
#  File has been updated.
#  Successfully updated.
# variable set hash-table stats:
# Load=0/32=0%, Rehash=0, Collisions=0/0=0%
#  commands to execute (from `Makefile', line 164):
	$(CC) -c $(CFLAGS) -Wa,-a,-ad,-alms=$(BUILD_DIR)/$(notdir $(<:.c=.lst)) $< -o $@
	

# Not a target:
build/system_stm32f0xx.d:
#  A default, MAKEFILES, or -include/sinclude makefile.
#  Implicit rule search has been done.
#  Last modified 2022-06-06 21:40:25
#  File has been updated.
#  Successfully updated.
# variable set hash-table stats:
# Load=0/32=0%, Rehash=0, Collisions=0/0=0%

build/switch.o: Core/Src/switch.c Core/Inc/switch.h Core/Inc/main.h Drivers/STM32F0xx_HAL_Driver/Inc/stm32f0xx_hal.h Core/Inc/stm32f0xx_hal_conf.h Drivers/STM32F0xx_HAL_Driver/Inc/stm32f0xx_hal_rcc.h Drivers/STM32F0xx_HAL_Driver/Inc/stm32f0xx_hal_def.h Drivers/CMSIS/Device/ST/STM32F0xx/Include/stm32f0xx.h Drivers/CMSIS/Device/ST/STM32F0xx/Include/stm32f030x8.h Drivers/CMSIS/Include/core_cm0.h Drivers/CMSIS/Include/cmsis_version.h Drivers/CMSIS/Include/cmsis_compiler.h Drivers/CMSIS/Include/cmsis_gcc.h Drivers/CMSIS/Device/ST/STM32F0xx/Include/system_stm32f0xx.h Drivers/STM32F0xx_HAL_Driver/Inc/Legacy/stm32_hal_legacy.h Drivers/STM32F0xx_HAL_Driver/Inc/stm32f0xx_hal_rcc_ex.h Drivers/STM32F0xx_HAL_Driver/Inc/stm32f0xx_hal_gpio.h Drivers/STM32F0xx_HAL_Driver/Inc/stm32f0xx_hal_gpio_ex.h Drivers/STM32F0xx_HAL_Driver/Inc/stm32f0xx_hal_exti.h Drivers/STM32F0xx_HAL_Driver/Inc/stm32f0xx_hal_dma.h Drivers/STM32F0xx_HAL_Driver/Inc/stm32f0xx_hal_dma_ex.h Drivers/STM32F0xx_HAL_Driver/Inc/stm32f0xx_hal_cortex.h Drivers/STM32F0xx_HAL_Driver/Inc/stm32f0xx_hal_flash.h Drivers/STM32F0xx_HAL_Driver/Inc/stm32f0xx_hal_flash_ex.h Drivers/STM32F0xx_HAL_Driver/Inc/stm32f0xx_hal_i2c.h Drivers/STM32F0xx_HAL_Driver/Inc/stm32f0xx_hal_i2c_ex.h Drivers/STM32F0xx_HAL_Driver/Inc/stm32f0xx_hal_pwr.h Drivers/STM32F0xx_HAL_Driver/Inc/stm32f0xx_hal_pwr_ex.h Drivers/STM32F0xx_HAL_Driver/Inc/stm32f0xx_hal_tim.h Drivers/STM32F0xx_HAL_Driver/Inc/stm32f0xx_hal_tim_ex.h Core/Inc/os.h Core/Inc/vardef.h
#  Implicit rule search has not been done.
#  Modification time never checked.
#  File has not been updated.

# Not a target:
Core/Src/os.c:
#  Implicit rule search has been done.
#  Last modified 2022-06-06 21:40:25
#  File has been updated.
#  Successfully updated.
# variable set hash-table stats:
# Load=0/32=0%, Rehash=0, Collisions=0/0=0%

Drivers/STM32F0xx_HAL_Driver/Inc/stm32f0xx_hal_cortex.h:
#  Implicit rule search has been done.
#  Last modified 2022-06-06 21:40:25
#  File has been updated.
#  Successfully updated.
# variable set hash-table stats:
# Load=0/32=0%, Rehash=0, Collisions=0/0=0%

# Not a target:
build/os.d:
#  A default, MAKEFILES, or -include/sinclude makefile.
#  Implicit rule search has been done.
#  Last modified 2022-06-06 21:40:25
#  File has been updated.
#  Successfully updated.
# variable set hash-table stats:
# Load=0/32=0%, Rehash=0, Collisions=0/0=0%

build/stm32f0xx_it.o: Core/Src/stm32f0xx_it.c Makefile Core/Src/stm32f0xx_it.c Core/Inc/main.h Drivers/STM32F0xx_HAL_Driver/Inc/stm32f0xx_hal.h Core/Inc/stm32f0xx_hal_conf.h Drivers/STM32F0xx_HAL_Driver/Inc/stm32f0xx_hal_rcc.h Drivers/STM32F0xx_HAL_Driver/Inc/stm32f0xx_hal_def.h Drivers/CMSIS/Device/ST/STM32F0xx/Include/stm32f0xx.h Drivers/CMSIS/Device/ST/STM32F0xx/Include/stm32f030x8.h Drivers/CMSIS/Include/core_cm0.h Drivers/CMSIS/Include/cmsis_version.h Drivers/CMSIS/Include/cmsis_compiler.h Drivers/CMSIS/Include/cmsis_gcc.h Drivers/CMSIS/Device/ST/STM32F0xx/Include/system_stm32f0xx.h Drivers/STM32F0xx_HAL_Driver/Inc/Legacy/stm32_hal_legacy.h Drivers/STM32F0xx_HAL_Driver/Inc/stm32f0xx_hal_rcc_ex.h Drivers/STM32F0xx_HAL_Driver/Inc/stm32f0xx_hal_gpio.h Drivers/STM32F0xx_HAL_Driver/Inc/stm32f0xx_hal_gpio_ex.h Drivers/STM32F0xx_HAL_Driver/Inc/stm32f0xx_hal_exti.h Drivers/STM32F0xx_HAL_Driver/Inc/stm32f0xx_hal_dma.h Drivers/STM32F0xx_HAL_Driver/Inc/stm32f0xx_hal_dma_ex.h Drivers/STM32F0xx_HAL_Driver/Inc/stm32f0xx_hal_cortex.h Drivers/STM32F0xx_HAL_Driver/Inc/stm32f0xx_hal_flash.h Drivers/STM32F0xx_HAL_Driver/Inc/stm32f0xx_hal_flash_ex.h Drivers/STM32F0xx_HAL_Driver/Inc/stm32f0xx_hal_i2c.h Drivers/STM32F0xx_HAL_Driver/Inc/stm32f0xx_hal_i2c_ex.h Drivers/STM32F0xx_HAL_Driver/Inc/stm32f0xx_hal_pwr.h Drivers/STM32F0xx_HAL_Driver/Inc/stm32f0xx_hal_pwr_ex.h Drivers/STM32F0xx_HAL_Driver/Inc/stm32f0xx_hal_tim.h Drivers/STM32F0xx_HAL_Driver/Inc/stm32f0xx_hal_tim_ex.h Core/Inc/os.h Core/Inc/vardef.h Core/Inc/stm32f0xx_it.h | build
#  Implicit rule search has been done.
#  Implicit/static pattern stem: `stm32f0xx_it'
#  Last modified 2022-06-06 21:40:25
#  File has been updated.
#  Successfully updated.
# variable set hash-table stats:
# Load=0/32=0%, Rehash=0, Collisions=0/0=0%
#  commands to execute (from `Makefile', line 164):
	$(CC) -c $(CFLAGS) -Wa,-a,-ad,-alms=$(BUILD_DIR)/$(notdir $(<:.c=.lst)) $< -o $@
	

# Not a target:
build/stm32f0xx_hal_tim.d:
#  A default, MAKEFILES, or -include/sinclude makefile.
#  Implicit rule search has been done.
#  Last modified 2022-06-06 21:40:25
#  File has been updated.
#  Successfully updated.
# variable set hash-table stats:
# Load=0/32=0%, Rehash=0, Collisions=0/0=0%

# Not a target:
Drivers/STM32F0xx_HAL_Driver/Src/stm32f0xx_hal_pwr_ex.c:
#  Implicit rule search has been done.
#  Last modified 2022-06-06 21:40:25
#  File has been updated.
#  Successfully updated.
# variable set hash-table stats:
# Load=0/32=0%, Rehash=0, Collisions=0/0=0%

Core/Inc/stm32f0xx_hal_conf.h:
#  Implicit rule search has been done.
#  Last modified 2022-06-06 21:40:25
#  File has been updated.
#  Successfully updated.
# variable set hash-table stats:
# Load=0/32=0%, Rehash=0, Collisions=0/0=0%

Drivers/STM32F0xx_HAL_Driver/Inc/stm32f0xx_hal_flash_ex.h:
#  Implicit rule search has been done.
#  Last modified 2022-06-06 21:40:25
#  File has been updated.
#  Successfully updated.
# variable set hash-table stats:
# Load=0/32=0%, Rehash=0, Collisions=0/0=0%

Drivers/CMSIS/Device/ST/STM32F0xx/Include/stm32f0xx.h:
#  Implicit rule search has been done.
#  Last modified 2022-06-06 21:40:25
#  File has been updated.
#  Successfully updated.
# variable set hash-table stats:
# Load=0/32=0%, Rehash=0, Collisions=0/0=0%

# Not a target:
build/stm32f0xx_hal_i2c_ex.d:
#  A default, MAKEFILES, or -include/sinclude makefile.
#  Implicit rule search has been done.
#  Last modified 2022-06-06 21:40:25
 
#  File has been updated.
#  Successfully updated.
# variable set hash-table stats:
# Load=0/32=0%, Rehash=0, Collisions=0/0=0%

build/AllPrime_Refrigerator_Master.bin: build/AllPrime_Refrigerator_Master.elf | build
#  Implicit rule search has been done.
#  Implicit/static pattern stem: `AllPrime_Refrigerator_Master'
#  Last modified 2022-06-06 21:40:25
#  File has been updated.
#  Successfully updated.
# variable set hash-table stats:
# Load=0/32=0%, Rehash=0, Collisions=0/0=0%
#  commands to execute (from `Makefile', line 177):
	$(BIN) $< $@	
	

# files hash-table stats:
# Load=116/1024=11%, Rehash=0, Collisions=31/1889=2%
# VPATH Search Paths

vpath %.c Core/Src:Drivers/STM32F0xx_HAL_Driver/Src

# 1 `vpath' search paths.

# No general (`VPATH' variable) search path.

# # of strings in strcache: 25
# # of strcache buffers: 1
# strcache size: total = 4096 / max = 4096 / min = 4096 / avg = 4096
# strcache free: total = 3511 / max = 3511 / min = 3511 / avg = 3511

# Finished Make data base on Mon Jun  6 21:43:28 2022

 
